run_simulations line 546
run_simulations line 555
run_simulations line 613
run_simulations line 618 with 104 workers
Running instance of LookupBasedWakeSteeringController - LUT with wind seed 0
Running instance of LookupBasedWakeSteeringController - LUT with wind seed 1
Running instance of GreedyController - Greedy with wind seed 0
Running instance of GreedyController - Greedy with wind seed 1
Running instance of MPC - SLSQP with wind seed 0
Running instance of MPC - SLSQP with wind seed 1
Running instance of MPC - Sequential SLSQP with wind seed 0
Running instance of MPC - Sequential SLSQP with wind seed 1
Running instance of MPC - Sequential Refine with wind seed 0
Running instance of MPC - Sequential Refine with wind seed 1
Running instance of MPC - Perfect with wind seed 0
Running instance of MPC - Perfect with wind seed 1
Running instance of MPC - Persistent with wind seed 0
Running instance of MPC - Persistent with wind seed 1
Running instance of MPC - Stochastic with wind seed 0
Running instance of MPC - Stochastic with wind seed 1

Time = 0
Measured Freestream Wind Direction = 259.6951535312339
Measured Freestream Wind Magnitude = 8.944271909999163
Measured Turbine Wind Directions = [259.69515353 259.69515353 259.69515353 259.69515353 259.69515353
 259.69515353 259.69515353 259.69515353 259.69515353]
Measured Turbine Wind Magnitudes = [8.90347415 8.90347415 8.90347415 8.76953686 8.77035195 8.7705491
 8.75168882 8.74874854 8.74862318]
Measured Yaw Angles = [270. 270. 270. 270. 270. 270. 270. 270. 270.]
Measured Turbine Powers = [2387360.79774769 2387360.79774769 2387360.79774769 2289936.25948299
 2290519.07451124 2290660.05916446 2276950.05233734 2274803.75126907
 2274714.0429989 ]
Distance from Initial Yaw Angle Solution = nan
Distance from Initial Yaw Angle Change Solution = nan
Optimized Yaw Angles = [269.   269.   269.   268.25 268.25 268.   259.75 259.75 259.75]
Optimized Yaw Angle Changes = [ -1.    -1.    -1.    -1.75  -1.75  -2.   -10.25 -10.25 -10.25]
Convergence Time = 2.189630853012204

Time = 0
Measured Freestream Wind Direction = 257.31961650818016
Measured Freestream Wind Magnitude = 8.200000000000003
Measured Turbine Wind Directions = [257.31961651 257.31961651 257.31961651 257.31961651 257.31961651
 257.31961651 257.31961651 257.31961651 257.31961651]
Measured Turbine Wind Magnitudes = [8.16259711 8.16259711 8.16259711 8.14113638 8.141334   8.14138057
 8.14265809 8.1405798  8.14054967]
Measured Yaw Angles = [270. 270. 270. 270. 270. 270. 270. 270. 270.]
Measured Turbine Powers = [1806690.52815494 1806690.52815494 1806690.52815494 1790932.00358747
 1791076.57715254 1791110.64529931 1792045.4178632  1790523.44416604
 1790501.4031028 ]
Distance from Initial Yaw Angle Solution = nan
Distance from Initial Yaw Angle Change Solution = nan
Optimized Yaw Angles = [269.75 269.75 269.75 269.75 269.75 269.75 269.75 269.75 269.75]
Optimized Yaw Angle Changes = [-0.25 -0.25 -0.25 -0.25 -0.25 -0.25 -0.25 -0.25 -0.25]
Convergence Time = 2.1773536069958936

Time = 0
Measured Freestream Wind Direction = 257.31961650818016
Measured Freestream Wind Magnitude = 8.200000000000003
Measured Turbine Wind Directions = [257.31961651 257.31961651 257.31961651 257.31961651 257.31961651
 257.31961651 257.31961651 257.31961651 257.31961651]
Measured Turbine Wind Magnitudes = [8.16259711 8.16259711 8.16259711 8.14113638 8.141334   8.14138057
 8.14265809 8.1405798  8.14054967]
Measured Yaw Angles = [270. 270. 270. 270. 270. 270. 270. 270. 270.]
Measured Turbine Powers = [1806690.52815494 1806690.52815494 1806690.52815494 1790932.00358747
 1791076.57715254 1791110.64529931 1792045.4178632  1790523.44416604
 1790501.4031028 ]
Distance from Initial Yaw Angle Solution = nan
Distance from Initial Yaw Angle Change Solution = nan
Optimized Yaw Angles = [261.75 262.   261.75 261.25 261.25 261.25 257.25 257.25 257.25]
Optimized Yaw Angle Changes = [ -8.25  -8.    -8.25  -8.75  -8.75  -8.75 -12.75 -12.75 -12.75]
Convergence Time = 2.27418525700341

Time = 0
Measured Freestream Wind Direction = 259.6951535312339
Measured Freestream Wind Magnitude = 8.944271909999163
Measured Turbine Wind Directions = [259.69515353 259.69515353 259.69515353 259.69515353 259.69515353
 259.69515353 259.69515353 259.69515353 259.69515353]
Measured Turbine Wind Magnitudes = [8.90347415 8.90347415 8.90347415 8.76953686 8.77035195 8.7705491
 8.75168882 8.74874854 8.74862318]
Measured Yaw Angles = [270. 270. 270. 270. 270. 270. 270. 270. 270.]
Measured Turbine Powers = [2387360.79774769 2387360.79774769 2387360.79774769 2289936.25948299
 2290519.07451124 2290660.05916446 2276950.05233734 2274803.75126907
 2274714.0429989 ]
Distance from Initial Yaw Angle Solution = nan
Distance from Initial Yaw Angle Change Solution = nan
Optimized Yaw Angles = [269.75 269.75 269.75 269.75 269.75 269.75 269.75 269.75 269.75]
Optimized Yaw Angle Changes = [-0.25 -0.25 -0.25 -0.25 -0.25 -0.25 -0.25 -0.25 -0.25]
Convergence Time = 2.281414978991961

Time = 60
Measured Freestream Wind Direction = 265.87022799003773
Measured Freestream Wind Magnitude = 8.556031064691554
Measured Turbine Wind Directions = [265.87022799 265.87022799 265.87022799 265.87022799 265.87022799
 265.87022799 265.87022799 265.87022799 265.87022799]
Measured Turbine Wind Magnitudes = [8.5170042  8.5170042  8.5170042  7.02461712 7.02967944 7.0309812
 7.30652485 7.3120582  7.31185611]
Measured Yaw Angles = [276.02507446 276.02507446 276.02507446 276.02507446 276.02507446
 276.02507446 276.02507446 276.02507446 276.02507446]
Measured Turbine Powers = [2102949.50463939 2102949.50463939 2102949.50463939 1236557.43799137
 1238858.28124074 1239454.82696655 1347383.33696722 1350258.19610378
 1350148.40408572]
Distance from Initial Yaw Angle Solution = nan
Distance from Initial Yaw Angle Change Solution = nan
Optimized Yaw Angles = [251.75 251.75 251.75 251.75 251.75 251.75 251.75 251.75 251.75]
Optimized Yaw Angle Changes = [-24.27507446 -24.27507446 -24.27507446 -24.27507446 -24.27507446
 -24.27507446 -24.27507446 -24.27507446 -24.27507446]
Convergence Time = 1.8548865760094486

Time = 60
Measured Freestream Wind Direction = 261.47386630087004
Measured Freestream Wind Magnitude = 7.736793804348899
Measured Turbine Wind Directions = [261.4738663 261.4738663 261.4738663 261.4738663 261.4738663 261.4738663
 261.4738663 261.4738663 261.4738663]
Measured Turbine Wind Magnitudes = [7.70150375 7.70150375 7.70150375 7.46261777 7.46439334 7.47093934
 7.45392961 7.45647848 7.45633665]
Measured Yaw Angles = [274.00424979 274.00424979 274.00424979 274.00424979 274.00424979
 274.00424979 274.00424979 274.00424979 274.00424979]
Measured Turbine Powers = [1517121.86198831 1517121.86198831 1517121.86198831 1385264.2130847
 1386183.18459209 1389715.19709552 1380067.28822285 1381398.55971138
 1381325.09046982]
Distance from Initial Yaw Angle Solution = nan
Distance from Initial Yaw Angle Change Solution = nan
Optimized Yaw Angles = [269.5 269.5 269.5 269.5 269.5 269.5 269.5 269.5 269.5]
Optimized Yaw Angle Changes = [-4.50424979 -4.50424979 -4.50424979 -4.50424979 -4.50424979 -4.50424979
 -4.50424979 -4.50424979 -4.50424979]
Convergence Time = 1.7876654349965975

Time = 60
Measured Freestream Wind Direction = 261.47386630087004
Measured Freestream Wind Magnitude = 7.736793804348899
Measured Turbine Wind Directions = [261.4738663 261.4738663 261.4738663 261.4738663 261.4738663 261.4738663
 261.4738663 261.4738663 261.4738663]
Measured Turbine Wind Magnitudes = [7.70150375 7.70150375 7.70150375 7.46261777 7.46439334 7.47093934
 7.45392961 7.45647848 7.45633665]
Measured Yaw Angles = [274.00424979 274.00424979 274.00424979 274.00424979 274.00424979
 274.00424979 274.00424979 274.00424979 274.00424979]
Measured Turbine Powers = [1517121.86198831 1517121.86198831 1517121.86198831 1385264.2130847
 1386183.18459209 1389715.19709552 1380067.28822285 1381398.55971138
 1381325.09046982]
Distance from Initial Yaw Angle Solution = nan
Distance from Initial Yaw Angle Change Solution = nan
Optimized Yaw Angles = [261.75 261.75 261.75 261.25 261.25 261.25 257.25 257.25 257.25]
Optimized Yaw Angle Changes = [-12.25424979 -12.25424979 -12.25424979 -12.75424979 -12.75424979
 -12.75424979 -16.75424979 -16.75424979 -16.75424979]
Convergence Time = 1.8379194739973173

Time = 60
Measured Freestream Wind Direction = 265.87022799003773
Measured Freestream Wind Magnitude = 8.556031064691554
Measured Turbine Wind Directions = [265.87022799 265.87022799 265.87022799 265.87022799 265.87022799
 265.87022799 265.87022799 265.87022799 265.87022799]
Measured Turbine Wind Magnitudes = [8.5170042  8.5170042  8.5170042  7.02461712 7.02967944 7.0309812
 7.30652485 7.3120582  7.31185611]
Measured Yaw Angles = [276.02507446 276.02507446 276.02507446 276.02507446 276.02507446
 276.02507446 276.02507446 276.02507446 276.02507446]
Measured Turbine Powers = [2102949.50463939 2102949.50463939 2102949.50463939 1236557.43799137
 1238858.28124074 1239454.82696655 1347383.33696722 1350258.19610378
 1350148.40408572]
Distance from Initial Yaw Angle Solution = nan
Distance from Initial Yaw Angle Change Solution = nan
Optimized Yaw Angles = [269.5 269.5 269.5 269.5 269.5 269.5 269.5 269.5 269.5]
Optimized Yaw Angle Changes = [-6.52507446 -6.52507446 -6.52507446 -6.52507446 -6.52507446 -6.52507446
 -6.52507446 -6.52507446 -6.52507446]
Convergence Time = 1.8798081889981404

Time = 120
Measured Freestream Wind Direction = 257.9776751773351
Measured Freestream Wind Magnitude = 7.914754271041662
Measured Turbine Wind Directions = [257.97767518 257.97767518 257.97767518 257.97767518 257.97767518
 257.97767518 257.97767518 257.97767518 257.97767518]
Measured Turbine Wind Magnitudes = [7.87865248 7.87865248 7.87865248 7.78697487 7.7867529  7.78670386
 7.77069927 7.77016102 7.76768052]
Measured Yaw Angles = [260.95744719 260.95744719 260.95744719 260.20744719 260.20744719
 259.95744719 251.70744719 251.70744719 251.70744719]
Measured Turbine Powers = [1694323.80563818 1694323.80563818 1694323.80563818 1638735.40595053
 1638601.60326626 1639057.18815539 1613103.08347031 1612780.62729694
 1611294.9560327 ]
Distance from Initial Yaw Angle Solution = nan
Distance from Initial Yaw Angle Change Solution = nan
Optimized Yaw Angles = [269.75 269.75 269.75 269.75 269.5  269.5  260.25 260.25 260.25]
Optimized Yaw Angle Changes = [8.79255281 8.79255281 8.79255281 9.54255281 9.29255281 9.54255281
 8.54255281 8.54255281 8.54255281]
Convergence Time = 1.7871540999913123

Time = 120
Measured Freestream Wind Direction = 267.30191117524214
Measured Freestream Wind Magnitude = 7.187373683084884
Measured Turbine Wind Directions = [267.30191118 267.30191118 267.30191118 267.30191118 267.30191118
 267.30191118 267.30191118 267.30191118 267.30191118]
Measured Turbine Wind Magnitudes = [7.15458972 7.15458972 7.15458972 5.30682768 5.30986978 5.31067429
 5.63773806 5.64185971 5.64199943]
Measured Yaw Angles = [275.42804487 275.42804487 275.42804487 275.42804487 275.42804487
 275.42804487 275.42804487 275.42804487 275.42804487]
Measured Turbine Powers = [1249139.75229002 1249139.75229002 1249139.75229002  545265.00715755
  546235.60835557  546492.37932146  627543.60211384  628872.54735369
  628914.22527236]
Distance from Initial Yaw Angle Solution = nan
Distance from Initial Yaw Angle Change Solution = nan
Optimized Yaw Angles = [269.5 269.5 269.5 269.5 269.5 269.5 269.5 269.5 269.5]
Optimized Yaw Angle Changes = [-5.92804487 -5.92804487 -5.92804487 -5.92804487 -5.92804487 -5.92804487
 -5.92804487 -5.92804487 -5.92804487]
Convergence Time = 1.7317537260241807

Time = 120
Measured Freestream Wind Direction = 267.30191117524214
Measured Freestream Wind Magnitude = 7.187373683084884
Measured Turbine Wind Directions = [267.30191118 267.30191118 267.30191118 267.30191118 267.30191118
 267.30191118 267.30191118 267.30191118 267.30191118]
Measured Turbine Wind Magnitudes = [7.15458972 7.15458972 7.15458972 4.87318459 4.87437974 4.86964637
 5.144747   5.14432555 5.14189598]
Measured Yaw Angles = [267.57804487 267.67804487 267.57804487 267.07804487 267.07804487
 267.07804487 263.07804487 263.07804487 263.07804487]
Measured Turbine Powers = [1273170.02850786 1273146.269429   1273170.02850786  406729.16534294
  407187.07207158  405357.52424314  468038.81546424  467848.00064823
  467014.12756777]
Distance from Initial Yaw Angle Solution = nan
Distance from Initial Yaw Angle Change Solution = nan
Optimized Yaw Angles = [279.75 279.75 279.75 279.25 279.25 279.25 264.25 264.25 264.25]
Optimized Yaw Angle Changes = [12.17195513 12.07195513 12.17195513 12.17195513 12.17195513 12.17195513
  1.17195513  1.17195513  1.17195513]
Convergence Time = 1.8268893089843914

Time = 120
Measured Freestream Wind Direction = 257.9776751773351
Measured Freestream Wind Magnitude = 7.914754271041662
Measured Turbine Wind Directions = [257.97767518 257.97767518 257.97767518 257.97767518 257.97767518
 257.97767518 257.97767518 257.97767518 257.97767518]
Measured Turbine Wind Magnitudes = [7.87865248 7.87865248 7.87865248 7.79351    7.79338978 7.79336442
 7.78571752 7.7854984  7.78552259]
Measured Yaw Angles = [261.70744719 261.70744719 261.70744719 261.70744719 261.70744719
 261.70744719 261.70744719 261.70744719 261.70744719]
Measured Turbine Powers = [1691912.02915097 1691912.02915097 1691912.02915097 1638554.15736332
 1638481.6295602  1638466.32836795 1633829.53772165 1633697.47458338
 1633712.05584077]
Distance from Initial Yaw Angle Solution = nan
Distance from Initial Yaw Angle Change Solution = nan
Optimized Yaw Angles = [269.25 269.25 269.25 269.25 269.25 269.25 269.25 269.25 269.25]
Optimized Yaw Angle Changes = [7.54255281 7.54255281 7.54255281 7.54255281 7.54255281 7.54255281
 7.54255281 7.54255281 7.54255281]
Convergence Time = 1.7621444870019332

Time = 180
Measured Freestream Wind Direction = 262.92181862095816
Measured Freestream Wind Magnitude = 8.799170350641104
Measured Turbine Wind Directions = [262.92181862 262.92181862 262.92181862 262.92181862 262.92181862
 262.92181862 262.92181862 262.92181862 262.92181862]
Measured Turbine Wind Magnitudes = [8.75903445 8.75903445 8.75903445 7.33046113 7.32150974 7.31934008
 7.46115395 7.45237005 7.45304968]
Measured Yaw Angles = [256.84414344 256.84414344 256.84414344 256.84414344 256.84414344
 256.84414344 256.84414344 256.84414344 256.84414344]
Measured Turbine Powers = [2323711.82850936 2323711.82850936 2323711.82850936 1426344.75232599
 1421623.40843056 1420477.66202354 1462144.01636363 1457122.53008962
 1457527.09351351]
Distance from Initial Yaw Angle Solution = nan
Distance from Initial Yaw Angle Change Solution = nan
Optimized Yaw Angles = [281.25 281.   281.   278.75 278.5  278.5  263.25 263.25 263.25]
Optimized Yaw Angle Changes = [24.40585656 24.15585656 24.15585656 21.90585656 21.65585656 21.65585656
  6.40585656  6.40585656  6.40585656]
Convergence Time = 1.8206784550275188

Time = 180
Measured Freestream Wind Direction = 266.9608846578919
Measured Freestream Wind Magnitude = 7.201640097048181
Measured Turbine Wind Directions = [266.96088466 266.96088466 266.96088466 266.96088466 266.96088466
 266.96088466 266.96088466 266.96088466 266.96088466]
Measured Turbine Wind Magnitudes = [7.16879106 7.16879106 7.16879106 5.06748722 5.06545142 5.06495144
 5.35560241 5.35381809 5.35394922]
Measured Yaw Angles = [269.15897348 269.15897348 269.15897348 269.15897348 269.15897348
 269.15897348 269.15897348 269.15897348 269.15897348]
Measured Turbine Powers = [1279009.43302293 1279009.43302293 1279009.43302293  477083.78230515
  476364.04889578  476187.1664265   544442.89139071  543832.74134834
  543887.23776813]
Distance from Initial Yaw Angle Solution = nan
Distance from Initial Yaw Angle Change Solution = nan
Optimized Yaw Angles = [269.5 269.5 269.5 269.5 269.5 269.5 269.5 269.5 269.5]
Optimized Yaw Angle Changes = [0.34102652 0.34102652 0.34102652 0.34102652 0.34102652 0.34102652
 0.34102652 0.34102652 0.34102652]
Convergence Time = 1.8178745490149595

Time = 180
Measured Freestream Wind Direction = 262.92181862095816
Measured Freestream Wind Magnitude = 8.799170350641104
Measured Turbine Wind Directions = [262.92181862 262.92181862 262.92181862 262.92181862 262.92181862
 262.92181862 262.92181862 262.92181862 262.92181862]
Measured Turbine Wind Magnitudes = [8.75903445 8.75903445 8.75903445 8.2022722  8.20545512 8.20624528
 8.20920542 8.21288125 8.21254198]
Measured Yaw Angles = [274.29414344 274.29414344 274.29414344 274.29414344 274.29414344
 274.29414344 274.29414344 274.29414344 274.29414344]
Measured Turbine Powers = [2265878.47542078 2265878.47542078 2265878.47542078 1877321.90633672
 1879438.8020663  1879964.52502467 1874643.70079839 1877189.10303488
 1876953.89049649]
Distance from Initial Yaw Angle Solution = nan
Distance from Initial Yaw Angle Change Solution = nan
Optimized Yaw Angles = [269.25 269.25 269.25 269.25 269.25 269.25 269.25 269.25 269.25]
Optimized Yaw Angle Changes = [-5.04414344 -5.04414344 -5.04414344 -5.04414344 -5.04414344 -5.04414344
 -5.04414344 -5.04414344 -5.04414344]
Convergence Time = 1.7953946180059575

Time = 180
Measured Freestream Wind Direction = 266.9608846578919
Measured Freestream Wind Magnitude = 7.201640097048181
Measured Turbine Wind Directions = [266.96088466 266.96088466 266.96088466 266.96088466 266.96088466
 266.96088466 266.96088466 266.96088466 266.96088466]
Measured Turbine Wind Magnitudes = [7.16879106 7.16879106 7.16879106 4.80156473 4.79824204 4.79741909
 5.09639135 5.095627   5.09495512]
Measured Yaw Angles = [261.55897348 261.55897348 261.55897348 261.05897348 261.05897348
 261.05897348 257.05897348 257.05897348 257.05897348]
Measured Turbine Powers = [1270121.67560523 1270121.67560523 1270121.67560523  378883.28981776
  377807.01377771  377538.35912355  431413.23608319  430914.23381605
  430711.3725843 ]
Distance from Initial Yaw Angle Solution = nan
Distance from Initial Yaw Angle Change Solution = nan
Optimized Yaw Angles = [287.   286.75 286.25 285.75 285.5  285.5  267.25 267.25 267.25]
Optimized Yaw Angle Changes = [25.44102652 25.19102652 24.69102652 24.69102652 24.44102652 24.44102652
 10.19102652 10.19102652 10.19102652]
Convergence Time = 1.7418449010001495

Time = 240
Measured Freestream Wind Direction = 263.08608020784925
Measured Freestream Wind Magnitude = 7.809859740332244
Measured Turbine Wind Directions = [263.08608021 263.08608021 263.08608021 263.08608021 263.08608021
 263.08608021 263.08608021 263.08608021 263.08608021]
Measured Turbine Wind Magnitudes = [7.77423641 7.77423641 7.77423641 7.06673164 7.06804843 7.0683867
 7.09239682 7.08611429 7.08592891]
Measured Yaw Angles = [270.06426159 270.06426159 270.06426159 270.06426159 269.81426159
 269.81426159 260.56426159 260.56426159 260.56426159]
Measured Turbine Powers = [1609895.20134775 1609895.20134775 1609895.20134775 1235423.83359936
 1237240.77382156 1237395.74265837 1253459.85625827 1250316.87591882
 1250224.29422121]
Distance from Initial Yaw Angle Solution = nan
Distance from Initial Yaw Angle Change Solution = nan
Optimized Yaw Angles = [284.75 284.5  284.5  281.75 281.5  281.5  264.   264.   264.  ]
Optimized Yaw Angle Changes = [14.68573841 14.43573841 14.43573841 11.68573841 11.68573841 11.68573841
  3.43573841  3.43573841  3.43573841]
Convergence Time = 1.8399646999896504

Time = 240
Measured Freestream Wind Direction = 269.5339712623022
Measured Freestream Wind Magnitude = 7.402069446584705
Measured Turbine Wind Directions = [269.53397126 269.53397126 269.53397126 269.53397126 269.53397126
 269.53397126 269.53397126 269.53397126 269.53397126]
Measured Turbine Wind Magnitudes = [7.36830618 7.36830618 7.36830618 4.69072786 4.69007943 4.68991686
 4.94740578 4.94677337 4.94683137]
Measured Yaw Angles = [272.0730866 272.0730866 272.0730866 272.0730866 272.0730866 272.0730866
 272.0730866 272.0730866 272.0730866]
Measured Turbine Powers = [1388256.4432426  1388256.4432426  1388256.4432426   346928.88186593
  346739.80625899  346692.35441432  397134.87698352  396974.89903899
  396990.82043308]
Distance from Initial Yaw Angle Solution = nan
Distance from Initial Yaw Angle Change Solution = nan
Optimized Yaw Angles = [269.5 269.5 269.5 269.5 269.5 269.5 269.5 269.5 269.5]
Optimized Yaw Angle Changes = [-2.5730866 -2.5730866 -2.5730866 -2.5730866 -2.5730866 -2.5730866
 -2.5730866 -2.5730866 -2.5730866]
Convergence Time = 1.915803883020999

Time = 240
Measured Freestream Wind Direction = 263.08608020784925
Measured Freestream Wind Magnitude = 7.809859740332244
Measured Turbine Wind Directions = [263.08608021 263.08608021 263.08608021 263.08608021 263.08608021
 263.08608021 263.08608021 263.08608021 263.08608021]
Measured Turbine Wind Magnitudes = [7.77423641 7.77423641 7.77423641 7.03741223 7.03837093 7.03862195
 7.06606239 7.0673088  7.0672694 ]
Measured Yaw Angles = [269.41426159 269.41426159 269.41426159 269.41426159 269.41426159
 269.41426159 269.41426159 269.41426159 269.41426159]
Measured Turbine Powers = [1613876.35254829 1613876.35254829 1613876.35254829 1225010.55710627
 1225449.18519668 1225564.05534219 1228350.05951917 1228955.71409698
 1228936.45102388]
Distance from Initial Yaw Angle Solution = nan
Distance from Initial Yaw Angle Change Solution = nan
Optimized Yaw Angles = [269.25 269.25 269.25 269.25 269.25 269.25 269.25 269.25 269.25]
Optimized Yaw Angle Changes = [-0.16426159 -0.16426159 -0.16426159 -0.16426159 -0.16426159 -0.16426159
 -0.16426159 -0.16426159 -0.16426159]
Convergence Time = 1.7827464570000302

Time = 240
Measured Freestream Wind Direction = 269.5339712623022
Measured Freestream Wind Magnitude = 7.402069446584705
Measured Turbine Wind Directions = [269.53397126 269.53397126 269.53397126 269.53397126 269.53397126
 269.53397126 269.53397126 269.53397126 269.53397126]
Measured Turbine Wind Magnitudes = [7.36830618 7.36830618 7.36830618 5.16208986 5.16873954 5.17051597
 5.5439179  5.5530624  5.55328194]
Measured Yaw Angles = [282.4730866 282.4730866 282.4730866 281.9730866 281.9730866 281.9730866
 266.9730866 266.9730866 266.9730866]
Measured Turbine Powers = [1325271.33579758 1325271.33579758 1325271.33579758  468375.60823078
  470649.44722515  471256.87881724  601700.92791261  604731.78978794
  604809.20862493]
Distance from Initial Yaw Angle Solution = nan
Distance from Initial Yaw Angle Change Solution = nan
Optimized Yaw Angles = [291.75 291.5  291.   289.5  289.25 289.25 266.75 266.75 266.75]
Optimized Yaw Angle Changes = [ 9.2769134  9.0269134  8.5269134  7.5269134  7.2769134  7.2769134
 -0.2230866 -0.2230866 -0.2230866]
Convergence Time = 1.8745218670228496
capi_return is NULL
Call-back cb_slfunc_in_slsqp__user__routines failed.
capi_return is NULL
Call-back cb_slfunc_in_slsqp__user__routines failed.
capi_return is NULL
Call-back cb_slfunc_in_slsqp__user__routines failed.

Time = 0
Measured Freestream Wind Direction = 257.31961650818016
Measured Freestream Wind Magnitude = 8.200000000000003
Measured Turbine Wind Directions = [257.31961651 257.31961651 257.31961651 257.31961651 257.31961651
 257.31961651 257.31961651 257.31961651 257.31961651]
Measured Turbine Wind Magnitudes = [8.16259711 8.16259711 8.16259711 8.14113638 8.141334   8.14138057
 8.14265809 8.1405798  8.14054967]
Measured Yaw Angles = [270. 270. 270. 270. 270. 270. 270. 270. 270.]
Measured Turbine Powers = [1806690.52815494 1806690.52815494 1806690.52815494 1790932.00358747
 1791076.57715254 1791110.64529931 1792045.4178632  1790523.44416604
 1790501.4031028 ]
Distance from Initial Yaw Angle Solution = 43.09259555921155
Distance from Initial Yaw Angle Change Solution = 9.846181508254958
Optimized Yaw Angles = [273.25 273.25 273.25 273.25 273.25 273.   268.   268.   268.  ]
Optimized Yaw Angle Changes = [ 3.25  3.25  3.25  3.25  3.25  3.   -2.   -2.   -2.  ]
Convergence Time = 131.07770681197871

Time = 60
Measured Freestream Wind Direction = 261.47386630087004
Measured Freestream Wind Magnitude = 7.736793804348899
Measured Turbine Wind Directions = [261.4738663 261.4738663 261.4738663 261.4738663 261.4738663 261.4738663
 261.4738663 261.4738663 261.4738663]
Measured Turbine Wind Magnitudes = [7.70150375 7.70150375 7.70150375 7.4685727  7.47036311 7.47724378
 7.46016363 7.46272948 7.46258695]
Measured Yaw Angles = [274.30424979 274.30424979 274.30424979 274.30424979 274.30424979
 274.30424979 274.00424979 274.00424979 274.00424979]
Measured Turbine Powers = [1513817.83847071 1513817.83847071 1513817.83847071 1385312.35658617
 1386239.42995824 1389945.86927094 1383334.57249745 1384675.94520014
 1384602.06593656]
Distance from Initial Yaw Angle Solution = 40.372208225254
Distance from Initial Yaw Angle Change Solution = 13.260379302417943
Optimized Yaw Angles = [277.75 277.75 277.5  277.   277.   276.75 268.   268.   268.  ]
Optimized Yaw Angle Changes = [ 3.44575021  3.44575021  3.19575021  2.69575021  2.69575021  2.44575021
 -6.00424979 -6.00424979 -6.00424979]
Convergence Time = 92.480195525015
capi_return is NULL
Call-back cb_slfunc_in_slsqp__user__routines failed.
[Serial Refine] Processing pass=0, turbine_depth=0 (0.0%)
[Serial Refine] Processing pass=0, turbine_depth=1 (3.7%)
[Serial Refine] Processing pass=0, turbine_depth=0 (0.0%)
[Serial Refine] Processing pass=0, turbine_depth=2 (7.4%)
[Serial Refine] Processing pass=0, turbine_depth=1 (3.7%)
[Serial Refine] Processing pass=0, turbine_depth=3 (11.1%)
[Serial Refine] Processing pass=0, turbine_depth=2 (7.4%)
[Serial Refine] Processing pass=0, turbine_depth=4 (14.8%)
[Serial Refine] Processing pass=0, turbine_depth=3 (11.1%)
[Serial Refine] Processing pass=0, turbine_depth=5 (18.5%)
[Serial Refine] Processing pass=0, turbine_depth=4 (14.8%)
[Serial Refine] Processing pass=0, turbine_depth=6 (22.2%)
[Serial Refine] Processing pass=0, turbine_depth=5 (18.5%)
[Serial Refine] Processing pass=0, turbine_depth=7 (25.9%)
[Serial Refine] Processing pass=0, turbine_depth=6 (22.2%)
[Serial Refine] Processing pass=0, turbine_depth=8 (29.6%)
[Serial Refine] Processing pass=1, turbine_depth=0 (33.3%)
[Serial Refine] Processing pass=0, turbine_depth=7 (25.9%)
[Serial Refine] Processing pass=1, turbine_depth=1 (37.0%)
[Serial Refine] Processing pass=0, turbine_depth=8 (29.6%)
[Serial Refine] Processing pass=1, turbine_depth=2 (40.7%)
[Serial Refine] Processing pass=1, turbine_depth=0 (33.3%)
[Serial Refine] Processing pass=1, turbine_depth=3 (44.4%)
[Serial Refine] Processing pass=1, turbine_depth=1 (37.0%)
[Serial Refine] Processing pass=1, turbine_depth=4 (48.1%)
[Serial Refine] Processing pass=1, turbine_depth=2 (40.7%)
[Serial Refine] Processing pass=1, turbine_depth=5 (51.9%)
[Serial Refine] Processing pass=1, turbine_depth=3 (44.4%)
[Serial Refine] Processing pass=1, turbine_depth=6 (55.6%)
[Serial Refine] Processing pass=1, turbine_depth=4 (48.1%)
[Serial Refine] Processing pass=1, turbine_depth=7 (59.3%)
[Serial Refine] Processing pass=1, turbine_depth=5 (51.9%)
[Serial Refine] Processing pass=1, turbine_depth=8 (63.0%)
[Serial Refine] Processing pass=1, turbine_depth=6 (55.6%)
[Serial Refine] Processing pass=2, turbine_depth=0 (66.7%)
[Serial Refine] Processing pass=1, turbine_depth=7 (59.3%)
[Serial Refine] Processing pass=2, turbine_depth=1 (70.4%)
[Serial Refine] Processing pass=2, turbine_depth=2 (74.1%)
[Serial Refine] Processing pass=1, turbine_depth=8 (63.0%)
[Serial Refine] Processing pass=2, turbine_depth=3 (77.8%)
[Serial Refine] Processing pass=2, turbine_depth=0 (66.7%)
[Serial Refine] Processing pass=2, turbine_depth=4 (81.5%)
[Serial Refine] Processing pass=2, turbine_depth=1 (70.4%)
[Serial Refine] Processing pass=2, turbine_depth=5 (85.2%)
[Serial Refine] Processing pass=2, turbine_depth=2 (74.1%)
[Serial Refine] Processing pass=2, turbine_depth=6 (88.9%)
[Serial Refine] Processing pass=2, turbine_depth=3 (77.8%)
[Serial Refine] Processing pass=2, turbine_depth=7 (92.6%)
[Serial Refine] Processing pass=2, turbine_depth=4 (81.5%)
[Serial Refine] Processing pass=2, turbine_depth=8 (96.3%)
[Serial Refine] Processing pass=2, turbine_depth=5 (85.2%)
[Serial Refine] Processing pass=2, turbine_depth=6 (88.9%)

Time = 0
Measured Freestream Wind Direction = 257.31961650818016
Measured Freestream Wind Magnitude = 8.200000000000003
Measured Turbine Wind Directions = [257.31961651 257.31961651 257.31961651 257.31961651 257.31961651
 257.31961651 257.31961651 257.31961651 257.31961651]
Measured Turbine Wind Magnitudes = [8.16259711 8.16259711 8.16259711 8.14113638 8.141334   8.14138057
 8.14265809 8.1405798  8.14054967]
Measured Yaw Angles = [270. 270. 270. 270. 270. 270. 270. 270. 270.]
Measured Turbine Powers = [1806690.52815494 1806690.52815494 1806690.52815494 1790932.00358747
 1791076.57715254 1791110.64529931 1792045.4178632  1790523.44416604
 1790501.4031028 ]
Distance from Initial Yaw Angle Solution = 18.76135737322458
Distance from Initial Yaw Angle Change Solution = 26.901252514973997
Optimized Yaw Angles = [260.   266.5  257.25 260.   271.   257.25 260.   265.   257.25]
Optimized Yaw Angle Changes = [-10.    -3.5  -12.75 -10.     1.   -12.75 -10.    -5.   -12.75]
Convergence Time = 381.15119921800215
[Serial Refine] Processing pass=2, turbine_depth=7 (92.6%)
[Serial Refine] Processing pass=2, turbine_depth=8 (96.3%)

Time = 0
Measured Freestream Wind Direction = 259.6951535312339
Measured Freestream Wind Magnitude = 8.944271909999163
Measured Turbine Wind Directions = [259.69515353 259.69515353 259.69515353 259.69515353 259.69515353
 259.69515353 259.69515353 259.69515353 259.69515353]
Measured Turbine Wind Magnitudes = [8.90347415 8.90347415 8.90347415 8.76953686 8.77035195 8.7705491
 8.75168882 8.74874854 8.74862318]
Measured Yaw Angles = [270. 270. 270. 270. 270. 270. 270. 270. 270.]
Measured Turbine Powers = [2387360.79774769 2387360.79774769 2387360.79774769 2289936.25948299
 2290519.07451124 2290660.05916446 2276950.05233734 2274803.75126907
 2274714.0429989 ]
Distance from Initial Yaw Angle Solution = 22.487388494003383
Distance from Initial Yaw Angle Change Solution = 20.82550696321579
Optimized Yaw Angles = [262.5  271.75 259.75 268.   275.25 259.75 262.5  265.5  259.75]
Optimized Yaw Angle Changes = [ -7.5    1.75 -10.25  -2.     5.25 -10.25  -7.5   -4.5  -10.25]
Convergence Time = 386.4040925290028

Time = 0
Measured Freestream Wind Direction = 257.31961650818016
Measured Freestream Wind Magnitude = 8.200000000000003
Measured Turbine Wind Directions = [257.31961651 257.31961651 257.31961651 257.31961651 257.31961651
 257.31961651 257.31961651 257.31961651 257.31961651]
Measured Turbine Wind Magnitudes = [8.16259711 8.16259711 8.16259711 8.14113638 8.141334   8.14138057
 8.14265809 8.1405798  8.14054967]
Measured Yaw Angles = [270. 270. 270. 270. 270. 270. 270. 270. 270.]
Measured Turbine Powers = [1806690.52815494 1806690.52815494 1806690.52815494 1790932.00358747
 1791076.57715254 1791110.64529931 1792045.4178632  1790523.44416604
 1790501.4031028 ]
Distance from Initial Yaw Angle Solution = 33.0462138308356
Distance from Initial Yaw Angle Change Solution = 9.924035586523607
Optimized Yaw Angles = [267.75 270.   274.   269.75 269.25 264.75 264.75 266.75 264.25]
Optimized Yaw Angle Changes = [-2.25  0.    4.   -0.25 -0.75 -5.25 -5.25 -3.25 -5.75]
Convergence Time = 390.6233089559828

Time = 0
Measured Freestream Wind Direction = 259.6951535312339
Measured Freestream Wind Magnitude = 8.944271909999163
Measured Turbine Wind Directions = [259.69515353 259.69515353 259.69515353 259.69515353 259.69515353
 259.69515353 259.69515353 259.69515353 259.69515353]
Measured Turbine Wind Magnitudes = [8.90347415 8.90347415 8.90347415 8.76953686 8.77035195 8.7705491
 8.75168882 8.74874854 8.74862318]
Measured Yaw Angles = [270. 270. 270. 270. 270. 270. 270. 270. 270.]
Measured Turbine Powers = [2387360.79774769 2387360.79774769 2387360.79774769 2289936.25948299
 2290519.07451124 2290660.05916446 2276950.05233734 2274803.75126907
 2274714.0429989 ]
Distance from Initial Yaw Angle Solution = 36.96111349066336
Distance from Initial Yaw Angle Change Solution = 10.334200485493012
Optimized Yaw Angles = [276.   272.75 272.25 272.25 275.   269.75 267.5  269.5  270.75]
Optimized Yaw Angle Changes = [ 6.    2.75  2.25  2.25  5.   -0.25 -2.5  -0.5   0.75]
Convergence Time = 395.8119410049985

Time = 0
Measured Freestream Wind Direction = 259.6951535312339
Measured Freestream Wind Magnitude = 8.944271909999163
Measured Turbine Wind Directions = [259.69515353 259.69515353 259.69515353 259.69515353 259.69515353
 259.69515353 259.69515353 259.69515353 259.69515353]
Measured Turbine Wind Magnitudes = [8.90347415 8.90347415 8.90347415 8.76953686 8.77035195 8.7705491
 8.75168882 8.74874854 8.74862318]
Measured Yaw Angles = [270. 270. 270. 270. 270. 270. 270. 270. 270.]
Measured Turbine Powers = [2387360.79774769 2387360.79774769 2387360.79774769 2289936.25948299
 2290519.07451124 2290660.05916446 2276950.05233734 2274803.75126907
 2274714.0429989 ]
Distance from Initial Yaw Angle Solution = 28.73510402283779
Distance from Initial Yaw Angle Change Solution = 5.353956931675047
Optimized Yaw Angles = [272.   268.   269.75 268.   272.   269.   266.75 267.5  269.  ]
Optimized Yaw Angle Changes = [ 2.   -2.   -0.25 -2.    2.   -1.   -3.25 -2.5  -1.  ]
Convergence Time = 401.95006528901285

Time = 0
Measured Freestream Wind Direction = 257.31961650818016
Measured Freestream Wind Magnitude = 8.200000000000003
Measured Turbine Wind Directions = [257.31961651 257.31961651 257.31961651 257.31961651 257.31961651
 257.31961651 257.31961651 257.31961651 257.31961651]
Measured Turbine Wind Magnitudes = [8.16259711 8.16259711 8.16259711 8.14113638 8.141334   8.14138057
 8.14265809 8.1405798  8.14054967]
Measured Yaw Angles = [270. 270. 270. 270. 270. 270. 270. 270. 270.]
Measured Turbine Powers = [1806690.52815494 1806690.52815494 1806690.52815494 1790932.00358747
 1791076.57715254 1791110.64529931 1792045.4178632  1790523.44416604
 1790501.4031028 ]
Distance from Initial Yaw Angle Solution = 33.19841185213878
Distance from Initial Yaw Angle Change Solution = 6.059148192597719
Optimized Yaw Angles = [268.75 269.5  271.   269.   269.75 267.   265.   267.25 267.  ]
Optimized Yaw Angle Changes = [-1.25 -0.5   1.   -1.   -0.25 -3.   -5.   -2.75 -3.  ]
Convergence Time = 411.13343063698267

Time = 0
Measured Freestream Wind Direction = 257.31961650818016
Measured Freestream Wind Magnitude = 8.200000000000003
Measured Turbine Wind Directions = [257.31961651 257.31961651 257.31961651 257.31961651 257.31961651
 257.31961651 257.31961651 257.31961651 257.31961651]
Measured Turbine Wind Magnitudes = [8.16259711 8.16259711 8.16259711 8.14113638 8.141334   8.14138057
 8.14265809 8.1405798  8.14054967]
Measured Yaw Angles = [270. 270. 270. 270. 270. 270. 270. 270. 270.]
Measured Turbine Powers = [1806690.52815494 1806690.52815494 1806690.52815494 1790932.00358747
 1791076.57715254 1791110.64529931 1792045.4178632  1790523.44416604
 1790501.4031028 ]
Distance from Initial Yaw Angle Solution = 34.97787648145577
Distance from Initial Yaw Angle Change Solution = 2.886450881130586
Optimized Yaw Angles = [268.75 269.   270.25 269.5  270.25 269.   267.5  268.   268.25]
Optimized Yaw Angle Changes = [-1.25 -1.    0.25 -0.5   0.25 -1.   -2.5  -2.   -1.75]
Convergence Time = 439.60352817198145

Time = 0
Measured Freestream Wind Direction = 259.6951535312339
Measured Freestream Wind Magnitude = 8.944271909999163
Measured Turbine Wind Directions = [259.69515353 259.69515353 259.69515353 259.69515353 259.69515353
 259.69515353 259.69515353 259.69515353 259.69515353]
Measured Turbine Wind Magnitudes = [8.90347415 8.90347415 8.90347415 8.76953686 8.77035195 8.7705491
 8.75168882 8.74874854 8.74862318]
Measured Yaw Angles = [270. 270. 270. 270. 270. 270. 270. 270. 270.]
Measured Turbine Powers = [2387360.79774769 2387360.79774769 2387360.79774769 2289936.25948299
 2290519.07451124 2290660.05916446 2276950.05233734 2274803.75126907
 2274714.0429989 ]
Distance from Initial Yaw Angle Solution = 25.07776606066824
Distance from Initial Yaw Angle Change Solution = 5.600560657759872
Optimized Yaw Angles = [269.   268.75 269.5  268.75 268.   268.5  266.25 266.75 266.25]
Optimized Yaw Angle Changes = [-1.   -1.25 -0.5  -1.25 -2.   -1.5  -3.75 -3.25 -3.75]
Convergence Time = 484.81486837301054
[Serial Refine] Processing pass=0, turbine_depth=0 (0.0%)
[Serial Refine] Processing pass=0, turbine_depth=1 (3.7%)
[Serial Refine] Processing pass=0, turbine_depth=2 (7.4%)
[Serial Refine] Processing pass=0, turbine_depth=3 (11.1%)
[Serial Refine] Processing pass=0, turbine_depth=4 (14.8%)
[Serial Refine] Processing pass=0, turbine_depth=5 (18.5%)
[Serial Refine] Processing pass=0, turbine_depth=6 (22.2%)
[Serial Refine] Processing pass=0, turbine_depth=7 (25.9%)
[Serial Refine] Processing pass=0, turbine_depth=8 (29.6%)
[Serial Refine] Processing pass=0, turbine_depth=0 (0.0%)
[Serial Refine] Processing pass=1, turbine_depth=0 (33.3%)
[Serial Refine] Processing pass=0, turbine_depth=1 (3.7%)
[Serial Refine] Processing pass=1, turbine_depth=1 (37.0%)
[Serial Refine] Processing pass=0, turbine_depth=2 (7.4%)
[Serial Refine] Processing pass=1, turbine_depth=2 (40.7%)
[Serial Refine] Processing pass=0, turbine_depth=3 (11.1%)
[Serial Refine] Processing pass=1, turbine_depth=3 (44.4%)
[Serial Refine] Processing pass=1, turbine_depth=4 (48.1%)
[Serial Refine] Processing pass=0, turbine_depth=4 (14.8%)
[Serial Refine] Processing pass=1, turbine_depth=5 (51.9%)
[Serial Refine] Processing pass=0, turbine_depth=5 (18.5%)
[Serial Refine] Processing pass=1, turbine_depth=6 (55.6%)
[Serial Refine] Processing pass=0, turbine_depth=6 (22.2%)
[Serial Refine] Processing pass=1, turbine_depth=7 (59.3%)
[Serial Refine] Processing pass=0, turbine_depth=7 (25.9%)
[Serial Refine] Processing pass=1, turbine_depth=8 (63.0%)
[Serial Refine] Processing pass=0, turbine_depth=8 (29.6%)
[Serial Refine] Processing pass=2, turbine_depth=0 (66.7%)
[Serial Refine] Processing pass=1, turbine_depth=0 (33.3%)
[Serial Refine] Processing pass=2, turbine_depth=1 (70.4%)
[Serial Refine] Processing pass=1, turbine_depth=1 (37.0%)
[Serial Refine] Processing pass=2, turbine_depth=2 (74.1%)
[Serial Refine] Processing pass=2, turbine_depth=3 (77.8%)
[Serial Refine] Processing pass=1, turbine_depth=2 (40.7%)
[Serial Refine] Processing pass=2, turbine_depth=4 (81.5%)
[Serial Refine] Processing pass=1, turbine_depth=3 (44.4%)
[Serial Refine] Processing pass=2, turbine_depth=5 (85.2%)
[Serial Refine] Processing pass=1, turbine_depth=4 (48.1%)
[Serial Refine] Processing pass=2, turbine_depth=6 (88.9%)
[Serial Refine] Processing pass=1, turbine_depth=5 (51.9%)
[Serial Refine] Processing pass=2, turbine_depth=7 (92.6%)
[Serial Refine] Processing pass=1, turbine_depth=6 (55.6%)
[Serial Refine] Processing pass=2, turbine_depth=8 (96.3%)
[Serial Refine] Processing pass=1, turbine_depth=7 (59.3%)
[Serial Refine] Processing pass=1, turbine_depth=8 (63.0%)

Time = 60
Measured Freestream Wind Direction = 261.47386630087004
Measured Freestream Wind Magnitude = 7.736793804348899
Measured Turbine Wind Directions = [261.4738663 261.4738663 261.4738663 261.4738663 261.4738663 261.4738663
 261.4738663 261.4738663 261.4738663]
Measured Turbine Wind Magnitudes = [7.70150375 7.70150375 7.70150375 7.46261777 7.46439334 7.47093934
 7.45392961 7.4617238  7.45639163]
Measured Yaw Angles = [274.00424979 274.00424979 274.00424979 274.00424979 274.30424979
 274.00424979 274.00424979 274.00424979 274.00424979]
Measured Turbine Powers = [1517121.86198831 1517121.86198831 1517121.86198831 1385264.2130847
 1383140.99056751 1389715.19709552 1380067.28822285 1384147.36510896
 1381353.80464933]
Distance from Initial Yaw Angle Solution = 17.08846415911195
Distance from Initial Yaw Angle Change Solution = 27.889430452042077
Optimized Yaw Angles = [267.25 269.75 266.   266.5  272.75 264.5  261.5  263.25 259.25]
Optimized Yaw Angle Changes = [ -6.75424979  -4.25424979  -8.00424979  -7.50424979  -1.55424979
  -9.50424979 -12.50424979 -10.75424979 -14.75424979]
Convergence Time = 325.70455108600436
[Serial Refine] Processing pass=2, turbine_depth=0 (66.7%)
[Serial Refine] Processing pass=2, turbine_depth=1 (70.4%)
[Serial Refine] Processing pass=2, turbine_depth=2 (74.1%)
[Serial Refine] Processing pass=2, turbine_depth=3 (77.8%)
[Serial Refine] Processing pass=2, turbine_depth=4 (81.5%)
[Serial Refine] Processing pass=2, turbine_depth=5 (85.2%)
[Serial Refine] Processing pass=2, turbine_depth=6 (88.9%)

Time = 60
Measured Freestream Wind Direction = 261.47386630087004
Measured Freestream Wind Magnitude = 7.736793804348899
Measured Turbine Wind Directions = [261.4738663 261.4738663 261.4738663 261.4738663 261.4738663 261.4738663
 261.4738663 261.4738663 261.4738663]
Measured Turbine Wind Magnitudes = [7.70150375 7.70150375 7.70150375 7.46261777 7.46736338 7.47719448
 7.45395629 7.45695959 7.45725774]
Measured Yaw Angles = [274.00424979 274.15424979 274.30424979 274.00424979 274.00424979
 274.00424979 274.00424979 274.00424979 274.00424979]
Measured Turbine Powers = [1517121.86198831 1515479.642892   1513817.83847071 1385264.2130847
 1387725.41474929 1392967.47442925 1380081.22250692 1381651.33358877
 1381809.18894144]
Distance from Initial Yaw Angle Solution = 23.934074522099383
Distance from Initial Yaw Angle Change Solution = 21.827336686060736
Optimized Yaw Angles = [269.   270.5  275.5  271.   271.5  267.75 260.75 263.75 262.75]
Optimized Yaw Angle Changes = [ -5.00424979  -3.65424979   1.19575021  -3.00424979  -2.50424979
  -6.25424979 -13.25424979 -10.25424979 -11.25424979]
Convergence Time = 327.63992081201286
[Serial Refine] Processing pass=2, turbine_depth=7 (92.6%)
[Serial Refine] Processing pass=2, turbine_depth=8 (96.3%)

Time = 60
Measured Freestream Wind Direction = 265.87022799003773
Measured Freestream Wind Magnitude = 8.556031064691554
Measured Turbine Wind Directions = [265.87022799 265.87022799 265.87022799 265.87022799 265.87022799
 265.87022799 265.87022799 265.87022799 265.87022799]
Measured Turbine Wind Magnitudes = [8.5170042  8.5170042  8.5170042  7.02461712 7.05073448 7.03125039
 7.30661695 7.33077925 7.31214496]
Measured Yaw Angles = [276.02507446 276.32507446 276.02507446 276.02507446 276.32507446
 276.02507446 276.02507446 276.02507446 276.02507446]
Measured Turbine Powers = [2102949.50463939 2099185.6400715  2102949.50463939 1236557.43799137
 1246455.15444233 1239579.96127734 1347431.49779106 1360059.8298393
 1350298.46183743]
Distance from Initial Yaw Angle Solution = 20.599281153468798
Distance from Initial Yaw Angle Change Solution = 48.190213794714786
Optimized Yaw Angles = [256.75 262.5  255.   259.75 267.75 253.5  263.75 266.   262.25]
Optimized Yaw Angle Changes = [-19.27507446 -13.82507446 -21.02507446 -16.27507446  -8.57507446
 -22.52507446 -12.27507446 -10.02507446 -13.77507446]
Convergence Time = 336.18808605201775

Time = 60
Measured Freestream Wind Direction = 265.87022799003773
Measured Freestream Wind Magnitude = 8.556031064691554
Measured Turbine Wind Directions = [265.87022799 265.87022799 265.87022799 265.87022799 265.87022799
 265.87022799 265.87022799 265.87022799 265.87022799]
Measured Turbine Wind Magnitudes = [8.5170042  8.5170042  8.5170042  7.04570669 7.05100192 7.05236209
 7.32542276 7.33115615 7.31824703]
Measured Yaw Angles = [276.32507446 276.32507446 276.32507446 276.32507446 276.32507446
 276.02507446 276.02507446 276.02507446 276.32507446]
Measured Turbine Powers = [2099185.6400715  2099185.6400715  2099185.6400715  1244121.84900741
 1246579.23845346 1249472.56741136 1357279.72836802 1360255.72468165
 1351038.31940694]
Distance from Initial Yaw Angle Solution = 22.593042648276153
Distance from Initial Yaw Angle Change Solution = 15.820351396197214
Optimized Yaw Angles = [276.   274.25 276.75 275.25 275.   271.5  265.   269.   268.25]
Optimized Yaw Angle Changes = [ -0.32507446  -2.07507446   0.42492554  -1.07507446  -1.32507446
  -4.52507446 -11.02507446  -7.02507446  -8.07507446]
Convergence Time = 336.77320871601114

Time = 60
Measured Freestream Wind Direction = 265.87022799003773
Measured Freestream Wind Magnitude = 8.556031064691554
Measured Turbine Wind Directions = [265.87022799 265.87022799 265.87022799 265.87022799 265.87022799
 265.87022799 265.87022799 265.87022799 265.87022799]
Measured Turbine Wind Magnitudes = [8.5170042  8.5170042  8.5170042  7.04570669 7.02994873 7.03104912
 7.3125811  7.32488394 7.31204681]
Measured Yaw Angles = [276.32507446 276.02507446 276.02507446 276.02507446 276.32507446
 276.02507446 276.02507446 276.02507446 276.02507446]
Measured Turbine Powers = [2099185.6400715  2102949.50463939 2102949.50463939 1246381.92946484
 1236775.95837253 1239486.4176458  1350538.58033453 1356989.93188513
 1350247.78273718]
Distance from Initial Yaw Angle Solution = 15.084445159933844
Distance from Initial Yaw Angle Change Solution = 17.1424398957463
Optimized Yaw Angles = [273.75 269.5  272.75 270.5  269.75 271.   266.75 269.75 271.  ]
Optimized Yaw Angle Changes = [-2.57507446 -6.52507446 -3.27507446 -5.52507446 -6.57507446 -5.02507446
 -9.27507446 -6.27507446 -5.02507446]
Convergence Time = 333.2168090179912

Time = 60
Measured Freestream Wind Direction = 261.47386630087004
Measured Freestream Wind Magnitude = 7.736793804348899
Measured Turbine Wind Directions = [261.4738663 261.4738663 261.4738663 261.4738663 261.4738663 261.4738663
 261.4738663 261.4738663 261.4738663]
Measured Turbine Wind Magnitudes = [7.70150375 7.70150375 7.70150375 7.46261777 7.46439334 7.47716111
 7.45393998 7.45651065 7.45723585]
Measured Yaw Angles = [274.00424979 274.00424979 274.30424979 274.00424979 274.00424979
 274.00424979 274.00424979 274.00424979 274.00424979]
Measured Turbine Powers = [1517121.86198831 1517121.86198831 1513817.83847071 1385264.2130847
 1386183.18459209 1392950.14096975 1380072.70156911 1381415.36957386
 1381797.7524362 ]
Distance from Initial Yaw Angle Solution = 28.68521407519595
Distance from Initial Yaw Angle Change Solution = 12.764643430703673
Optimized Yaw Angles = [272.25 272.25 273.75 273.   271.   273.   266.75 265.5  267.75]
Optimized Yaw Angle Changes = [-1.75424979 -1.75424979 -0.55424979 -1.00424979 -3.00424979 -1.00424979
 -7.25424979 -8.50424979 -6.25424979]
Convergence Time = 326.3118287679972

Time = 60
Measured Freestream Wind Direction = 261.47386630087004
Measured Freestream Wind Magnitude = 7.736793804348899
Measured Turbine Wind Directions = [261.4738663 261.4738663 261.4738663 261.4738663 261.4738663 261.4738663
 261.4738663 261.4738663 261.4738663]
Measured Turbine Wind Magnitudes = [7.70150375 7.70150375 7.70150375 7.46261777 7.46439334 7.47716111
 7.45393998 7.46175523 7.45729064]
Measured Yaw Angles = [274.00424979 274.00424979 274.30424979 274.00424979 274.30424979
 274.00424979 274.00424979 274.00424979 274.00424979]
Measured Turbine Powers = [1517121.86198831 1517121.86198831 1513817.83847071 1385264.2130847
 1383140.99056751 1392950.14096975 1380072.70156911 1384163.79595502
 1381826.37398228]
Distance from Initial Yaw Angle Solution = 27.504256715924452
Distance from Initial Yaw Angle Change Solution = 13.151538599961174
Optimized Yaw Angles = [270.25 271.5  272.25 272.25 273.25 272.5  265.25 266.25 268.5 ]
Optimized Yaw Angle Changes = [-3.75424979 -2.50424979 -2.05424979 -1.75424979 -1.05424979 -1.50424979
 -8.75424979 -7.75424979 -5.50424979]
Convergence Time = 375.6275942309876

Time = 60
Measured Freestream Wind Direction = 265.87022799003773
Measured Freestream Wind Magnitude = 8.556031064691554
Measured Turbine Wind Directions = [265.87022799 265.87022799 265.87022799 265.87022799 265.87022799
 265.87022799 265.87022799 265.87022799 265.87022799]
Measured Turbine Wind Magnitudes = [8.5170042  8.5170042  8.5170042  7.02461712 7.02967944 7.0309812
 7.30652485 7.3120582  7.31185611]
Measured Yaw Angles = [276.02507446 276.02507446 276.02507446 276.02507446 276.02507446
 276.02507446 276.02507446 276.02507446 276.02507446]
Measured Turbine Powers = [2102949.50463939 2102949.50463939 2102949.50463939 1236557.43799137
 1238858.28124074 1239454.82696655 1347383.33696722 1350258.19610378
 1350148.40408572]
Distance from Initial Yaw Angle Solution = 8.658787754908932
Distance from Initial Yaw Angle Change Solution = 23.305121964710658
Optimized Yaw Angles = [270.   270.   269.75 269.5  265.5  268.5  266.75 267.75 267.  ]
Optimized Yaw Angle Changes = [ -6.02507446  -6.02507446  -6.27507446  -6.52507446 -10.52507446
  -7.52507446  -9.27507446  -8.27507446  -9.02507446]
Convergence Time = 410.8546592000057
[Serial Refine] Processing pass=0, turbine_depth=0 (0.0%)
[Serial Refine] Processing pass=0, turbine_depth=1 (3.7%)
[Serial Refine] Processing pass=0, turbine_depth=2 (7.4%)
[Serial Refine] Processing pass=0, turbine_depth=3 (11.1%)
[Serial Refine] Processing pass=0, turbine_depth=4 (14.8%)
[Serial Refine] Processing pass=0, turbine_depth=5 (18.5%)
[Serial Refine] Processing pass=0, turbine_depth=6 (22.2%)
[Serial Refine] Processing pass=0, turbine_depth=7 (25.9%)
[Serial Refine] Processing pass=0, turbine_depth=8 (29.6%)
[Serial Refine] Processing pass=1, turbine_depth=0 (33.3%)
[Serial Refine] Processing pass=1, turbine_depth=1 (37.0%)
[Serial Refine] Processing pass=1, turbine_depth=2 (40.7%)
[Serial Refine] Processing pass=1, turbine_depth=3 (44.4%)
[Serial Refine] Processing pass=1, turbine_depth=4 (48.1%)
[Serial Refine] Processing pass=1, turbine_depth=5 (51.9%)
[Serial Refine] Processing pass=1, turbine_depth=6 (55.6%)
[Serial Refine] Processing pass=0, turbine_depth=0 (0.0%)
[Serial Refine] Processing pass=1, turbine_depth=7 (59.3%)
[Serial Refine] Processing pass=1, turbine_depth=8 (63.0%)
[Serial Refine] Processing pass=0, turbine_depth=1 (3.7%)
[Serial Refine] Processing pass=2, turbine_depth=0 (66.7%)
[Serial Refine] Processing pass=0, turbine_depth=2 (7.4%)
[Serial Refine] Processing pass=2, turbine_depth=1 (70.4%)
[Serial Refine] Processing pass=0, turbine_depth=3 (11.1%)
[Serial Refine] Processing pass=2, turbine_depth=2 (74.1%)
[Serial Refine] Processing pass=0, turbine_depth=4 (14.8%)
[Serial Refine] Processing pass=2, turbine_depth=3 (77.8%)
[Serial Refine] Processing pass=2, turbine_depth=4 (81.5%)
[Serial Refine] Processing pass=0, turbine_depth=5 (18.5%)
[Serial Refine] Processing pass=2, turbine_depth=5 (85.2%)
[Serial Refine] Processing pass=0, turbine_depth=6 (22.2%)
[Serial Refine] Processing pass=2, turbine_depth=6 (88.9%)
[Serial Refine] Processing pass=0, turbine_depth=7 (25.9%)
[Serial Refine] Processing pass=2, turbine_depth=7 (92.6%)
[Serial Refine] Processing pass=0, turbine_depth=8 (29.6%)
[Serial Refine] Processing pass=2, turbine_depth=8 (96.3%)
[Serial Refine] Processing pass=1, turbine_depth=0 (33.3%)

Time = 120
Measured Freestream Wind Direction = 267.30191117524214
Measured Freestream Wind Magnitude = 7.187373683084884
Measured Turbine Wind Directions = [267.30191118 267.30191118 267.30191118 267.30191118 267.30191118
 267.30191118 267.30191118 267.30191118 267.30191118]
Measured Turbine Wind Magnitudes = [7.15458972 7.15458972 7.15458972 4.81428213 5.117539   4.74442628
 5.09166529 5.59689334 5.03035679]
Measured Yaw Angles = [265.97804487 272.47804487 263.22804487 265.97804487 276.97804487
 263.22804487 265.97804487 270.67804487 263.22804487]
Measured Turbine Powers = [1272559.40080974 1263437.79188426 1267152.20521664  389746.44243307
  478599.19787255  367157.2642965   451033.56237282  624572.75482094
  423565.21173401]
Distance from Initial Yaw Angle Solution = 5.965863799077257
Distance from Initial Yaw Angle Change Solution = 11.908579693432632
Optimized Yaw Angles = [264.5  267.   267.25 267.25 271.75 267.25 267.25 264.5  267.25]
Optimized Yaw Angle Changes = [-1.47804487 -5.47804487  4.02195513  1.27195513 -5.22804487  4.02195513
  1.27195513 -6.17804487  4.02195513]
Convergence Time = 330.9526081730146
[Serial Refine] Processing pass=1, turbine_depth=1 (37.0%)
[Serial Refine] Processing pass=1, turbine_depth=2 (40.7%)
[Serial Refine] Processing pass=1, turbine_depth=3 (44.4%)
[Serial Refine] Processing pass=1, turbine_depth=4 (48.1%)
[Serial Refine] Processing pass=1, turbine_depth=5 (51.9%)
[Serial Refine] Processing pass=1, turbine_depth=6 (55.6%)
[Serial Refine] Processing pass=1, turbine_depth=7 (59.3%)
[Serial Refine] Processing pass=1, turbine_depth=8 (63.0%)
[Serial Refine] Processing pass=2, turbine_depth=0 (66.7%)
[Serial Refine] Processing pass=2, turbine_depth=1 (70.4%)
[Serial Refine] Processing pass=2, turbine_depth=2 (74.1%)
[Serial Refine] Processing pass=2, turbine_depth=3 (77.8%)

Time = 120
Measured Freestream Wind Direction = 257.9776751773351
Measured Freestream Wind Magnitude = 7.914754271041662
Measured Turbine Wind Directions = [257.97767518 257.97767518 257.97767518 257.97767518 257.97767518
 257.97767518 257.97767518 257.97767518 257.97767518]
Measured Turbine Wind Magnitudes = [7.87865248 7.87865248 7.87865248 7.83532919 7.81843637 7.81502894
 7.81334267 7.82713278 7.79226442]
Measured Yaw Angles = [268.10744719 265.00744719 264.50744719 264.50744719 267.10744719
 262.00744719 259.45744719 261.45744719 262.70744719]
Measured Turbine Powers = [1649387.47414784 1674892.59044155 1678142.65187054 1650843.72866946
 1621497.33523914 1650731.65134441 1656345.32837015 1660251.50356929
 1633876.51977641]
Distance from Initial Yaw Angle Solution = 40.89837596401951
Distance from Initial Yaw Angle Change Solution = 24.83021247001914
Optimized Yaw Angles = [275.25 274.75 271.5  274.75 274.25 271.25 264.5  266.75 266.25]
Optimized Yaw Angle Changes = [ 7.14255281  9.74255281  6.99255281 10.24255281  7.14255281  9.24255281
  5.04255281  5.29255281  3.54255281]
Convergence Time = 322.359141369001
[Serial Refine] Processing pass=2, turbine_depth=4 (81.5%)
[Serial Refine] Processing pass=2, turbine_depth=5 (85.2%)
[Serial Refine] Processing pass=2, turbine_depth=6 (88.9%)
[Serial Refine] Processing pass=2, turbine_depth=7 (92.6%)
[Serial Refine] Processing pass=2, turbine_depth=8 (96.3%)

Time = 120
Measured Freestream Wind Direction = 257.9776751773351
Measured Freestream Wind Magnitude = 7.914754271041662
Measured Turbine Wind Directions = [257.97767518 257.97767518 257.97767518 257.97767518 257.97767518
 257.97767518 257.97767518 257.97767518 257.97767518]
Measured Turbine Wind Magnitudes = [7.87865248 7.87865248 7.87865248 7.71528947 7.80839309 7.67796871
 7.7391614  7.82529209 7.62702889]
Measured Yaw Angles = [254.45744719 263.70744719 251.70744719 259.95744719 267.20744719
 251.70744719 254.75744719 257.75744719 252.00744719]
Measured Turbine Powers = [1692640.1454528  1682843.95359757 1679735.16731831 1596367.99157629
 1614595.62179195 1558714.69678221 1607380.38321333 1664840.33880614
 1530535.13834508]
Distance from Initial Yaw Angle Solution = 16.12812139593213
Distance from Initial Yaw Angle Change Solution = 14.501861041794635
Optimized Yaw Angles = [260.75 267.25 258.   260.75 270.   258.   258.   261.75 258.  ]
Optimized Yaw Angle Changes = [6.29255281 3.54255281 6.29255281 0.79255281 2.79255281 6.29255281
 3.24255281 3.99255281 5.99255281]
Convergence Time = 342.2705097809958

Time = 120
Measured Freestream Wind Direction = 267.30191117524214
Measured Freestream Wind Magnitude = 7.187373683084884
Measured Turbine Wind Directions = [267.30191118 267.30191118 267.30191118 267.30191118 267.30191118
 267.30191118 267.30191118 267.30191118 267.30191118]
Measured Turbine Wind Magnitudes = [7.15458972 7.15458972 7.15458972 5.19876015 5.34414343 5.60935407
 5.59893705 5.65044644 5.5774924 ]
Measured Yaw Angles = [273.72804487 275.97804487 279.97804487 275.72804487 275.22804487
 270.72804487 270.42804487 272.42804487 269.92804487]
Measured Turbine Powers = [1258153.97432513 1245772.10695703 1215194.23519375  509409.58873325
  557709.05890416  649417.43794398  625313.06413989  638823.63337513
  617211.56959441]
Distance from Initial Yaw Angle Solution = 16.51234436775749
Distance from Initial Yaw Angle Change Solution = 14.133511754536467
Optimized Yaw Angles = [271.25 272.25 277.75 274.5  272.25 269.75 262.   264.75 264.75]
Optimized Yaw Angle Changes = [-2.47804487 -3.72804487 -2.22804487 -1.22804487 -2.97804487 -0.97804487
 -8.42804487 -7.67804487 -5.17804487]
Convergence Time = 349.804807515

Time = 120
Measured Freestream Wind Direction = 267.30191117524214
Measured Freestream Wind Magnitude = 7.187373683084884
Measured Turbine Wind Directions = [267.30191118 267.30191118 267.30191118 267.30191118 267.30191118
 267.30191118 267.30191118 267.30191118 267.30191118]
Measured Turbine Wind Magnitudes = [7.15458972 7.15458972 7.15458972 5.26173743 5.3124874  5.4120284
 5.5998075  5.65483837 5.5899797 ]
Measured Yaw Angles = [274.72804487 275.47804487 276.97804487 274.97804487 275.72804487
 272.97804487 270.97804487 272.92804487 272.97804487]
Measured Turbine Powers = [1253106.72782639 1248842.72111934 1239087.34322357  532004.01080738
  546207.52942929  584531.04097799  624723.00090958  639378.47812473
  617522.27449473]
Distance from Initial Yaw Angle Solution = 19.799726218674962
Distance from Initial Yaw Angle Change Solution = 11.614113801337352
Optimized Yaw Angles = [274.   273.75 276.25 276.25 275.25 276.   265.25 265.75 267.25]
Optimized Yaw Angle Changes = [-0.72804487 -1.72804487 -0.72804487  1.27195513 -0.47804487  3.02195513
 -5.72804487 -7.17804487 -5.72804487]
Convergence Time = 336.88745899900096

Time = 120
Measured Freestream Wind Direction = 257.9776751773351
Measured Freestream Wind Magnitude = 7.914754271041662
Measured Turbine Wind Directions = [257.97767518 257.97767518 257.97767518 257.97767518 257.97767518
 257.97767518 257.97767518 257.97767518 257.97767518]
Measured Turbine Wind Magnitudes = [7.87865248 7.87865248 7.87865248 7.81304009 7.78073494 7.79578422
 7.77534726 7.80256761 7.7819565 ]
Measured Yaw Angles = [264.25744719 260.25744719 262.00744719 260.25744719 263.95744719
 261.25744719 258.85744719 259.75744719 261.25744719]
Measured Turbine Powers = [1679677.75126326 1696088.28795166 1690796.32235497 1654740.14034477
 1620793.3573479  1641382.73853281 1633634.3087214  1649160.76384081
 1633016.7567996 ]
Distance from Initial Yaw Angle Solution = 35.39131777027147
Distance from Initial Yaw Angle Change Solution = 27.49412059766879
Optimized Yaw Angles = [271.75 271.25 272.5  267.5  269.25 271.25 267.25 267.75 268.  ]
Optimized Yaw Angle Changes = [ 7.49255281 10.99255281 10.49255281  7.24255281  5.29255281  9.99255281
  8.39255281  7.99255281  6.74255281]
Convergence Time = 352.7964713659894
6.843156410973883e-06
0.006941697169163263

Time = 120
Measured Freestream Wind Direction = 267.30191117524214
Measured Freestream Wind Magnitude = 7.187373683084884
Measured Turbine Wind Directions = [267.30191118 267.30191118 267.30191118 267.30191118 267.30191118
 267.30191118 267.30191118 267.30191118 267.30191118]
Measured Turbine Wind Magnitudes = [7.15458972 7.15458972 7.15458972 5.26173743 5.28017296 5.3622863
 5.61897474 5.65960833 5.647421  ]
Measured Yaw Angles = [274.72804487 274.97804487 276.22804487 275.47804487 276.22804487
 274.97804487 273.17804487 273.67804487 274.22804487]
Measured Turbine Powers = [1253106.72782639 1251730.97605452 1244168.40565632  530636.65738861
  534356.68558889  564139.48187418  627244.50819586  639388.15745248
  633820.78076889]
Distance from Initial Yaw Angle Solution = 17.385174517805957
Distance from Initial Yaw Angle Change Solution = 15.674231691548277
Optimized Yaw Angles = [274.75 269.25 275.5  273.5  275.75 274.5  264.25 265.25 266.5 ]
Optimized Yaw Angle Changes = [ 0.02195513 -5.72804487 -0.72804487 -1.97804487 -0.47804487 -0.47804487
 -8.92804487 -8.42804487 -7.72804487]
Convergence Time = 337.6178924019914

Time = 120
Measured Freestream Wind Direction = 257.9776751773351
Measured Freestream Wind Magnitude = 7.914754271041662
Measured Turbine Wind Directions = [257.97767518 257.97767518 257.97767518 257.97767518 257.97767518
 257.97767518 257.97767518 257.97767518 257.97767518]
Measured Turbine Wind Magnitudes = [7.87865248 7.87865248 7.87865248 7.78963306 7.78723801 7.79369587
 7.77879037 7.76794865 7.77511835]
Measured Yaw Angles = [261.25744719 261.00744719 261.75744719 261.00744719 259.95744719
 260.60744719 258.50744719 259.00744719 258.50744719]
Measured Turbine Powers = [1693423.80559512 1694179.79718014 1691732.07014669 1638398.12932372
 1639379.24939662 1641894.18351018 1635934.75606034 1629051.47460971
 1633723.15319881]
Distance from Initial Yaw Angle Solution = 31.148380633194765
Distance from Initial Yaw Angle Change Solution = 25.736185528732978
Optimized Yaw Angles = [272.5  269.75 270.   269.   268.25 268.5  264.   265.25 265.  ]
Optimized Yaw Angle Changes = [11.24255281  8.74255281  8.24255281  7.99255281  8.29255281  7.89255281
  5.49255281  6.24255281  6.49255281]
Convergence Time = 413.9419993580086
[Serial Refine] Processing pass=0, turbine_depth=0 (0.0%)
[Serial Refine] Processing pass=0, turbine_depth=1 (3.7%)
[Serial Refine] Processing pass=0, turbine_depth=2 (7.4%)
[Serial Refine] Processing pass=0, turbine_depth=3 (11.1%)
[Serial Refine] Processing pass=0, turbine_depth=4 (14.8%)
[Serial Refine] Processing pass=0, turbine_depth=5 (18.5%)
[Serial Refine] Processing pass=0, turbine_depth=6 (22.2%)
[Serial Refine] Processing pass=0, turbine_depth=7 (25.9%)
[Serial Refine] Processing pass=0, turbine_depth=8 (29.6%)
[Serial Refine] Processing pass=1, turbine_depth=0 (33.3%)
[Serial Refine] Processing pass=1, turbine_depth=1 (37.0%)
[Serial Refine] Processing pass=1, turbine_depth=2 (40.7%)
[Serial Refine] Processing pass=1, turbine_depth=3 (44.4%)
[Serial Refine] Processing pass=1, turbine_depth=4 (48.1%)
[Serial Refine] Processing pass=1, turbine_depth=5 (51.9%)
[Serial Refine] Processing pass=1, turbine_depth=6 (55.6%)
[Serial Refine] Processing pass=1, turbine_depth=7 (59.3%)
[Serial Refine] Processing pass=1, turbine_depth=8 (63.0%)
[Serial Refine] Processing pass=2, turbine_depth=0 (66.7%)
[Serial Refine] Processing pass=2, turbine_depth=1 (70.4%)
[Serial Refine] Processing pass=2, turbine_depth=2 (74.1%)
[Serial Refine] Processing pass=2, turbine_depth=3 (77.8%)
[Serial Refine] Processing pass=2, turbine_depth=4 (81.5%)
[Serial Refine] Processing pass=2, turbine_depth=5 (85.2%)
[Serial Refine] Processing pass=2, turbine_depth=6 (88.9%)
[Serial Refine] Processing pass=0, turbine_depth=0 (0.0%)
[Serial Refine] Processing pass=2, turbine_depth=7 (92.6%)
[Serial Refine] Processing pass=0, turbine_depth=1 (3.7%)
[Serial Refine] Processing pass=2, turbine_depth=8 (96.3%)
[Serial Refine] Processing pass=0, turbine_depth=2 (7.4%)

Time = 180
Measured Freestream Wind Direction = 266.9608846578919
Measured Freestream Wind Magnitude = 7.201640097048181
Measured Turbine Wind Directions = [266.96088466 266.96088466 266.96088466 266.96088466 266.96088466
 266.96088466 266.96088466 266.96088466 266.96088466]
Measured Turbine Wind Magnitudes = [7.16879106 7.16879106 7.16879106 4.95345783 5.06877659 4.91307534
 5.22224598 5.45418356 5.16995219]
Measured Yaw Angles = [266.75897348 269.25897348 265.80897348 266.30897348 272.25897348
 264.30897348 261.30897348 263.05897348 259.05897348]
Measured Turbine Powers = [1280757.99774378 1278845.32806774 1280288.58819218  436330.48041508
  473665.21418861  419721.40264479  492456.76437951  576967.34414448
  467452.28090349]
Distance from Initial Yaw Angle Solution = 11.87628211739922
Distance from Initial Yaw Angle Change Solution = 12.323591532691067
Optimized Yaw Angles = [264.25 270.75 267.   267.   277.75 267.   267.   265.25 267.  ]
Optimized Yaw Angle Changes = [-2.50897348  1.49102652  1.19102652  0.69102652  5.49102652  2.69102652
  5.69102652  2.19102652  7.94102652]
Convergence Time = 327.903895291005
[Serial Refine] Processing pass=0, turbine_depth=3 (11.1%)
[Serial Refine] Processing pass=0, turbine_depth=4 (14.8%)
[Serial Refine] Processing pass=0, turbine_depth=5 (18.5%)
[Serial Refine] Processing pass=0, turbine_depth=6 (22.2%)
[Serial Refine] Processing pass=0, turbine_depth=7 (25.9%)
[Serial Refine] Processing pass=0, turbine_depth=8 (29.6%)
[Serial Refine] Processing pass=1, turbine_depth=0 (33.3%)
[Serial Refine] Processing pass=1, turbine_depth=1 (37.0%)

Time = 180
Measured Freestream Wind Direction = 262.92181862095816
Measured Freestream Wind Magnitude = 8.799170350641104
Measured Turbine Wind Directions = [262.92181862 262.92181862 262.92181862 262.92181862 262.92181862
 262.92181862 262.92181862 262.92181862 262.92181862]
Measured Turbine Wind Magnitudes = [8.75903445 8.75903445 8.75903445 8.41497457 8.37876533 8.43821909
 8.4235697  8.41734602 8.3402137 ]
Measured Yaw Angles = [280.79414344 279.34414344 281.54414344 280.04414344 279.79414344
 276.29414344 269.79414344 273.79414344 273.04414344]
Measured Turbine Powers = [2146774.13649828 2177947.50297407 2129610.56334038 1922700.26350698
 1903337.43924384 2007583.5751435  2075361.44707948 2028201.00726019
 1984056.27578432]
Distance from Initial Yaw Angle Solution = 31.649855338912726
Distance from Initial Yaw Angle Change Solution = 12.966757431476449
Optimized Yaw Angles = [277.25 275.25 275.5  275.75 274.5  274.   268.5  267.5  266.5 ]
Optimized Yaw Angle Changes = [-3.54414344 -4.09414344 -6.04414344 -4.29414344 -5.29414344 -2.29414344
 -1.29414344 -6.29414344 -6.54414344]
Convergence Time = 323.6231730969739
[Serial Refine] Processing pass=1, turbine_depth=2 (40.7%)
[Serial Refine] Processing pass=1, turbine_depth=3 (44.4%)
[Serial Refine] Processing pass=1, turbine_depth=4 (48.1%)
[Serial Refine] Processing pass=1, turbine_depth=5 (51.9%)
[Serial Refine] Processing pass=1, turbine_depth=6 (55.6%)
[Serial Refine] Processing pass=1, turbine_depth=7 (59.3%)
[Serial Refine] Processing pass=1, turbine_depth=8 (63.0%)
[Serial Refine] Processing pass=2, turbine_depth=0 (66.7%)
[Serial Refine] Processing pass=2, turbine_depth=1 (70.4%)
[Serial Refine] Processing pass=2, turbine_depth=2 (74.1%)
[Serial Refine] Processing pass=2, turbine_depth=3 (77.8%)
[Serial Refine] Processing pass=2, turbine_depth=4 (81.5%)

Time = 180
Measured Freestream Wind Direction = 266.9608846578919
Measured Freestream Wind Magnitude = 7.201640097048181
Measured Turbine Wind Directions = [266.96088466 266.96088466 266.96088466 266.96088466 266.96088466
 266.96088466 266.96088466 266.96088466 266.96088466]
Measured Turbine Wind Magnitudes = [7.16879106 7.16879106 7.16879106 5.04940926 5.12747067 5.43694952
 5.39786082 5.45854029 5.4681073 ]
Measured Yaw Angles = [268.80897348 270.30897348 275.30897348 270.80897348 271.30897348
 267.55897348 260.55897348 263.55897348 262.55897348]
Measured Turbine Powers = [1279526.3118549  1276681.46111312 1255331.95637806  469040.7033156
  495528.56659624  599745.99030342  553209.92397598  578681.88038938
  578296.62270636]
Distance from Initial Yaw Angle Solution = 13.48554207819068
Distance from Initial Yaw Angle Change Solution = 8.512663449261535
Optimized Yaw Angles = [270.5  272.   273.75 275.   268.   271.   263.5  265.25 266.  ]
Optimized Yaw Angle Changes = [ 1.69102652  1.69102652 -1.55897348  4.19102652 -3.30897348  3.44102652
  2.94102652  1.69102652  3.44102652]
Convergence Time = 330.3364650589938
[Serial Refine] Processing pass=2, turbine_depth=5 (85.2%)
[Serial Refine] Processing pass=2, turbine_depth=6 (88.9%)
[Serial Refine] Processing pass=2, turbine_depth=7 (92.6%)
[Serial Refine] Processing pass=2, turbine_depth=8 (96.3%)

Time = 180
Measured Freestream Wind Direction = 262.92181862095816
Measured Freestream Wind Magnitude = 8.799170350641104
Measured Turbine Wind Directions = [262.92181862 262.92181862 262.92181862 262.92181862 262.92181862
 262.92181862 262.92181862 262.92181862 262.92181862]
Measured Turbine Wind Magnitudes = [8.75903445 8.75903445 8.75903445 7.58540563 7.89007605 7.49082942
 7.78683725 8.11430346 7.55821371]
Measured Yaw Angles = [261.84414344 267.59414344 260.09414344 264.84414344 272.84414344
 258.59414344 268.54414344 270.79414344 267.04414344]
Measured Turbine Powers = [2346097.47380415 2333165.26154264 2341821.5691651  1576130.74102861
 1699531.10242817 1518579.21313466 1654232.49128553 1847767.22748967
 1526383.31132545]
Distance from Initial Yaw Angle Solution = 14.914429910711908
Distance from Initial Yaw Angle Change Solution = 16.012385466513198
Optimized Yaw Angles = [266.5  270.75 264.75 265.75 274.   263.   260.25 263.   260.25]
Optimized Yaw Angle Changes = [ 4.65585656  3.15585656  4.65585656  0.90585656  1.15585656  4.40585656
 -8.29414344 -7.79414344 -6.79414344]
Convergence Time = 340.9041845850006

Time = 180
Measured Freestream Wind Direction = 266.9608846578919
Measured Freestream Wind Magnitude = 7.201640097048181
Measured Turbine Wind Directions = [266.96088466 266.96088466 266.96088466 266.96088466 266.96088466
 266.96088466 266.96088466 266.96088466 266.96088466]
Measured Turbine Wind Magnitudes = [7.16879106 7.16879106 7.16879106 5.23249531 5.2327762  5.32627047
 5.56509602 5.4941648  5.60862673]
Measured Yaw Angles = [272.05897348 272.05897348 273.55897348 272.80897348 270.80897348
 272.80897348 266.25897348 265.30897348 267.25897348]
Measured Turbine Powers = [1271286.19739834 1271286.19739834 1264881.57845335  528152.9388394
  531575.23797885  558629.97384344  616160.87681336  591701.58883291
  630356.40577177]
Distance from Initial Yaw Angle Solution = 26.38160481303783
Distance from Initial Yaw Angle Change Solution = 14.920120025703277
Optimized Yaw Angles = [276.   276.   277.   279.   279.75 278.   266.   267.   266.25]
Optimized Yaw Angle Changes = [ 3.94102652  3.94102652  3.44102652  6.19102652  8.94102652  5.19102652
 -0.25897348  1.69102652 -1.00897348]
Convergence Time = 343.1951405389991

Time = 180
Measured Freestream Wind Direction = 262.92181862095816
Measured Freestream Wind Magnitude = 8.799170350641104
Measured Turbine Wind Directions = [262.92181862 262.92181862 262.92181862 262.92181862 262.92181862
 262.92181862 262.92181862 262.92181862 262.92181862]
Measured Turbine Wind Magnitudes = [8.75903445 8.75903445 8.75903445 8.35082098 8.21888804 8.32281222
 8.29182296 8.22356869 8.3129568 ]
Measured Yaw Angles = [278.54414344 274.59414344 277.54414344 275.29414344 274.54414344
 276.09414344 271.84414344 274.54414344 275.79414344]
Measured Turbine Powers = [2194013.68582193 2261549.56183692 2212964.47798371 1963339.12127074
 1885032.36611126 1932128.66188187 1964154.14966417 1881241.41017718
 1927476.73077826]
Distance from Initial Yaw Angle Solution = 28.703522657994363
Distance from Initial Yaw Angle Change Solution = 12.33345464434605
Optimized Yaw Angles = [274.5  272.75 276.   273.25 274.5  273.5  268.25 268.25 266.5 ]
Optimized Yaw Angle Changes = [-4.04414344 -1.84414344 -1.54414344 -2.04414344 -0.04414344 -2.59414344
 -3.59414344 -6.29414344 -9.29414344]
Convergence Time = 332.915480672993

Time = 180
Measured Freestream Wind Direction = 266.9608846578919
Measured Freestream Wind Magnitude = 7.201640097048181
Measured Turbine Wind Directions = [266.96088466 266.96088466 266.96088466 266.96088466 266.96088466
 266.96088466 266.96088466 266.96088466 266.96088466]
Measured Turbine Wind Magnitudes = [7.16879106 7.16879106 7.16879106 5.11597228 5.16852538 5.23149167
 5.47773921 5.54295609 5.54721341]
Measured Yaw Angles = [270.05897348 271.00897348 272.05897348 272.05897348 273.05897348
 272.30897348 264.75897348 265.75897348 268.00897348]
Measured Turbine Powers = [1277269.67428503 1274791.69999609 1271286.19739834  490399.08380903
  506362.60491276  528782.64078875  586516.61431347  608885.17461657
  610040.12865754]
Distance from Initial Yaw Angle Solution = 22.40769349107947
Distance from Initial Yaw Angle Change Solution = 12.465884730737828
Optimized Yaw Angles = [275.75 270.25 276.   278.75 274.25 278.5  264.75 265.5  266.75]
Optimized Yaw Angle Changes = [ 5.69102652 -0.75897348  3.94102652  6.69102652  1.19102652  6.19102652
 -0.00897348 -0.25897348 -1.25897348]
Convergence Time = 426.85316375401453
[Serial Refine] Processing pass=0, turbine_depth=0 (0.0%)
[Serial Refine] Processing pass=0, turbine_depth=1 (3.7%)
[Serial Refine] Processing pass=0, turbine_depth=2 (7.4%)
[Serial Refine] Processing pass=0, turbine_depth=3 (11.1%)
[Serial Refine] Processing pass=0, turbine_depth=4 (14.8%)
[Serial Refine] Processing pass=0, turbine_depth=5 (18.5%)
[Serial Refine] Processing pass=0, turbine_depth=6 (22.2%)
[Serial Refine] Processing pass=0, turbine_depth=7 (25.9%)
[Serial Refine] Processing pass=0, turbine_depth=8 (29.6%)
[Serial Refine] Processing pass=1, turbine_depth=0 (33.3%)
[Serial Refine] Processing pass=1, turbine_depth=1 (37.0%)
[Serial Refine] Processing pass=1, turbine_depth=2 (40.7%)
[Serial Refine] Processing pass=1, turbine_depth=3 (44.4%)
[Serial Refine] Processing pass=1, turbine_depth=4 (48.1%)
[Serial Refine] Processing pass=1, turbine_depth=5 (51.9%)
[Serial Refine] Processing pass=1, turbine_depth=6 (55.6%)
[Serial Refine] Processing pass=1, turbine_depth=7 (59.3%)
[Serial Refine] Processing pass=1, turbine_depth=8 (63.0%)

Time = 240
Measured Freestream Wind Direction = 263.08608020784925
Measured Freestream Wind Magnitude = 7.809859740332244
Measured Turbine Wind Directions = [263.08608021 263.08608021 263.08608021 263.08608021 263.08608021
 263.08608021 263.08608021 263.08608021 263.08608021]
Measured Turbine Wind Magnitudes = [7.77423641 7.77423641 7.77423641 7.28564277 7.27139529 7.14711358
 7.28506605 7.26399273 7.15765909]
Measured Yaw Angles = [275.56426159 275.06426159 271.81426159 275.06426159 274.56426159
 271.56426159 264.81426159 267.06426159 266.56426159]
Measured Turbine Powers = [1561063.69445892 1566568.51330141 1597242.02688214 1304335.5488572
 1301837.75316991 1264757.23879493 1353841.11611372 1337199.1948877
 1284034.59659783]
Distance from Initial Yaw Angle Solution = 38.51162842233383
Distance from Initial Yaw Angle Change Solution = 13.623845271292573
Optimized Yaw Angles = [278.25 278.25 278.   280.5  278.   277.25 267.75 269.5  266.5 ]
Optimized Yaw Angle Changes = [ 2.68573841  3.18573841  6.18573841  5.43573841  3.43573841  5.68573841
  2.93573841  2.43573841 -0.06426159]
Convergence Time = 310.17965151098906
[Serial Refine] Processing pass=2, turbine_depth=0 (66.7%)
[Serial Refine] Processing pass=2, turbine_depth=1 (70.4%)
[Serial Refine] Processing pass=2, turbine_depth=2 (74.1%)
[Serial Refine] Processing pass=2, turbine_depth=3 (77.8%)
[Serial Refine] Processing pass=2, turbine_depth=4 (81.5%)

Time = 180
Measured Freestream Wind Direction = 262.92181862095816
Measured Freestream Wind Magnitude = 8.799170350641104
Measured Turbine Wind Directions = [262.92181862 262.92181862 262.92181862 262.92181862 262.92181862
 262.92181862 262.92181862 262.92181862 262.92181862]
Measured Turbine Wind Magnitudes = [8.75903445 8.75903445 8.75903445 8.23309866 8.22512257 8.22774179
 8.21401373 8.1043167  8.19011767]
Measured Yaw Angles = [275.09414344 274.79414344 274.84414344 274.29414344 270.59414344
 273.44414344 271.54414344 272.54414344 271.79414344]
Measured Turbine Powers = [2254083.76531975 2258600.88750657 2257855.87670433 1897964.96634423
 1934172.26703765 1905341.04902048 1910381.64612953 1823257.4892113
 1891105.67697829]
Distance from Initial Yaw Angle Solution = 24.12386032085442
Distance from Initial Yaw Angle Change Solution = 12.774946091090063
Optimized Yaw Angles = [274.25 271.75 272.   273.5  273.   271.   264.5  265.5  265.25]
Optimized Yaw Angle Changes = [-0.84414344 -3.04414344 -2.84414344 -0.79414344  2.40585656 -2.44414344
 -7.04414344 -7.04414344 -6.54414344]
Convergence Time = 387.4660331940104
[Serial Refine] Processing pass=2, turbine_depth=5 (85.2%)
[Serial Refine] Processing pass=2, turbine_depth=6 (88.9%)
[Serial Refine] Processing pass=2, turbine_depth=7 (92.6%)
[Serial Refine] Processing pass=2, turbine_depth=8 (96.3%)
[Serial Refine] Processing pass=0, turbine_depth=0 (0.0%)

Time = 240
Measured Freestream Wind Direction = 269.5339712623022
Measured Freestream Wind Magnitude = 7.402069446584705
Measured Turbine Wind Directions = [269.53397126 269.53397126 269.53397126 269.53397126 269.53397126
 269.53397126 269.53397126 269.53397126 269.53397126]
Measured Turbine Wind Magnitudes = [7.36830618 7.36830618 7.36830618 4.66619701 4.65814388 4.65794222
 4.91073011 4.95247571 4.9082039 ]
Measured Yaw Angles = [266.9230866 269.7230866 269.6730866 269.6730866 274.4730866 269.6730866
 269.6730866 267.2230866 269.6730866]
Measured Turbine Powers = [1388110.85070871 1390781.85977524 1390788.3241233   338388.24337325
  335344.21538968  337750.0740136   387530.66016348  398212.43837585
  387380.2607786 ]
Distance from Initial Yaw Angle Solution = 14.628022675228905
Distance from Initial Yaw Angle Change Solution = 10.504668182216179
Optimized Yaw Angles = [269.5  272.75 266.75 269.5  283.25 269.5  269.5  266.75 269.5 ]
Optimized Yaw Angle Changes = [ 2.5769134  3.0269134 -2.9230866 -0.1730866  8.7769134 -0.1730866
 -0.1730866 -0.4730866 -0.1730866]
Convergence Time = 335.6120966220042
[Serial Refine] Processing pass=0, turbine_depth=1 (3.7%)
[Serial Refine] Processing pass=0, turbine_depth=2 (7.4%)
[Serial Refine] Processing pass=0, turbine_depth=3 (11.1%)
[Serial Refine] Processing pass=0, turbine_depth=4 (14.8%)
[Serial Refine] Processing pass=0, turbine_depth=5 (18.5%)
[Serial Refine] Processing pass=0, turbine_depth=6 (22.2%)
[Serial Refine] Processing pass=0, turbine_depth=7 (25.9%)
[Serial Refine] Processing pass=0, turbine_depth=8 (29.6%)
[Serial Refine] Processing pass=1, turbine_depth=0 (33.3%)
[Serial Refine] Processing pass=1, turbine_depth=1 (37.0%)
[Serial Refine] Processing pass=1, turbine_depth=2 (40.7%)
[Serial Refine] Processing pass=1, turbine_depth=3 (44.4%)
[Serial Refine] Processing pass=1, turbine_depth=4 (48.1%)
[Serial Refine] Processing pass=1, turbine_depth=5 (51.9%)
[Serial Refine] Processing pass=1, turbine_depth=6 (55.6%)
[Serial Refine] Processing pass=1, turbine_depth=7 (59.3%)
[Serial Refine] Processing pass=1, turbine_depth=8 (63.0%)
[Serial Refine] Processing pass=2, turbine_depth=0 (66.7%)
[Serial Refine] Processing pass=2, turbine_depth=1 (70.4%)
[Serial Refine] Processing pass=2, turbine_depth=2 (74.1%)
[Serial Refine] Processing pass=2, turbine_depth=3 (77.8%)
[Serial Refine] Processing pass=2, turbine_depth=4 (81.5%)
[Serial Refine] Processing pass=2, turbine_depth=5 (85.2%)
[Serial Refine] Processing pass=2, turbine_depth=6 (88.9%)
[Serial Refine] Processing pass=2, turbine_depth=7 (92.6%)
[Serial Refine] Processing pass=2, turbine_depth=8 (96.3%)

Time = 240
Measured Freestream Wind Direction = 263.08608020784925
Measured Freestream Wind Magnitude = 7.809859740332244
Measured Turbine Wind Directions = [263.08608021 263.08608021 263.08608021 263.08608021 263.08608021
 263.08608021 263.08608021 263.08608021 263.08608021]
Measured Turbine Wind Magnitudes = [7.77423641 7.77423641 7.77423641 6.63021742 6.94618129 6.5003327
 6.69941866 7.07113536 6.58498642]
Measured Yaw Angles = [261.06426159 267.56426159 258.31426159 261.06426159 270.31426159
 258.31426159 258.31426159 262.06426159 258.31426159]
Measured Turbine Powers = [1630425.38481431 1623077.63286705 1621827.58537899 1069054.7068492
 1180077.16703585 1011071.99617331 1071921.6884872  1244704.38182541
 1021959.21288343]
Distance from Initial Yaw Angle Solution = 22.06071190186623
Distance from Initial Yaw Angle Change Solution = 21.889885250083505
Optimized Yaw Angles = [269.   271.25 266.75 272.   279.25 268.   261.25 263.   261.25]
Optimized Yaw Angle Changes = [ 7.93573841  3.68573841  8.43573841 10.93573841  8.93573841  9.68573841
  2.93573841  0.93573841  2.93573841]
Convergence Time = 326.90095713100163

Time = 240
Measured Freestream Wind Direction = 269.5339712623022
Measured Freestream Wind Magnitude = 7.402069446584705
Measured Turbine Wind Directions = [269.53397126 269.53397126 269.53397126 269.53397126 269.53397126
 269.53397126 269.53397126 269.53397126 269.53397126]
Measured Turbine Wind Magnitudes = [7.36830618 7.36830618 7.36830618 4.73159226 4.76411127 5.02590543
 5.10139197 5.05507168 5.14063182]
Measured Yaw Angles = [273.6730866 274.6730866 280.1730866 277.2230866 274.6730866 272.4730866
 264.7230866 267.4730866 267.4730866]
Measured Turbine Powers = [1384047.35313014 1380392.25749904 1346218.15757997  352675.54327697
  364696.30806886  445360.27176264  446459.96888658  433568.34909636
  463719.24845739]
Distance from Initial Yaw Angle Solution = 9.128435185976075
Distance from Initial Yaw Angle Change Solution = 13.31602669952756
Optimized Yaw Angles = [270.   271.   270.5  274.75 267.25 272.25 264.   267.75 267.  ]
Optimized Yaw Angle Changes = [-3.6730866 -3.6730866 -9.6730866 -2.4730866 -7.4230866 -0.2230866
 -0.7230866  0.2769134 -0.4730866]
Convergence Time = 339.4565570440027

Time = 240
Measured Freestream Wind Direction = 269.5339712623022
Measured Freestream Wind Magnitude = 7.402069446584705
Measured Turbine Wind Directions = [269.53397126 269.53397126 269.53397126 269.53397126 269.53397126
 269.53397126 269.53397126 269.53397126 269.53397126]
Measured Turbine Wind Magnitudes = [7.36830618 7.36830618 7.36830618 4.84738942 4.83770255 4.96139033
 5.24631549 5.20899255 5.31323828]
Measured Yaw Angles = [276.7230866 276.4730866 278.9730866 278.9730866 277.9730866 278.7230866
 267.9730866 268.4730866 269.6730866]
Measured Turbine Powers = [1370435.10782198 1371826.7831165  1355691.77939849  379469.24113366
  378936.61608509  410098.24418212  500791.54811769  488172.09993626
  524622.19078426]
Distance from Initial Yaw Angle Solution = 14.925744605966877
Distance from Initial Yaw Angle Change Solution = 8.458081687096156
Optimized Yaw Angles = [271.75 273.   275.   278.   275.5  276.25 266.5  269.25 265.75]
Optimized Yaw Angle Changes = [-4.9730866 -3.4730866 -3.9730866 -0.9730866 -2.4730866 -2.4730866
 -1.4730866  0.7769134 -3.9230866]
Convergence Time = 319.63403430298786

Time = 240
Measured Freestream Wind Direction = 263.08608020784925
Measured Freestream Wind Magnitude = 7.809859740332244
Measured Turbine Wind Directions = [263.08608021 263.08608021 263.08608021 263.08608021 263.08608021
 263.08608021 263.08608021 263.08608021 263.08608021]
Measured Turbine Wind Magnitudes = [7.77423641 7.77423641 7.77423641 7.15268666 7.13413961 7.1855517
 7.03698012 7.09050151 7.16114566]
Measured Yaw Angles = [272.06426159 271.56426159 272.81426159 267.81426159 269.56426159
 271.56426159 267.56426159 268.06426159 268.01426159]
Measured Turbine Powers = [1595204.04799082 1599222.40062344 1588744.42815376 1285542.24603297
 1269571.99316673 1282950.20389652 1221323.99327294 1245887.74513278
 1281360.2483565 ]
Distance from Initial Yaw Angle Solution = 30.716939176383686
Distance from Initial Yaw Angle Change Solution = 13.190103854226795
Optimized Yaw Angles = [274.25 274.25 276.5  275.   276.75 274.5  268.25 267.   266.75]
Optimized Yaw Angle Changes = [ 2.18573841  2.68573841  3.68573841  7.18573841  7.18573841  2.93573841
  0.68573841 -1.06426159 -1.26426159]
Convergence Time = 320.0816671810171

Time = 240
Measured Freestream Wind Direction = 269.5339712623022
Measured Freestream Wind Magnitude = 7.402069446584705
Measured Turbine Wind Directions = [269.53397126 269.53397126 269.53397126 269.53397126 269.53397126
 269.53397126 269.53397126 269.53397126 269.53397126]
Measured Turbine Wind Magnitudes = [7.36830618 7.36830618 7.36830618 4.88256853 4.68959308 4.91891769
 5.1743792  5.09341203 5.23376166]
Measured Yaw Angles = [277.4730866 271.9730866 278.2230866 276.2230866 278.1730866 277.2230866
 266.9730866 267.9730866 269.2230866]
Measured Turbine Powers = [1365964.3612265  1388452.53842927 1361049.9551943   393021.00410249
  339619.93938517  400466.17871546  475519.71167906  446368.91861427
  497263.74232572]
Distance from Initial Yaw Angle Solution = 17.876273807690282
Distance from Initial Yaw Angle Change Solution = 10.995097216820835
Optimized Yaw Angles = [275.5  267.75 271.25 279.75 274.   280.5  265.25 266.25 267.5 ]
Optimized Yaw Angle Changes = [-1.9730866 -4.2230866 -6.9730866  3.5269134 -4.1730866  3.2769134
 -1.7230866 -1.7230866 -1.7230866]
Convergence Time = 207.2904691940057

Time = 240
Measured Freestream Wind Direction = 263.08608020784925
Measured Freestream Wind Magnitude = 7.809859740332244
Measured Turbine Wind Directions = [263.08608021 263.08608021 263.08608021 263.08608021 263.08608021
 263.08608021 263.08608021 263.08608021 263.08608021]
Measured Turbine Wind Magnitudes = [7.77423641 7.77423641 7.77423641 7.1831145  7.06964005 7.07985797
 7.09025182 7.04661476 7.05554707]
Measured Yaw Angles = [272.81426159 270.06426159 270.31426159 269.31426159 268.56426159
 268.81426159 264.31426159 265.56426159 265.31426159]
Measured Turbine Powers = [1588744.42815376 1609895.20134775 1608260.3600481  1294010.06384941
 1243471.89143746 1247273.98763868 1254262.85355481 1230834.88486525
 1235627.72337083]
Distance from Initial Yaw Angle Solution = 26.63532613251495
Distance from Initial Yaw Angle Change Solution = 12.069393939227426
Optimized Yaw Angles = [274.25 271.5  271.75 275.5  276.25 272.5  265.75 265.5  266.25]
Optimized Yaw Angle Changes = [ 1.43573841  1.43573841  1.43573841  6.18573841  7.68573841  3.68573841
  1.43573841 -0.06426159  0.93573841]
Convergence Time = 97.59987322002416
Traceback (most recent call last):
  File "/home/ahenry/.conda-envs/whoc/lib/python3.11/site-packages/numexpr/necompiler.py", line 762, in getArguments
run_simulations line 626
run_simulations line 628
    a = local_dict[name]
        ~~~~~~~~~~^^^^^^
KeyError: 'C0'

During handling of the above exception, another exception occurred:

Traceback (most recent call last):
  File "<frozen runpy>", line 198, in _run_module_as_main
  File "<frozen runpy>", line 88, in _run_code
  File "/home/ahenry/.conda-envs/whoc/lib/python3.11/site-packages/mpi4py/futures/__main__.py", line 74, in <module>
    main()
  File "/home/ahenry/.conda-envs/whoc/lib/python3.11/site-packages/mpi4py/futures/__main__.py", line 62, in main
    run_command_line()
  File "/home/ahenry/.conda-envs/whoc/lib/python3.11/site-packages/mpi4py/run.py", line 47, in run_command_line
    run_path(sys.argv[0], run_name='__main__')
  File "<frozen runpy>", line 291, in run_path
  File "<frozen runpy>", line 98, in _run_module_code
  File "<frozen runpy>", line 88, in _run_code
  File "run_case_studies.py", line 845, in <module>
    run_simulations([case_families[i] for i in CASE_FAMILY_IDX], REGENERATE_WIND_FIELD)
  File "run_case_studies.py", line 711, in run_simulations
    results = [fut.result() for fut in futures]
              ^^^^^^^^^^^^^^^^^^^^^^^^^^^^^^^^^
  File "run_case_studies.py", line 711, in <listcomp>
    results = [fut.result() for fut in futures]
               ^^^^^^^^^^^^
  File "/home/ahenry/.conda-envs/whoc/lib/python3.11/concurrent/futures/_base.py", line 449, in result
    return self.__get_result()
           ^^^^^^^^^^^^^^^^^^^
  File "/home/ahenry/.conda-envs/whoc/lib/python3.11/concurrent/futures/_base.py", line 401, in __get_result
    raise self._exception
KeyError: 'C0'
--------------------------------------------------------------------------
MPI_ABORT was invoked on rank 0 in communicator MPI_COMM_WORLD
with errorcode 1.

NOTE: invoking MPI_ABORT causes Open MPI to kill all MPI processes.
You may or may not see output from other processes, depending on
exactly when Open MPI kills them.
--------------------------------------------------------------------------
