['scalability']
run_simulations line 546
run_simulations line 555
run_simulations line 613
run_simulations line 618 with 104 workers
Running instance of MPC - 3 Turbines with wind seed 0
Running instance of MPC - 3 Turbines with wind seed 1
Running instance of MPC - 9 Turbines with wind seed 0
Running instance of MPC - 9 Turbines with wind seed 1
Running instance of MPC - 25 Turbines with wind seed 0
Running instance of MPC - 25 Turbines with wind seed 1
Running instance of MPC - 100 Turbines with wind seed 0
Running instance of MPC - 100 Turbines with wind seed 1
capi_return is NULL
Call-back cb_slfunc_in_slsqp__user__routines failed.

Time = 0
Measured Freestream Wind Direction = 259.6951535312339
Measured Freestream Wind Magnitude = 8.944271909999163
Measured Turbine Wind Directions = [259.69515353 259.69515353 259.69515353]
Measured Turbine Wind Magnitudes = [8.90347415 8.76953686 8.74676314]
Measured Yaw Angles = [270. 270. 270.]
Measured Turbine Powers = [2387360.79774769 2289936.25948299 2273383.34872048]
Distance from Initial Yaw Angle Solution = 18.683403925262702
Distance from Initial Yaw Angle Change Solution = 5.610992733139218
Optimized Yaw Angles = [272.  272.5 265.5]
Optimized Yaw Angle Changes = [ 2.   2.5 -4.5]
Convergence Time = 343.5479874119919

Time = 0
Measured Freestream Wind Direction = 257.31961650818016
Measured Freestream Wind Magnitude = 8.200000000000003
Measured Turbine Wind Directions = [257.31961651 257.31961651 257.31961651 257.31961651 257.31961651
 257.31961651 257.31961651 257.31961651 257.31961651]
Measured Turbine Wind Magnitudes = [8.16259711 8.16259711 8.16259711 8.14113638 8.141334   8.14138057
 8.14265809 8.1405798  8.14054967]
Measured Yaw Angles = [270. 270. 270. 270. 270. 270. 270. 270. 270.]
Measured Turbine Powers = [1806690.52815494 1806690.52815494 1806690.52815494 1790932.00358747
 1791076.57715254 1791110.64529931 1792045.4178632  1790523.44416604
 1790501.4031028 ]
Distance from Initial Yaw Angle Solution = 31.134088855671386
Distance from Initial Yaw Angle Change Solution = 8.806873647978026
Optimized Yaw Angles = [271.75 270.5  266.   265.   267.   268.75 267.   264.75 266.25]
Optimized Yaw Angle Changes = [ 1.75  0.5  -4.   -5.   -3.   -1.25 -3.   -5.25 -3.75]
Convergence Time = 372.44780516502215

Time = 0
Measured Freestream Wind Direction = 259.6951535312339
Measured Freestream Wind Magnitude = 8.944271909999163
Measured Turbine Wind Directions = [259.69515353 259.69515353 259.69515353 259.69515353 259.69515353
 259.69515353 259.69515353 259.69515353 259.69515353]
Measured Turbine Wind Magnitudes = [8.90347415 8.90347415 8.90347415 8.76953686 8.77035195 8.7705491
 8.75168882 8.74874854 8.74862318]
Measured Yaw Angles = [270. 270. 270. 270. 270. 270. 270. 270. 270.]
Measured Turbine Powers = [2387360.79774769 2387360.79774769 2387360.79774769 2289936.25948299
 2290519.07451124 2290660.05916446 2276950.05233734 2274803.75126907
 2274714.0429989 ]
Distance from Initial Yaw Angle Solution = 33.68065726840715
Distance from Initial Yaw Angle Change Solution = 7.088078244884004
Optimized Yaw Angles = [272.25 270.75 273.   273.75 270.   271.25 268.25 267.5  270.  ]
Optimized Yaw Angle Changes = [ 2.25  0.75  3.    3.75  0.    1.25 -1.75 -2.5   0.  ]
Convergence Time = 387.8275547460071

Time = 0
Measured Freestream Wind Direction = 259.6951535312339
Measured Freestream Wind Magnitude = 8.944271909999163
Measured Turbine Wind Directions = [259.69515353 259.69515353 259.69515353 259.69515353 259.69515353
 259.69515353 259.69515353 259.69515353 259.69515353 259.69515353
 259.69515353 259.69515353 259.69515353 259.69515353 259.69515353
 259.69515353 259.69515353 259.69515353 259.69515353 259.69515353
 259.69515353 259.69515353 259.69515353 259.69515353 259.69515353]
Measured Turbine Wind Magnitudes = [8.90347415 8.90347415 8.90347415 8.90347415 8.90347415 8.76953686
 8.77035195 8.7705491  8.77062945 8.77067086 8.74754347 8.75339992
 8.749255   8.74923718 8.74883718 8.75495774 8.75251485 8.75283215
 8.75277186 8.75214491 8.75187081 8.73814052 8.73838519 8.74274962
 8.7375236 ]
Measured Yaw Angles = [270. 270. 270. 270. 270. 270. 270. 270. 270. 270. 270. 270. 270. 270.
 270. 270. 270. 270. 270. 270. 270. 270. 270. 270. 270.]
Measured Turbine Powers = [2387360.79774769 2387360.79774769 2387360.79774769 2387360.79774769
 2387360.79774769 2289936.25948299 2290519.07451124 2290660.05916446
 2290717.52095196 2290747.13936402 2273941.57911585 2278175.70354501
 2275166.1744558  2275153.4201479  2274867.17564277 2279291.72540404
 2277499.38094243 2277726.48541153 2277683.30850302 2277234.36181744
 2277038.38297507 2266471.26907664 2266640.01319261 2269802.61500542
 2266019.58541743]
Distance from Initial Yaw Angle Solution = 55.69606798912841
Distance from Initial Yaw Angle Change Solution = 12.976696824457138
Optimized Yaw Angles = [273.5  269.   270.5  271.25 275.   272.   272.   271.25 271.   274.
 272.   270.75 269.75 270.   271.5  270.25 272.75 271.75 272.5  269.
 267.   265.5  269.   267.25 266.25]
Optimized Yaw Angle Changes = [ 3.5  -1.    0.5   1.25  5.    2.    2.    1.25  1.    4.    2.    0.75
 -0.25  0.    1.5   0.25  2.75  1.75  2.5  -1.   -3.   -4.5  -1.   -2.75
 -3.75]
Convergence Time = 492.4551418480114

Time = 0
Measured Freestream Wind Direction = 257.31961650818016
Measured Freestream Wind Magnitude = 8.200000000000003
Measured Turbine Wind Directions = [257.31961651 257.31961651 257.31961651 257.31961651 257.31961651
 257.31961651 257.31961651 257.31961651 257.31961651 257.31961651
 257.31961651 257.31961651 257.31961651 257.31961651 257.31961651
 257.31961651 257.31961651 257.31961651 257.31961651 257.31961651
 257.31961651 257.31961651 257.31961651 257.31961651 257.31961651]
Measured Turbine Wind Magnitudes = [8.16259711 8.16259711 8.16259711 8.16259711 8.16259711 8.14113638
 8.141334   8.14138057 8.14139922 8.14142256 8.14026924 8.14064116
 8.14070162 8.14069476 8.14061263 8.1433326  8.13770936 8.13771196
 8.13767869 8.13754494 8.14338698 7.92541666 7.92511015 7.92414819
 7.92359495]
Measured Yaw Angles = [270. 270. 270. 270. 270. 270. 270. 270. 270. 270. 270. 270. 270. 270.
 270. 270. 270. 270. 270. 270. 270. 270. 270. 270. 270.]
Measured Turbine Powers = [1806690.52815494 1806690.52815494 1806690.52815494 1806690.52815494
 1806690.52815494 1790932.00358747 1791076.57715254 1791110.64529931
 1791124.29293002 1791141.36778597 1790296.27126533 1790568.33059529
 1790612.55595636 1790607.53744072 1790547.45812597 1792539.22299699
 1788392.4023774  1788393.76549574 1788369.27106209 1788271.28638877
 1792578.89665816 1651247.37328331 1651065.78904762 1650452.44474439
 1650099.15715674]
Distance from Initial Yaw Angle Solution = 58.58511666767316
Distance from Initial Yaw Angle Change Solution = 10.928073312959953
Optimized Yaw Angles = [270.   267.25 270.25 270.   268.75 268.   268.   269.25 271.   270.75
 269.5  272.75 271.5  270.5  263.25 267.25 270.25 266.75 270.25 268.5
 266.25 269.5  267.25 269.75 264.5 ]
Optimized Yaw Angle Changes = [ 0.   -2.75  0.25  0.   -1.25 -2.   -2.   -0.75  1.    0.75 -0.5   2.75
  1.5   0.5  -6.75 -2.75  0.25 -3.25  0.25 -1.5  -3.75 -0.5  -2.75 -0.25
 -5.5 ]
Convergence Time = 603.4569720040017
capi_return is NULL
Call-back cb_slfunc_in_slsqp__user__routines failed.

Time = 60
Measured Freestream Wind Direction = 261.47386630087004
Measured Freestream Wind Magnitude = 7.736793804348899
Measured Turbine Wind Directions = [261.4738663 261.4738663 261.4738663 261.4738663 261.4738663 261.4738663
 261.4738663 261.4738663 261.4738663]
Measured Turbine Wind Magnitudes = [7.70150375 7.70150375 7.70150375 7.4685727  7.47036311 7.47102393
 7.45486709 7.45741804 7.45639027]
Measured Yaw Angles = [274.30424979 274.30424979 274.00424979 274.00424979 274.00424979
 274.00424979 274.00424979 274.00424979 274.00424979]
Measured Turbine Powers = [1513817.83847071 1513817.83847071 1517121.86198831 1388356.15427017
 1389283.91233102 1389759.09243558 1380559.76741909 1381892.28431147
 1381353.10425158]
Distance from Initial Yaw Angle Solution = 25.83099749254432
Distance from Initial Yaw Angle Change Solution = 17.08976565302602
Optimized Yaw Angles = [274.5  274.75 272.   266.25 269.   270.   266.25 266.75 264.25]
Optimized Yaw Angle Changes = [ 0.19575021  0.44575021 -2.00424979 -7.75424979 -5.00424979 -4.00424979
 -7.75424979 -7.25424979 -9.75424979]
Convergence Time = 611.9984464470181

Time = 60
Measured Freestream Wind Direction = 265.87022799003773
Measured Freestream Wind Magnitude = 8.556031064691554
Measured Turbine Wind Directions = [265.87022799 265.87022799 265.87022799 265.87022799 265.87022799
 265.87022799 265.87022799 265.87022799 265.87022799]
Measured Turbine Wind Magnitudes = [8.5170042  8.5170042  8.5170042  7.04570669 7.05100192 7.05236209
 7.32542276 7.32482402 7.33085334]
Measured Yaw Angles = [276.32507446 276.32507446 276.32507446 276.32507446 276.17507446
 276.32507446 276.02507446 276.02507446 276.17507446]
Measured Turbine Powers = [2099185.6400715  2099185.6400715  2099185.6400715  1244121.84900741
 1247718.25338062 1247210.64367039 1357279.72836802 1356933.17116205
 1358881.04154629]
Distance from Initial Yaw Angle Solution = 22.59112109184764
Distance from Initial Yaw Angle Change Solution = 13.068088475091784
Optimized Yaw Angles = [273.   274.   272.25 276.5  276.5  275.   267.25 269.   271.5 ]
Optimized Yaw Angle Changes = [-3.32507446 -2.32507446 -4.07507446  0.17492554  0.32492554 -1.32507446
 -8.77507446 -7.02507446 -4.67507446]
Convergence Time = 604.6182940939907
