run_simulations line 546
run_simulations line 555
run_simulations line 613
run_simulations line 618 with 104 workers
Running instance of MPC - Greedy with wind seed 0
Running instance of MPC - Greedy with wind seed 1
Running instance of MPC - LUT with wind seed 0
Running instance of MPC - LUT with wind seed 1
Running instance of MPC - Previous with wind seed 0
Running instance of MPC - Previous with wind seed 1
Running instance of MPC - N_p = 6 with wind seed 0
Running instance of MPC - N_p = 6 with wind seed 1
Running instance of MPC - N_p = 8 with wind seed 0
Running instance of MPC - N_p = 8 with wind seed 1
Running instance of MPC - N_p = 10 with wind seed 0
Running instance of MPC - N_p = 10 with wind seed 1
Running instance of MPC - N_p = 12 with wind seed 0
Running instance of MPC - N_p = 12 with wind seed 1
Running instance of MPC - N_p = 14 with wind seed 0
Running instance of MPC - N_p = 14 with wind seed 1
capi_return is NULL
Call-back cb_slfunc_in_slsqp__user__routines failed.

Time = 0
Measured Freestream Wind Direction = 259.6951535312339
Measured Freestream Wind Magnitude = 8.944271909999163
Measured Turbine Wind Directions = [259.69515353 259.69515353 259.69515353 259.69515353 259.69515353
 259.69515353 259.69515353 259.69515353 259.69515353]
Measured Turbine Wind Magnitudes = [8.90347415 8.90347415 8.90347415 8.76953686 8.77035195 8.7705491
 8.75168882 8.74874854 8.74862318]
Measured Yaw Angles = [270. 270. 270. 270. 270. 270. 270. 270. 270.]
Measured Turbine Powers = [2387360.79774769 2387360.79774769 2387360.79774769 2289936.25948299
 2290519.07451124 2290660.05916446 2276950.05233734 2274803.75126907
 2274714.0429989 ]
Distance from Initial Yaw Angle Solution = 33.47129165303395
Distance from Initial Yaw Angle Change Solution = 8.94299399465338
Optimized Yaw Angles = [273.   271.   269.75 270.5  276.   272.   266.5  268.25 267.5 ]
Optimized Yaw Angle Changes = [ 3.    1.   -0.25  0.5   6.    2.   -3.5  -1.75 -2.5 ]
Convergence Time = 174.54610854800558
capi_return is NULL
Call-back cb_slfunc_in_slsqp__user__routines failed.

Time = 0
Measured Freestream Wind Direction = 257.31961650818016
Measured Freestream Wind Magnitude = 8.200000000000003
Measured Turbine Wind Directions = [257.31961651 257.31961651 257.31961651 257.31961651 257.31961651
 257.31961651 257.31961651 257.31961651 257.31961651]
Measured Turbine Wind Magnitudes = [8.16259711 8.16259711 8.16259711 8.14113638 8.141334   8.14138057
 8.14265809 8.1405798  8.14054967]
Measured Yaw Angles = [270. 270. 270. 270. 270. 270. 270. 270. 270.]
Measured Turbine Powers = [1806690.52815494 1806690.52815494 1806690.52815494 1790932.00358747
 1791076.57715254 1791110.64529931 1792045.4178632  1790523.44416604
 1790501.4031028 ]
Distance from Initial Yaw Angle Solution = 36.42828449277478
Distance from Initial Yaw Angle Change Solution = 4.011523985413014
Optimized Yaw Angles = [270.5  271.25 269.75 270.5  269.5  269.5  268.5  268.5  266.5 ]
Optimized Yaw Angle Changes = [ 0.5   1.25 -0.25  0.5  -0.5  -0.5  -1.5  -1.5  -3.5 ]
Convergence Time = 332.28081164701143

Time = 0
Measured Freestream Wind Direction = 259.6951535312339
Measured Freestream Wind Magnitude = 8.944271909999163
Measured Turbine Wind Directions = [259.69515353 259.69515353 259.69515353 259.69515353 259.69515353
 259.69515353 259.69515353 259.69515353 259.69515353]
Measured Turbine Wind Magnitudes = [8.90347415 8.90347415 8.90347415 8.76953686 8.77035195 8.7705491
 8.75168882 8.74874854 8.74862318]
Measured Yaw Angles = [270. 270. 270. 270. 270. 270. 270. 270. 270.]
Measured Turbine Powers = [2387360.79774769 2387360.79774769 2387360.79774769 2289936.25948299
 2290519.07451124 2290660.05916446 2276950.05233734 2274803.75126907
 2274714.0429989 ]
Distance from Initial Yaw Angle Solution = 32.94294221359223
Distance from Initial Yaw Angle Change Solution = 7.053608711373412
Optimized Yaw Angles = [269.75 272.75 271.75 271.75 273.25 271.   269.75 267.25 267.  ]
Optimized Yaw Angle Changes = [-0.25  2.75  1.75  1.75  3.25  1.   -0.25 -2.75 -3.  ]
Convergence Time = 349.08819862498785

Time = 0
Measured Freestream Wind Direction = 259.6951535312339
Measured Freestream Wind Magnitude = 8.944271909999163
Measured Turbine Wind Directions = [259.69515353 259.69515353 259.69515353 259.69515353 259.69515353
 259.69515353 259.69515353 259.69515353 259.69515353]
Measured Turbine Wind Magnitudes = [8.90347415 8.90347415 8.90347415 8.76953686 8.77035195 8.7705491
 8.75168882 8.74874854 8.74862318]
Measured Yaw Angles = [270. 270. 270. 270. 270. 270. 270. 270. 270.]
Measured Turbine Powers = [2387360.79774769 2387360.79774769 2387360.79774769 2289936.25948299
 2290519.07451124 2290660.05916446 2276950.05233734 2274803.75126907
 2274714.0429989 ]
Distance from Initial Yaw Angle Solution = 34.92650172215438
Distance from Initial Yaw Angle Change Solution = 7.919724694347048
Optimized Yaw Angles = [271.   275.   271.   271.25 272.   272.75 267.75 271.   268.75]
Optimized Yaw Angle Changes = [ 1.    5.    1.    1.25  2.    2.75 -2.25  1.   -1.25]
Convergence Time = 610.9775114900258

Time = 60
Measured Freestream Wind Direction = 261.47386630087004
Measured Freestream Wind Magnitude = 7.736793804348899
Measured Turbine Wind Directions = [261.4738663 261.4738663 261.4738663 261.4738663 261.4738663 261.4738663
 261.4738663 261.4738663 261.4738663]
Measured Turbine Wind Magnitudes = [7.70150375 7.70150375 7.70150375 7.4685727  7.47036311 7.47102393
 7.46015354 7.45747274 7.45640357]
Measured Yaw Angles = [274.30424979 274.30424979 274.00424979 274.30424979 274.00424979
 274.00424979 274.00424979 274.00424979 274.00424979]
Measured Turbine Powers = [1513817.83847071 1513817.83847071 1517121.86198831 1385312.35658617
 1389283.91233102 1389759.09243558 1383329.29865085 1381920.85960859
 1381360.0520415 ]
Distance from Initial Yaw Angle Solution = 32.785207777564395
Distance from Initial Yaw Angle Change Solution = 10.392588640757026
Optimized Yaw Angles = [275.25 274.   271.   273.5  275.   274.75 269.25 268.   267.  ]
Optimized Yaw Angle Changes = [ 0.94575021 -0.30424979 -3.00424979 -0.80424979  0.99575021  0.74575021
 -4.75424979 -6.00424979 -7.00424979]
Convergence Time = 285.7321891159809

Time = 0
Measured Freestream Wind Direction = 259.6951535312339
Measured Freestream Wind Magnitude = 8.944271909999163
Measured Turbine Wind Directions = [259.69515353 259.69515353 259.69515353 259.69515353 259.69515353
 259.69515353 259.69515353 259.69515353 259.69515353]
Measured Turbine Wind Magnitudes = [8.90347415 8.90347415 8.90347415 8.76953686 8.77035195 8.7705491
 8.75168882 8.74874854 8.74862318]
Measured Yaw Angles = [270. 270. 270. 270. 270. 270. 270. 270. 270.]
Measured Turbine Powers = [2387360.79774769 2387360.79774769 2387360.79774769 2289936.25948299
 2290519.07451124 2290660.05916446 2276950.05233734 2274803.75126907
 2274714.0429989 ]
Distance from Initial Yaw Angle Solution = 34.02112664007458
Distance from Initial Yaw Angle Change Solution = 9.880390909745444
Optimized Yaw Angles = [273.5  270.75 273.75 270.5  275.75 269.75 266.75 266.   268.75]
Optimized Yaw Angle Changes = [ 3.5   0.75  3.75  0.5   5.75 -0.25 -3.25 -4.   -1.25]
Convergence Time = 638.2139843470068

Time = 0
Measured Freestream Wind Direction = 259.6951535312339
Measured Freestream Wind Magnitude = 8.944271909999163
Measured Turbine Wind Directions = [259.69515353 259.69515353 259.69515353 259.69515353 259.69515353
 259.69515353 259.69515353 259.69515353 259.69515353]
Measured Turbine Wind Magnitudes = [8.90347415 8.90347415 8.90347415 8.76953686 8.77035195 8.7705491
 8.75168882 8.74874854 8.74862318]
Measured Yaw Angles = [270. 270. 270. 270. 270. 270. 270. 270. 270.]
Measured Turbine Powers = [2387360.79774769 2387360.79774769 2387360.79774769 2289936.25948299
 2290519.07451124 2290660.05916446 2276950.05233734 2274803.75126907
 2274714.0429989 ]
Distance from Initial Yaw Angle Solution = 17.70946074842484
Distance from Initial Yaw Angle Change Solution = 6.958665993378861
Optimized Yaw Angles = [271.5  272.   273.75 273.75 269.75 272.5  269.25 268.5  267.25]
Optimized Yaw Angle Changes = [ 1.5   2.    3.75  3.75 -0.25  2.5  -0.75 -1.5  -2.75]
Convergence Time = 643.7593331670214

Time = 0
Measured Freestream Wind Direction = 257.31961650818016
Measured Freestream Wind Magnitude = 8.200000000000003
Measured Turbine Wind Directions = [257.31961651 257.31961651 257.31961651 257.31961651 257.31961651
 257.31961651 257.31961651 257.31961651 257.31961651]
Measured Turbine Wind Magnitudes = [8.16259711 8.16259711 8.16259711 8.14113638 8.141334   8.14138057
 8.14265809 8.1405798  8.14054967]
Measured Yaw Angles = [270. 270. 270. 270. 270. 270. 270. 270. 270.]
Measured Turbine Powers = [1806690.52815494 1806690.52815494 1806690.52815494 1790932.00358747
 1791076.57715254 1791110.64529931 1792045.4178632  1790523.44416604
 1790501.4031028 ]
Distance from Initial Yaw Angle Solution = 39.95052572476615
Distance from Initial Yaw Angle Change Solution = 7.972605662651108
Optimized Yaw Angles = [271.25 272.25 271.25 272.5  273.75 271.   266.5  268.25 267.  ]
Optimized Yaw Angle Changes = [ 1.25  2.25  1.25  2.5   3.75  1.   -3.5  -1.75 -3.  ]
Convergence Time = 654.7934519870032

Time = 60
Measured Freestream Wind Direction = 265.87022799003773
Measured Freestream Wind Magnitude = 8.556031064691554
Measured Turbine Wind Directions = [265.87022799 265.87022799 265.87022799 265.87022799 265.87022799
 265.87022799 265.87022799 265.87022799 265.87022799]
Measured Turbine Wind Magnitudes = [8.5170042  8.5170042  8.5170042  7.02461712 7.05073448 7.05229464
 7.31937819 7.33102798 7.33090064]
Measured Yaw Angles = [276.02507446 276.32507446 276.32507446 276.32507446 276.32507446
 276.32507446 276.02507446 276.02507446 276.02507446]
Measured Turbine Powers = [2102949.50463939 2099185.6400715  2099185.6400715  1234354.19788341
 1246455.15444233 1247179.33566547 1354132.45835477 1360189.58416909
 1360118.44504775]
Distance from Initial Yaw Angle Solution = 18.20910497107989
Distance from Initial Yaw Angle Change Solution = 18.237239959392216
Optimized Yaw Angles = [270.5  271.5  276.5  269.75 274.5  273.75 268.25 264.75 268.5 ]
Optimized Yaw Angle Changes = [ -5.52507446  -4.82507446   0.17492554  -6.57507446  -1.82507446
  -2.57507446  -7.77507446 -11.27507446  -7.52507446]
Convergence Time = 313.0669447630062

Time = 0
Measured Freestream Wind Direction = 257.31961650818016
Measured Freestream Wind Magnitude = 8.200000000000003
Measured Turbine Wind Directions = [257.31961651 257.31961651 257.31961651 257.31961651 257.31961651
 257.31961651 257.31961651 257.31961651 257.31961651]
Measured Turbine Wind Magnitudes = [8.16259711 8.16259711 8.16259711 8.14113638 8.141334   8.14138057
 8.14265809 8.1405798  8.14054967]
Measured Yaw Angles = [270. 270. 270. 270. 270. 270. 270. 270. 270.]
Measured Turbine Powers = [1806690.52815494 1806690.52815494 1806690.52815494 1790932.00358747
 1791076.57715254 1791110.64529931 1792045.4178632  1790523.44416604
 1790501.4031028 ]
Distance from Initial Yaw Angle Solution = 35.35426638195264
Distance from Initial Yaw Angle Change Solution = 6.386851009253838
Optimized Yaw Angles = [273.25 268.5  269.75 269.25 267.   269.75 265.   268.75 269.  ]
Optimized Yaw Angle Changes = [ 3.25 -1.5  -0.25 -0.75 -3.   -0.25 -5.   -1.25 -1.  ]
Convergence Time = 677.0491479279881

Time = 0
Measured Freestream Wind Direction = 257.31961650818016
Measured Freestream Wind Magnitude = 8.200000000000003
Measured Turbine Wind Directions = [257.31961651 257.31961651 257.31961651 257.31961651 257.31961651
 257.31961651 257.31961651 257.31961651 257.31961651]
Measured Turbine Wind Magnitudes = [8.16259711 8.16259711 8.16259711 8.14113638 8.141334   8.14138057
 8.14265809 8.1405798  8.14054967]
Measured Yaw Angles = [270. 270. 270. 270. 270. 270. 270. 270. 270.]
Measured Turbine Powers = [1806690.52815494 1806690.52815494 1806690.52815494 1790932.00358747
 1791076.57715254 1791110.64529931 1792045.4178632  1790523.44416604
 1790501.4031028 ]
Distance from Initial Yaw Angle Solution = 6.656763477847174
Distance from Initial Yaw Angle Change Solution = 6.656763477847174
Optimized Yaw Angles = [270.25 269.75 270.25 272.5  270.25 268.   264.75 268.   268.5 ]
Optimized Yaw Angle Changes = [ 0.25 -0.25  0.25  2.5   0.25 -2.   -5.25 -2.   -1.5 ]
Convergence Time = 699.2656480450241

Time = 0
Measured Freestream Wind Direction = 259.6951535312339
Measured Freestream Wind Magnitude = 8.944271909999163
Measured Turbine Wind Directions = [259.69515353 259.69515353 259.69515353 259.69515353 259.69515353
 259.69515353 259.69515353 259.69515353 259.69515353]
Measured Turbine Wind Magnitudes = [8.90347415 8.90347415 8.90347415 8.76953686 8.77035195 8.7705491
 8.75168882 8.74874854 8.74862318]
Measured Yaw Angles = [270. 270. 270. 270. 270. 270. 270. 270. 270.]
Measured Turbine Powers = [2387360.79774769 2387360.79774769 2387360.79774769 2289936.25948299
 2290519.07451124 2290660.05916446 2276950.05233734 2274803.75126907
 2274714.0429989 ]
Distance from Initial Yaw Angle Solution = 9.020809276334358
Distance from Initial Yaw Angle Change Solution = 9.020809276334358
Optimized Yaw Angles = [274.5  273.5  272.25 274.   274.   271.   269.   267.25 268.5 ]
Optimized Yaw Angle Changes = [ 4.5   3.5   2.25  4.    4.    1.   -1.   -2.75 -1.5 ]
Convergence Time = 710.3691524780006

Time = 120
Measured Freestream Wind Direction = 267.30191117524214
Measured Freestream Wind Magnitude = 7.187373683084884
Measured Turbine Wind Directions = [267.30191118 267.30191118 267.30191118 267.30191118 267.30191118
 267.30191118 267.30191118 267.30191118 267.30191118]
Measured Turbine Wind Magnitudes = [7.15458972 7.15458972 7.15458972 5.37537316 5.42874587 5.33199895
 5.70934718 5.69549212 5.65385465]
Measured Yaw Angles = [276.47804487 277.22804487 275.72804487 276.47804487 275.47804487
 275.47804487 274.47804487 274.17804487 272.47804487]
Measured Turbine Powers = [1242519.10286862 1237341.57640527 1247330.21081011  563828.41607422
  583627.68861655  553144.52082121  653377.77092811  649490.79026189
  639877.12354351]
Distance from Initial Yaw Angle Solution = 21.65402199027627
Distance from Initial Yaw Angle Change Solution = 11.627451884620914
Optimized Yaw Angles = [275.25 276.25 272.5  277.75 278.25 275.5  268.75 267.25 266.75]
Optimized Yaw Angle Changes = [-1.22804487 -0.97804487 -3.22804487  1.27195513  2.77195513  0.02195513
 -5.72804487 -6.92804487 -5.72804487]
Convergence Time = 281.01749853100046

Time = 120
Measured Freestream Wind Direction = 257.9776751773351
Measured Freestream Wind Magnitude = 7.914754271041662
Measured Turbine Wind Directions = [257.97767518 257.97767518 257.97767518 257.97767518 257.97767518
 257.97767518 257.97767518 257.97767518 257.97767518]
Measured Turbine Wind Magnitudes = [7.87865248 7.87865248 7.87865248 7.79602149 7.81600958 7.8114606
 7.80260673 7.81719139 7.80135912]
Measured Yaw Angles = [262.00744719 264.70744719 264.00744719 263.70744719 265.50744719
 263.25744719 261.70744719 259.20744719 259.25744719]
Measured Turbine Powers = [1690796.32235497 1676871.4064302  1681152.90142306 1631337.30440115
 1632371.51606735 1642976.95648256 1644085.18883731 1659072.48291025
 1649134.31025209]
Distance from Initial Yaw Angle Solution = 37.57799435894617
Distance from Initial Yaw Angle Change Solution = 25.09860027323166
Optimized Yaw Angles = [270.25 271.   276.   271.5  273.5  271.75 266.25 264.75 264.25]
Optimized Yaw Angle Changes = [ 8.24255281  6.29255281 11.99255281  7.79255281  7.99255281  8.49255281
  4.54255281  5.54255281  4.99255281]
Convergence Time = 283.2163641260122

Time = 0
Measured Freestream Wind Direction = 259.6951535312339
Measured Freestream Wind Magnitude = 8.944271909999163
Measured Turbine Wind Directions = [259.69515353 259.69515353 259.69515353 259.69515353 259.69515353
 259.69515353 259.69515353 259.69515353 259.69515353]
Measured Turbine Wind Magnitudes = [8.90347415 8.90347415 8.90347415 8.76953686 8.77035195 8.7705491
 8.75168882 8.74874854 8.74862318]
Measured Yaw Angles = [270. 270. 270. 270. 270. 270. 270. 270. 270.]
Measured Turbine Powers = [2387360.79774769 2387360.79774769 2387360.79774769 2289936.25948299
 2290519.07451124 2290660.05916446 2276950.05233734 2274803.75126907
 2274714.0429989 ]
Distance from Initial Yaw Angle Solution = 30.767668705869124
Distance from Initial Yaw Angle Change Solution = 6.138892956945237
Optimized Yaw Angles = [272.   270.25 271.   271.5  271.25 270.75 267.75 266.75 266.5 ]
Optimized Yaw Angle Changes = [ 2.    0.25  1.    1.5   1.25  0.75 -2.25 -3.25 -3.5 ]
Convergence Time = 1097.7904743870022

Time = 180
Measured Freestream Wind Direction = 266.9608846578919
Measured Freestream Wind Magnitude = 7.201640097048181
Measured Turbine Wind Directions = [266.96088466 266.96088466 266.96088466 266.96088466 266.96088466
 266.96088466 266.96088466 266.96088466 266.96088466]
Measured Turbine Wind Magnitudes = [7.16879106 7.16879106 7.16879106 5.41283389 5.34466934 5.16082502
 5.66483735 5.69524778 5.59779084]
Measured Yaw Angles = [274.90897348 273.80897348 270.80897348 273.30897348 274.80897348
 274.55897348 268.75897348 267.50897348 266.50897348]
Measured Turbine Powers = [1257712.03287421 1263654.34995681 1275368.13886012  585065.12003082
  559723.38505983  500291.89607056  648123.19109806  658926.69337579
  627437.76605749]
Distance from Initial Yaw Angle Solution = 31.54817796283241
Distance from Initial Yaw Angle Change Solution = 17.002951919953578
Optimized Yaw Angles = [279.   280.   278.25 283.25 278.5  278.5  268.25 270.25 264.  ]
Optimized Yaw Angle Changes = [ 4.09102652  6.19102652  7.44102652  9.94102652  3.69102652  3.94102652
 -0.50897348  2.74102652 -2.50897348]
Convergence Time = 300.19319990099757

Time = 60
Measured Freestream Wind Direction = 265.87022799003773
Measured Freestream Wind Magnitude = 8.556031064691554
Measured Turbine Wind Directions = [265.87022799 265.87022799 265.87022799 265.87022799 265.87022799
 265.87022799 265.87022799 265.87022799 265.87022799]
Measured Turbine Wind Magnitudes = [8.5170042  8.5170042  8.5170042  7.04570669 7.05100192 7.05236209
 7.32542276 7.33115615 7.31824703]
Measured Yaw Angles = [276.32507446 276.32507446 276.32507446 276.32507446 276.32507446
 276.02507446 276.02507446 276.02507446 276.02507446]
Measured Turbine Powers = [2099185.6400715  2099185.6400715  2099185.6400715  1244121.84900741
 1246579.23845346 1249472.56741136 1357279.72836802 1360255.72468165
 1353477.32600053]
Distance from Initial Yaw Angle Solution = 19.437692503298518
Distance from Initial Yaw Angle Change Solution = 19.422161036584694
Optimized Yaw Angles = [276.5  273.   274.75 269.25 275.75 267.25 268.75 263.75 269.25]
Optimized Yaw Angle Changes = [  0.17492554  -3.32507446  -1.57507446  -7.07507446  -0.57507446
  -8.77507446  -7.27507446 -12.27507446  -6.77507446]
Convergence Time = 576.0853693280078

Time = 0
Measured Freestream Wind Direction = 257.31961650818016
Measured Freestream Wind Magnitude = 8.200000000000003
Measured Turbine Wind Directions = [257.31961651 257.31961651 257.31961651 257.31961651 257.31961651
 257.31961651 257.31961651 257.31961651 257.31961651]
Measured Turbine Wind Magnitudes = [8.16259711 8.16259711 8.16259711 8.14113638 8.141334   8.14138057
 8.14265809 8.1405798  8.14054967]
Measured Yaw Angles = [270. 270. 270. 270. 270. 270. 270. 270. 270.]
Measured Turbine Powers = [1806690.52815494 1806690.52815494 1806690.52815494 1790932.00358747
 1791076.57715254 1791110.64529931 1792045.4178632  1790523.44416604
 1790501.4031028 ]
Distance from Initial Yaw Angle Solution = 32.47151916383648
Distance from Initial Yaw Angle Change Solution = 8.174457134746879
Optimized Yaw Angles = [268.75 270.25 269.5  270.   269.75 268.75 264.75 264.25 265.  ]
Optimized Yaw Angle Changes = [-1.25  0.25 -0.5   0.   -0.25 -1.25 -5.25 -5.75 -5.  ]
Convergence Time = 1215.465974833991

Time = 60
Measured Freestream Wind Direction = 261.47386630087004
Measured Freestream Wind Magnitude = 7.736793804348899
Measured Turbine Wind Directions = [261.4738663 261.4738663 261.4738663 261.4738663 261.4738663 261.4738663
 261.4738663 261.4738663 261.4738663]
Measured Turbine Wind Magnitudes = [7.70150375 7.70150375 7.70150375 7.4685727  7.47036311 7.47724378
 7.46016363 7.46272948 7.46258695]
Measured Yaw Angles = [274.30424979 274.30424979 274.30424979 274.30424979 274.30424979
 274.30424979 274.00424979 274.00424979 274.00424979]
Measured Turbine Powers = [1513817.83847071 1513817.83847071 1513817.83847071 1385312.35658617
 1386239.42995824 1389945.86927094 1383334.57249745 1384675.94520014
 1384602.06593656]
Distance from Initial Yaw Angle Solution = 35.38571487147072
Distance from Initial Yaw Angle Change Solution = 15.597274406112325
Optimized Yaw Angles = [274.75 277.25 275.25 275.5  277.   273.5  265.75 263.25 267.25]
Optimized Yaw Angle Changes = [  0.44575021   2.94575021   0.94575021   1.19575021   2.69575021
  -0.80424979  -8.25424979 -10.75424979  -6.75424979]
Convergence Time = 564.673869374994

Time = 60
Measured Freestream Wind Direction = 261.47386630087004
Measured Freestream Wind Magnitude = 7.736793804348899
Measured Turbine Wind Directions = [261.4738663 261.4738663 261.4738663 261.4738663 261.4738663 261.4738663
 261.4738663 261.4738663 261.4738663]
Measured Turbine Wind Magnitudes = [7.70150375 7.70150375 7.70150375 7.4685727  7.46445628 7.4709558
 7.45483463 7.45652221 7.45634642]
Measured Yaw Angles = [274.30424979 274.00424979 274.00424979 274.00424979 274.00424979
 274.00424979 274.00424979 274.00424979 274.00424979]
Measured Turbine Powers = [1513817.83847071 1517121.86198831 1517121.86198831 1388356.15427017
 1386215.76855612 1389723.73828738 1380542.81499169 1381421.40802849
 1381330.19499195]
Distance from Initial Yaw Angle Solution = 31.126355541298032
Distance from Initial Yaw Angle Change Solution = 14.702015492595791
Optimized Yaw Angles = [276.25 273.75 274.5  275.25 270.75 271.25 265.5  267.25 264.5 ]
Optimized Yaw Angle Changes = [ 1.94575021 -0.25424979  0.49575021  1.24575021 -3.25424979 -2.75424979
 -8.50424979 -6.75424979 -9.50424979]
Convergence Time = 547.6878617870098

Time = 60
Measured Freestream Wind Direction = 265.87022799003773
Measured Freestream Wind Magnitude = 8.556031064691554
Measured Turbine Wind Directions = [265.87022799 265.87022799 265.87022799 265.87022799 265.87022799
 265.87022799 265.87022799 265.87022799 265.87022799]
Measured Turbine Wind Magnitudes = [8.5170042  8.5170042  8.5170042  7.04570669 7.05100192 7.05236209
 7.32542276 7.33115615 7.33093195]
Measured Yaw Angles = [276.32507446 276.32507446 276.32507446 276.32507446 276.32507446
 276.32507446 276.02507446 276.32507446 276.02507446]
Measured Turbine Powers = [2099185.6400715  2099185.6400715  2099185.6400715  1244121.84900741
 1246579.23845346 1247210.64367039 1357279.72836802 1357812.67539173
 1360134.60266215]
Distance from Initial Yaw Angle Solution = 23.329073753825483
Distance from Initial Yaw Angle Change Solution = 13.464819208669914
Optimized Yaw Angles = [274.   277.25 271.25 273.25 276.25 276.75 268.   271.25 268.25]
Optimized Yaw Angle Changes = [-2.32507446  0.92492554 -5.07507446 -3.07507446 -0.07507446  0.42492554
 -8.02507446 -5.07507446 -7.77507446]
Convergence Time = 623.9587934729934

Time = 180
Measured Freestream Wind Direction = 262.92181862095816
Measured Freestream Wind Magnitude = 8.799170350641104
Measured Turbine Wind Directions = [262.92181862 262.92181862 262.92181862 262.92181862 262.92181862
 262.92181862 262.92181862 262.92181862 262.92181862]
Measured Turbine Wind Magnitudes = [8.75903445 8.75903445 8.75903445 8.2405949  8.27998366 8.4309095
 8.2411119  8.37884279 8.3943361 ]
Measured Yaw Angles = [275.29414344 276.29414344 281.29414344 274.84414344 279.29414344
 278.54414344 273.04414344 269.69414344 273.29414344]
Measured Turbine Powers = [2251009.60240166 2234885.60368234 2135410.5460558  1895423.44164402
 1847111.22031007 1963167.97437741 1913720.01915639 2044262.62906185
 2018576.00675314]
Distance from Initial Yaw Angle Solution = 31.979026249609365
Distance from Initial Yaw Angle Change Solution = 12.978275606216352
Optimized Yaw Angles = [276.5  275.5  276.5  273.   276.75 276.5  266.5  263.5  265.25]
Optimized Yaw Angle Changes = [ 1.20585656 -0.79414344 -4.79414344 -1.84414344 -2.54414344 -2.04414344
 -6.54414344 -6.19414344 -8.04414344]
Convergence Time = 293.9996320140199

Time = 60
Measured Freestream Wind Direction = 265.87022799003773
Measured Freestream Wind Magnitude = 8.556031064691554
Measured Turbine Wind Directions = [265.87022799 265.87022799 265.87022799 265.87022799 265.87022799
 265.87022799 265.87022799 265.87022799 265.87022799]
Measured Turbine Wind Magnitudes = [8.5170042  8.5170042  8.5170042  7.04570669 7.05100192 7.05236209
 7.32542276 7.31847475 7.33077448]
Measured Yaw Angles = [276.32507446 276.32507446 276.32507446 276.32507446 276.02507446
 276.32507446 276.02507446 276.02507446 276.02507446]
Measured Turbine Powers = [2099185.6400715  2099185.6400715  2099185.6400715  1244121.84900741
 1248840.7853941  1247210.64367039 1357279.72836802 1353600.53084814
 1360052.49367625]
Distance from Initial Yaw Angle Solution = 26.880522688370476
Distance from Initial Yaw Angle Change Solution = 15.27820139796825
Optimized Yaw Angles = [275.75 277.5  276.25 275.75 275.   274.25 268.25 268.75 265.5 ]
Optimized Yaw Angle Changes = [ -0.57507446   1.17492554  -0.07507446  -0.57507446  -1.02507446
  -2.07507446  -7.77507446  -7.27507446 -10.52507446]
Convergence Time = 646.5269036729878

Time = 60
Measured Freestream Wind Direction = 261.47386630087004
Measured Freestream Wind Magnitude = 7.736793804348899
Measured Turbine Wind Directions = [261.4738663 261.4738663 261.4738663 261.4738663 261.4738663 261.4738663
 261.4738663 261.4738663 261.4738663]
Measured Turbine Wind Magnitudes = [7.70150375 7.70150375 7.70150375 7.4685727  7.46445628 7.4771772
 7.46013193 7.46185151 7.45731363]
Measured Yaw Angles = [274.30424979 274.00424979 274.30424979 274.30424979 274.30424979
 274.00424979 274.00424979 274.00424979 274.00424979]
Measured Turbine Powers = [1513817.83847071 1517121.86198831 1513817.83847071 1385312.35658617
 1383173.55048446 1392958.49785673 1383318.00195468 1384214.13785832
 1381838.38340572]
Distance from Initial Yaw Angle Solution = 7.224332862381747
Distance from Initial Yaw Angle Change Solution = 15.399814511217535
Optimized Yaw Angles = [273.   272.25 272.   273.25 272.5  271.   264.5  265.25 267.  ]
Optimized Yaw Angle Changes = [-1.30424979 -1.75424979 -2.30424979 -1.05424979 -1.80424979 -3.00424979
 -9.50424979 -8.75424979 -7.00424979]
Convergence Time = 608.4076017560146
0.0007342287606046938
-0.0017964161328917205

Time = 60
Measured Freestream Wind Direction = 265.87022799003773
Measured Freestream Wind Magnitude = 8.556031064691554
Measured Turbine Wind Directions = [265.87022799 265.87022799 265.87022799 265.87022799 265.87022799
 265.87022799 265.87022799 265.87022799 265.87022799]
Measured Turbine Wind Magnitudes = [8.5170042  8.5170042  8.5170042  7.04570669 7.05100192 7.05236209
 7.32542276 7.33115615 7.33093195]
Measured Yaw Angles = [276.32507446 276.32507446 276.32507446 276.32507446 276.32507446
 276.32507446 276.02507446 276.02507446 276.02507446]
Measured Turbine Powers = [2099185.6400715  2099185.6400715  2099185.6400715  1244121.84900741
 1246579.23845346 1247210.64367039 1357279.72836802 1360255.72468165
 1360134.60266215]
Distance from Initial Yaw Angle Solution = 1.6188477448719796
Distance from Initial Yaw Angle Change Solution = 14.210750887068006
Optimized Yaw Angles = [278.5  276.25 276.5  277.   278.5  274.25 269.25 266.25 269.  ]
Optimized Yaw Angle Changes = [ 2.17492554 -0.07507446  0.17492554  0.67492554  2.17492554 -2.07507446
 -6.77507446 -9.77507446 -7.02507446]
Convergence Time = 637.0580520410149

Time = 240
Measured Freestream Wind Direction = 269.5339712623022
Measured Freestream Wind Magnitude = 7.402069446584705
Measured Turbine Wind Directions = [269.53397126 269.53397126 269.53397126 269.53397126 269.53397126
 269.53397126 269.53397126 269.53397126 269.53397126]
Measured Turbine Wind Magnitudes = [7.36830618 7.36830618 7.36830618 4.90727584 4.96198813 4.78767049
 5.34026561 5.3964562  5.18294107]
Measured Yaw Angles = [277.9730866 278.9730866 275.2230866 280.4730866 280.9730866 278.2230866
 271.1730866 269.9730866 269.1730866]
Measured Turbine Powers = [1362737.39260167 1355691.77939849 1378046.00732074  391061.56155946
  403175.0200169   365708.04063109  533005.94054173  552667.35438587
  478976.98736242]
Distance from Initial Yaw Angle Solution = 29.81903626991493
Distance from Initial Yaw Angle Change Solution = 11.426075998088027
Optimized Yaw Angles = [281.75 279.25 280.   284.5  279.25 283.   271.   272.5  264.5 ]
Optimized Yaw Angle Changes = [ 3.7769134  0.2769134  4.7769134  4.0269134 -1.7230866  4.7769134
 -0.1730866  2.5269134 -4.6730866]
Convergence Time = 255.08441134900204

Time = 0
Measured Freestream Wind Direction = 257.31961650818016
Measured Freestream Wind Magnitude = 8.200000000000003
Measured Turbine Wind Directions = [257.31961651 257.31961651 257.31961651 257.31961651 257.31961651
 257.31961651 257.31961651 257.31961651 257.31961651]
Measured Turbine Wind Magnitudes = [8.16259711 8.16259711 8.16259711 8.14113638 8.141334   8.14138057
 8.14265809 8.1405798  8.14054967]
Measured Yaw Angles = [270. 270. 270. 270. 270. 270. 270. 270. 270.]
Measured Turbine Powers = [1806690.52815494 1806690.52815494 1806690.52815494 1790932.00358747
 1791076.57715254 1791110.64529931 1792045.4178632  1790523.44416604
 1790501.4031028 ]
Distance from Initial Yaw Angle Solution = 38.403248729611065
Distance from Initial Yaw Angle Change Solution = 4.491204034564725
Optimized Yaw Angles = [271.   271.   271.5  271.   270.25 270.75 267.75 269.   268.25]
Optimized Yaw Angle Changes = [ 1.    1.    1.5   1.    0.25  0.75 -2.25 -1.   -1.75]
Convergence Time = 1515.366697339021

Time = 240
Measured Freestream Wind Direction = 263.08608020784925
Measured Freestream Wind Magnitude = 7.809859740332244
Measured Turbine Wind Directions = [263.08608021 263.08608021 263.08608021 263.08608021 263.08608021
 263.08608021 263.08608021 263.08608021 263.08608021]
Measured Turbine Wind Magnitudes = [7.77423641 7.77423641 7.77423641 7.08884317 7.12276342 7.312796
 7.15126042 7.2180443  7.21125045]
Measured Yaw Angles = [270.56426159 271.31426159 276.31426159 271.81426159 273.81426159
 272.06426159 266.56426159 264.76426159 264.56426159]
Measured Turbine Powers = [1606567.94090422 1601145.1741819  1552383.48941251 1235832.23214612
 1237539.89615114 1341839.06046791 1280804.7997156  1318359.82086673
 1317168.81309662]
Distance from Initial Yaw Angle Solution = 34.730953762428065
Distance from Initial Yaw Angle Change Solution = 13.474232520468156
Optimized Yaw Angles = [277.75 277.5  278.5  275.   277.25 275.25 270.   263.75 265.75]
Optimized Yaw Angle Changes = [ 7.18573841  6.18573841  2.18573841  3.18573841  3.43573841  3.18573841
  3.43573841 -1.01426159  1.18573841]
Convergence Time = 301.00527504400816

Time = 0
Measured Freestream Wind Direction = 259.6951535312339
Measured Freestream Wind Magnitude = 8.944271909999163
Measured Turbine Wind Directions = [259.69515353 259.69515353 259.69515353 259.69515353 259.69515353
 259.69515353 259.69515353 259.69515353 259.69515353]
Measured Turbine Wind Magnitudes = [8.90347415 8.90347415 8.90347415 8.76953686 8.77035195 8.7705491
 8.75168882 8.74874854 8.74862318]
Measured Yaw Angles = [270. 270. 270. 270. 270. 270. 270. 270. 270.]
Measured Turbine Powers = [2387360.79774769 2387360.79774769 2387360.79774769 2289936.25948299
 2290519.07451124 2290660.05916446 2276950.05233734 2274803.75126907
 2274714.0429989 ]
Distance from Initial Yaw Angle Solution = 33.14284089033074
Distance from Initial Yaw Angle Change Solution = 9.600047991635348
Optimized Yaw Angles = [272.25 274.   273.5  270.25 274.25 267.25 266.25 267.   268.  ]
Optimized Yaw Angle Changes = [ 2.25  4.    3.5   0.25  4.25 -2.75 -3.75 -3.   -2.  ]
Convergence Time = 1676.597186309984

Time = 120
Measured Freestream Wind Direction = 257.9776751773351
Measured Freestream Wind Magnitude = 7.914754271041662
Measured Turbine Wind Directions = [257.97767518 257.97767518 257.97767518 257.97767518 257.97767518
 257.97767518 257.97767518 257.97767518 257.97767518]
Measured Turbine Wind Magnitudes = [7.87865248 7.87865248 7.87865248 7.82268664 7.80426656 7.82423661
 7.7964289  7.82969602 7.79110076]
Measured Yaw Angles = [265.75744719 263.00744719 266.00744719 262.45744719 267.85744719
 261.70744719 259.00744719 257.95744719 261.00744719]
Measured Turbine Powers = [1669567.7814041  1686454.07814962 1667672.90332438 1653689.89399912
 1606371.98778748 1657589.30003021 1646340.57767569 1667624.97601155
 1639259.67927952]
Distance from Initial Yaw Angle Solution = 35.75796990622288
Distance from Initial Yaw Angle Change Solution = 23.040903147252134
Optimized Yaw Angles = [272.5  271.5  274.75 272.25 270.25 268.   265.25 265.5  264.25]
Optimized Yaw Angle Changes = [6.74255281 8.49255281 8.74255281 9.79255281 2.39255281 6.29255281
 6.24255281 7.54255281 3.24255281]
Convergence Time = 487.7643942370196
capi_return is NULL
Call-back cb_slfunc_in_slsqp__user__routines failed.

Time = 120
Measured Freestream Wind Direction = 267.30191117524214
Measured Freestream Wind Magnitude = 7.187373683084884
Measured Turbine Wind Directions = [267.30191118 267.30191118 267.30191118 267.30191118 267.30191118
 267.30191118 267.30191118 267.30191118 267.30191118]
Measured Turbine Wind Magnitudes = [7.15458972 7.15458972 7.15458972 5.42473499 5.49536215 5.43148702
 5.80800377 5.88776177 5.75744509]
Measured Yaw Angles = [277.22804487 278.22804487 277.22804487 278.47804487 279.72804487
 276.97804487 272.17804487 273.92804487 272.97804487]
Measured Turbine Powers = [1237341.57640527 1229912.58138284 1237341.57640527  572074.04757882
  588600.76816437  579721.04283757  690353.51851107  712051.07908438
  672401.30935477]
Distance from Initial Yaw Angle Solution = 23.15978174996156
Distance from Initial Yaw Angle Change Solution = 13.336774935407162
Optimized Yaw Angles = [275.75 279.   276.5  278.   277.5  271.75 266.25 265.25 267.25]
Optimized Yaw Angle Changes = [-1.47804487  0.77195513 -0.72804487 -0.47804487 -2.22804487 -5.22804487
 -5.92804487 -8.67804487 -5.72804487]
Convergence Time = 524.5060999919951

Time = 120
Measured Freestream Wind Direction = 267.30191117524214
Measured Freestream Wind Magnitude = 7.187373683084884
Measured Turbine Wind Directions = [267.30191118 267.30191118 267.30191118 267.30191118 267.30191118
 267.30191118 267.30191118 267.30191118 267.30191118]
Measured Turbine Wind Magnitudes = [7.15458972 7.15458972 7.15458972 5.55647509 5.25205354 5.33016239
 5.73133658 5.52181204 5.66097481]
Measured Yaw Angles = [279.22804487 274.47804487 275.72804487 275.22804487 272.97804487
 275.72804487 270.97804487 274.42804487 274.67804487]
Measured Turbine Powers = [1221769.86337585 1254436.90034966 1247330.21081011  623898.64086769
  533464.3552228   551837.26537658  667134.95014487  592107.48632651
  637185.04970676]
Distance from Initial Yaw Angle Solution = 20.357816748042104
Distance from Initial Yaw Angle Change Solution = 14.010346499353158
Optimized Yaw Angles = [277.25 274.5  275.5  277.75 274.   273.   265.5  267.75 264.75]
Optimized Yaw Angle Changes = [-1.97804487  0.02195513 -0.22804487  2.52195513  1.02195513 -2.72804487
 -5.47804487 -6.67804487 -9.92804487]
Convergence Time = 519.4015357329918
capi_return is NULL
Call-back cb_slfunc_in_slsqp__user__routines failed.

Time = 120
Measured Freestream Wind Direction = 257.9776751773351
Measured Freestream Wind Magnitude = 7.914754271041662
Measured Turbine Wind Directions = [257.97767518 257.97767518 257.97767518 257.97767518 257.97767518
 257.97767518 257.97767518 257.97767518 257.97767518]
Measured Turbine Wind Magnitudes = [7.87865248 7.87865248 7.87865248 7.80952926 7.81312549 7.82429161
 7.81963361 7.7918162  7.81339367]
Measured Yaw Angles = [263.75744719 264.25744719 266.00744719 266.00744719 262.00744719
 264.75744719 261.20744719 260.75744719 259.20744719]
Measured Turbine Powers = [1682568.10588776 1679677.75126326 1667672.90332438 1624858.73335828
 1649544.99419218 1642364.32133558 1656357.23075379 1640361.517791
 1656699.0998915 ]
Distance from Initial Yaw Angle Solution = 20.05617112013158
Distance from Initial Yaw Angle Change Solution = 31.005056813655813
Optimized Yaw Angles = [277.25 276.5  276.   275.25 276.5  274.5  266.25 265.25 264.75]
Optimized Yaw Angle Changes = [13.49255281 12.24255281  9.99255281  9.24255281 14.49255281  9.74255281
  5.04255281  4.49255281  5.54255281]
Convergence Time = 548.7265422659984
0.0007063204304468274
-0.011057989815312474

Time = 120
Measured Freestream Wind Direction = 267.30191117524214
Measured Freestream Wind Magnitude = 7.187373683084884
Measured Turbine Wind Directions = [267.30191118 267.30191118 267.30191118 267.30191118 267.30191118
 267.30191118 267.30191118 267.30191118 267.30191118]
Measured Turbine Wind Magnitudes = [7.15458972 7.15458972 7.15458972 5.35897794 5.3300804  5.36330345
 5.7791855  5.68399368 5.60939885]
Measured Yaw Angles = [276.22804487 275.72804487 276.22804487 278.47804487 276.22804487
 273.97804487 270.42804487 273.67804487 274.17804487]
Measured Turbine Powers = [1244168.40565632 1247330.21081011 1244168.40565632  551513.61368735
  550295.63800413  566980.73401239  683773.56989484  647210.15495923
  621417.63534786]
Distance from Initial Yaw Angle Solution = 0.3781938480209408
Distance from Initial Yaw Angle Change Solution = 12.911260718312104
Optimized Yaw Angles = [276.25 275.75 274.75 274.75 276.   273.5  265.5  264.75 267.5 ]
Optimized Yaw Angle Changes = [ 0.02195513  0.02195513 -1.47804487 -3.72804487 -0.22804487 -0.47804487
 -4.92804487 -8.92804487 -6.67804487]
Convergence Time = 571.880302280013

Time = 180
Measured Freestream Wind Direction = 262.92181862095816
Measured Freestream Wind Magnitude = 8.799170350641104
Measured Turbine Wind Directions = [262.92181862 262.92181862 262.92181862 262.92181862 262.92181862
 262.92181862 262.92181862 262.92181862 262.92181862]
Measured Turbine Wind Magnitudes = [8.75903445 8.75903445 8.75903445 8.42798011 8.33199145 8.38894527
 8.27839527 8.42634491 8.21358658]
Measured Yaw Angles = [281.29414344 277.79414344 279.69414344 274.34414344 280.54414344
 272.34414344 273.54414344 268.84414344 274.04414344]
Measured Turbine Powers = [2135410.5460558  2208344.6447871  2170665.29341308 2029745.47825131
 1856453.89813224 2027940.66920825 1935247.19227586 2084602.73978436
 1884349.70942908]
Distance from Initial Yaw Angle Solution = 28.85647384872048
Distance from Initial Yaw Angle Change Solution = 16.23004801142838
Optimized Yaw Angles = [278.   273.5  276.25 274.5  272.25 272.   265.   263.   265.75]
Optimized Yaw Angle Changes = [-3.29414344 -4.29414344 -3.44414344  0.15585656 -8.29414344 -0.34414344
 -8.54414344 -5.84414344 -8.29414344]
Convergence Time = 349.17023876000894

Time = 60
Measured Freestream Wind Direction = 265.87022799003773
Measured Freestream Wind Magnitude = 8.556031064691554
Measured Turbine Wind Directions = [265.87022799 265.87022799 265.87022799 265.87022799 265.87022799
 265.87022799 265.87022799 265.87022799 265.87022799]
Measured Turbine Wind Magnitudes = [8.5170042  8.5170042  8.5170042  7.04570669 7.05100192 7.05236209
 7.32542276 7.33115615 7.33093195]
Measured Yaw Angles = [276.32507446 276.32507446 276.32507446 276.32507446 276.32507446
 276.32507446 276.02507446 276.02507446 276.02507446]
Measured Turbine Powers = [2099185.6400715  2099185.6400715  2099185.6400715  1244121.84900741
 1246579.23845346 1247210.64367039 1357279.72836802 1360255.72468165
 1360134.60266215]
Distance from Initial Yaw Angle Solution = 21.82455113139559
Distance from Initial Yaw Angle Change Solution = 15.520623656425446
Optimized Yaw Angles = [276.5  273.25 276.25 275.5  272.75 272.75 269.25 266.5  267.25]
Optimized Yaw Angle Changes = [ 0.17492554 -3.07507446 -0.07507446 -0.82507446 -3.57507446 -3.57507446
 -6.77507446 -9.52507446 -8.77507446]
Convergence Time = 991.0768766340043

Time = 180
Measured Freestream Wind Direction = 266.9608846578919
Measured Freestream Wind Magnitude = 7.201640097048181
Measured Turbine Wind Directions = [266.96088466 266.96088466 266.96088466 266.96088466 266.96088466
 266.96088466 266.96088466 266.96088466 266.96088466]
Measured Turbine Wind Magnitudes = [7.16879106 7.16879106 7.16879106 5.39007283 5.5564939  5.42809178
 5.73472179 5.86259193 5.66392681]
Measured Yaw Angles = [274.55897348 277.05897348 275.05897348 275.30897348 276.80897348
 273.00897348 265.55897348 263.05897348 266.90897348]
Measured Turbine Powers = [1259698.67771119 1243543.84847397 1256833.20806839  572695.98688334
  619419.58280289  590514.92437056  671424.64032994  710050.14831124
  648336.72988448]
Distance from Initial Yaw Angle Solution = 29.41934010066688
Distance from Initial Yaw Angle Change Solution = 10.45664925400033
Optimized Yaw Angles = [276.75 280.5  278.75 281.   280.25 275.25 267.25 264.75 267.  ]
Optimized Yaw Angle Changes = [2.19102652 3.44102652 3.69102652 5.69102652 3.44102652 2.24102652
 1.69102652 1.69102652 0.09102652]
Convergence Time = 351.6675146080088

Time = 180
Measured Freestream Wind Direction = 266.9608846578919
Measured Freestream Wind Magnitude = 7.201640097048181
Measured Turbine Wind Directions = [266.96088466 266.96088466 266.96088466 266.96088466 266.96088466
 266.96088466 266.96088466 266.96088466 266.96088466]
Measured Turbine Wind Magnitudes = [7.16879106 7.16879106 7.16879106 5.48815526 5.32974152 5.37657474
 5.76416385 5.53034562 5.56528826]
Measured Yaw Angles = [276.05897348 273.55897348 274.30897348 275.05897348 270.55897348
 271.05897348 265.15897348 267.05897348 264.30897348]
Measured Turbine Powers = [1250554.08859296 1264881.57845335 1261062.90274248  604067.4202572
  563455.18221542  577751.83525395  680529.95291625  603917.67126621
  614275.9034564 ]
Distance from Initial Yaw Angle Solution = 24.503438448527184
Distance from Initial Yaw Angle Change Solution = 10.95977774604908
Optimized Yaw Angles = [278.   277.25 278.5  276.   272.5  277.75 269.25 268.25 265.  ]
Optimized Yaw Angle Changes = [1.94102652 3.69102652 4.19102652 0.94102652 1.94102652 6.69102652
 4.09102652 1.19102652 0.69102652]
Convergence Time = 356.53801209901576

Time = 60
Measured Freestream Wind Direction = 261.47386630087004
Measured Freestream Wind Magnitude = 7.736793804348899
Measured Turbine Wind Directions = [261.4738663 261.4738663 261.4738663 261.4738663 261.4738663 261.4738663
 261.4738663 261.4738663 261.4738663]
Measured Turbine Wind Magnitudes = [7.70150375 7.70150375 7.70150375 7.46261777 7.47030181 7.47100747
 7.45662624 7.4574019  7.45638717]
Measured Yaw Angles = [274.00424979 274.30424979 274.00424979 274.15424979 274.00424979
 274.00424979 274.00424979 274.00424979 274.00424979]
Measured Turbine Powers = [1517121.86198831 1513817.83847071 1517121.86198831 1383752.46980102
 1389252.144656   1389750.55359362 1381479.5406819  1381883.84350362
 1381351.482634  ]
Distance from Initial Yaw Angle Solution = 24.91157288315766
Distance from Initial Yaw Angle Change Solution = 17.02561408000678
Optimized Yaw Angles = [270.25 272.   272.   271.5  271.75 270.75 264.   265.25 264.5 ]
Optimized Yaw Angle Changes = [ -3.75424979  -2.30424979  -2.00424979  -2.65424979  -2.25424979
  -3.25424979 -10.00424979  -8.75424979  -9.50424979]
Convergence Time = 957.0472180479846

Time = 180
Measured Freestream Wind Direction = 262.92181862095816
Measured Freestream Wind Magnitude = 8.799170350641104
Measured Turbine Wind Directions = [262.92181862 262.92181862 262.92181862 262.92181862 262.92181862
 262.92181862 262.92181862 262.92181862 262.92181862]
Measured Turbine Wind Magnitudes = [8.75903445 8.75903445 8.75903445 8.41629486 8.45588984 8.42624063
 8.43487301 8.43468047 8.41343307]
Measured Yaw Angles = [280.84414344 282.29414344 281.04414344 280.54414344 280.09414344
 279.34414344 273.04414344 273.54414344 270.29414344]
Measured Turbine Powers = [2145651.95675219 2111737.62877177 2141131.73072765 1913113.02691447
 1949447.3840529  1944497.9323685  2049983.03607298 2043583.69070426
 2063935.27618854]
Distance from Initial Yaw Angle Solution = 0.0
Distance from Initial Yaw Angle Change Solution = 16.709857032177393
Optimized Yaw Angles = [280.5  280.25 280.25 278.   278.   277.75 263.   263.   263.  ]
Optimized Yaw Angle Changes = [ -0.34414344  -2.04414344  -0.79414344  -2.54414344  -2.09414344
  -1.59414344 -10.04414344 -10.54414344  -7.29414344]
Convergence Time = 421.4563492090092
-0.0003574279358288246
-0.022238820625447686

Time = 180
Measured Freestream Wind Direction = 266.9608846578919
Measured Freestream Wind Magnitude = 7.201640097048181
Measured Turbine Wind Directions = [266.96088466 266.96088466 266.96088466 266.96088466 266.96088466
 266.96088466 266.96088466 266.96088466 266.96088466]
Measured Turbine Wind Magnitudes = [7.16879106 7.16879106 7.16879106 5.27867896 5.23343785 5.21790587
 5.59620599 5.54821359 5.48679866]
Measured Yaw Angles = [272.80897348 272.05897348 271.80897348 273.05897348 272.30897348
 270.80897348 264.30897348 264.75897348 266.80897348]
Measured Turbine Powers = [1268289.31878259 1271286.19739834 1272193.86567906  542741.84728062
  529424.69136423  526658.86318067  625173.34140013  609691.84269616
  589757.94865107]
Distance from Initial Yaw Angle Solution = 0.44461227580834295
Distance from Initial Yaw Angle Change Solution = 12.39127834194634
Optimized Yaw Angles = [277.75 278.25 277.   276.5  277.75 276.   265.25 265.   268.  ]
Optimized Yaw Angle Changes = [4.94102652 6.19102652 5.19102652 3.44102652 5.44102652 5.19102652
 0.94102652 0.24102652 1.19102652]
Convergence Time = 421.98983155499445

Time = 240
Measured Freestream Wind Direction = 263.08608020784925
Measured Freestream Wind Magnitude = 7.809859740332244
Measured Turbine Wind Directions = [263.08608021 263.08608021 263.08608021 263.08608021 263.08608021
 263.08608021 263.08608021 263.08608021 263.08608021]
Measured Turbine Wind Magnitudes = [7.77423641 7.77423641 7.77423641 7.1831145  7.14497868 7.27038312
 7.18980566 7.12625821 7.07795086]
Measured Yaw Angles = [272.81426159 271.81426159 275.06426159 272.56426159 270.56426159
 268.31426159 265.26426159 265.51426159 264.56426159]
Measured Turbine Powers = [1588744.42815376 1597242.02688214 1566568.51330141 1275196.61863087
 1269593.8550834  1341279.23214588 1303140.02951337 1270610.28334096
 1248009.08110089]
Distance from Initial Yaw Angle Solution = 37.36371942053069
Distance from Initial Yaw Angle Change Solution = 17.742555134322266
Optimized Yaw Angles = [279.75 277.25 279.5  278.25 278.25 276.5  266.   263.   263.  ]
Optimized Yaw Angle Changes = [ 6.93573841  5.43573841  4.43573841  5.68573841  7.68573841  8.18573841
  0.73573841 -2.51426159 -1.56426159]
Convergence Time = 335.1667652630131
capi_return is NULL
Call-back cb_slfunc_in_slsqp__user__routines failed.

Time = 240
Measured Freestream Wind Direction = 269.5339712623022
Measured Freestream Wind Magnitude = 7.402069446584705
Measured Turbine Wind Directions = [269.53397126 269.53397126 269.53397126 269.53397126 269.53397126
 269.53397126 269.53397126 269.53397126 269.53397126]
Measured Turbine Wind Magnitudes = [7.36830618 7.36830618 7.36830618 5.01439575 4.87418047 4.92305154
 5.39423151 5.18143696 5.18605526]
Measured Yaw Angles = [279.9730866 277.2230866 278.2230866 280.1730866 276.4230866 275.7230866
 268.2230866 270.4730866 267.4730866]
Measured Turbine Powers = [1347857.02346663 1367503.90046968 1361049.9551943   424230.31133658
  390654.73998116  403759.42519398  551954.75138035  478883.99650794
  480034.4965017 ]
Distance from Initial Yaw Angle Solution = 17.645722229752987
Distance from Initial Yaw Angle Change Solution = 7.727296417784121
Optimized Yaw Angles = [274.75 275.5  277.75 276.75 275.25 278.   270.75 269.   264.75]
Optimized Yaw Angle Changes = [-5.2230866 -1.7230866 -0.4730866 -3.4230866 -1.1730866  2.2769134
  2.5269134 -1.4730866 -2.7230866]
Convergence Time = 339.01558143500006
-0.0001860178200163709
1.8243980195784122
False

Time = 60
Measured Freestream Wind Direction = 261.47386630087004
Measured Freestream Wind Magnitude = 7.736793804348899
Measured Turbine Wind Directions = [261.4738663 261.4738663 261.4738663 261.4738663 261.4738663 261.4738663
 261.4738663 261.4738663 261.4738663]
Measured Turbine Wind Magnitudes = [7.70150375 7.70150375 7.70150375 7.4685727  7.47036311 7.47724378
 7.46016363 7.46272948 7.46258695]
Measured Yaw Angles = [274.30424979 274.30424979 274.30424979 274.30424979 274.30424979
 274.30424979 274.00424979 274.00424979 274.00424979]
Measured Turbine Powers = [1513817.83847071 1513817.83847071 1513817.83847071 1385312.35658617
 1386239.42995824 1389945.86927094 1383334.57249745 1384675.94520014
 1384602.06593656]
Distance from Initial Yaw Angle Solution = 45.652147792635745
Distance from Initial Yaw Angle Change Solution = 24.181486984885836
Optimized Yaw Angles = [286.   279.75 281.75 276.25 277.75 273.5  263.5  271.5  259.25]
Optimized Yaw Angle Changes = [ 11.69575021   5.44575021   7.44575021   1.94575021   3.44575021
  -0.80424979 -10.50424979  -2.50424979 -14.75424979]
Convergence Time = 985.0867933009868

Time = 240
Measured Freestream Wind Direction = 263.08608020784925
Measured Freestream Wind Magnitude = 7.809859740332244
Measured Turbine Wind Directions = [263.08608021 263.08608021 263.08608021 263.08608021 263.08608021
 263.08608021 263.08608021 263.08608021 263.08608021]
Measured Turbine Wind Magnitudes = [7.77423641 7.77423641 7.77423641 7.35114256 7.33109717 7.31552267
 7.3194097  7.35207271 7.29598085]
Measured Yaw Angles = [277.56426159 276.81426159 276.31426159 275.56426159 276.81426159
 274.81426159 266.26426159 265.26426159 264.76426159]
Measured Turbine Powers = [1536787.99294274 1546314.6072203  1552383.48941251 1331855.18003319
 1309325.18482447 1321276.26033286 1369734.11134166 1388885.77423807
 1360324.77668046]
Distance from Initial Yaw Angle Solution = 0.0
Distance from Initial Yaw Angle Change Solution = 9.495679112669146
Optimized Yaw Angles = [281.   280.75 281.   278.5  278.5  278.25 263.   263.   263.  ]
Optimized Yaw Angle Changes = [ 3.43573841  3.93573841  4.68573841  2.93573841  1.68573841  3.43573841
 -3.26426159 -2.26426159 -1.76426159]
Convergence Time = 298.7101082119916
-0.0010780571738711053
-0.03178756494436097

Time = 240
Measured Freestream Wind Direction = 269.5339712623022
Measured Freestream Wind Magnitude = 7.402069446584705
Measured Turbine Wind Directions = [269.53397126 269.53397126 269.53397126 269.53397126 269.53397126
 269.53397126 269.53397126 269.53397126 269.53397126]
Measured Turbine Wind Magnitudes = [7.36830618 7.36830618 7.36830618 4.95930845 4.93616335 4.88612826
 5.26440772 5.29795824 5.18124682]
Measured Yaw Angles = [278.9730866 278.4730866 277.4730866 277.4730866 278.7230866 276.2230866
 267.9230866 267.4730866 270.2230866]
Measured Turbine Powers = [1355691.77939849 1359313.21013323 1365964.3612265   412790.47680606
  401967.75111635  393925.8557205   507503.26959362  518592.62063453
  478920.63063128]
Distance from Initial Yaw Angle Solution = 1.0855546490552963
Distance from Initial Yaw Angle Change Solution = 6.6060267578889205
Optimized Yaw Angles = [280.5  279.25 280.5  278.25 280.5  279.5  266.   264.5  267.25]
Optimized Yaw Angle Changes = [ 1.5269134  0.7769134  3.0269134  0.7769134  1.7769134  3.2769134
 -1.9230866 -2.9730866 -2.9730866]
Convergence Time = 288.339904966997

Time = 60
Measured Freestream Wind Direction = 265.87022799003773
Measured Freestream Wind Magnitude = 8.556031064691554
Measured Turbine Wind Directions = [265.87022799 265.87022799 265.87022799 265.87022799 265.87022799
 265.87022799 265.87022799 265.87022799 265.87022799]
Measured Turbine Wind Magnitudes = [8.5170042  8.5170042  8.5170042  7.04570669 7.05100192 7.05236209
 7.32542276 7.33115615 7.31824703]
Measured Yaw Angles = [276.32507446 276.32507446 276.32507446 276.32507446 276.32507446
 276.02507446 276.02507446 276.02507446 276.02507446]
Measured Turbine Powers = [2099185.6400715  2099185.6400715  2099185.6400715  1244121.84900741
 1246579.23845346 1249472.56741136 1357279.72836802 1360255.72468165
 1353477.32600053]
Distance from Initial Yaw Angle Solution = 25.227920289072706
Distance from Initial Yaw Angle Change Solution = 19.331196806997774
Optimized Yaw Angles = [276.75 274.5  277.25 275.75 276.75 275.5  264.25 266.25 264.25]
Optimized Yaw Angle Changes = [  0.42492554  -1.82507446   0.92492554  -0.57507446   0.42492554
  -0.52507446 -11.77507446  -9.77507446 -11.77507446]
Convergence Time = 940.9267824480194
-7.697173146326008e-05
0.1479629222948209

Time = 120
Measured Freestream Wind Direction = 257.9776751773351
Measured Freestream Wind Magnitude = 7.914754271041662
Measured Turbine Wind Directions = [257.97767518 257.97767518 257.97767518 257.97767518 257.97767518
 257.97767518 257.97767518 257.97767518 257.97767518]
Measured Turbine Wind Magnitudes = [7.87865248 7.87865248 7.87865248 7.81304009 7.8002327  7.80587708
 7.80487204 7.8016754  7.79836973]
Measured Yaw Angles = [264.25744719 262.50744719 263.25744719 263.75744719 263.50744719
 263.00744719 260.00744719 258.70744719 258.75744719]
Measured Turbine Powers = [1679677.75126326 1688745.05573284 1685218.69110161 1641352.30540808
 1634916.97260784 1640766.34271389 1650144.12790348 1649855.80008609
 1647762.26705698]
Distance from Initial Yaw Angle Solution = 40.49601408156473
Distance from Initial Yaw Angle Change Solution = 30.341177901708363
Optimized Yaw Angles = [275.25 271.5  275.   275.5  269.   271.5  265.5  267.75 268.25]
Optimized Yaw Angle Changes = [10.99255281  8.99255281 11.74255281 11.74255281  5.49255281  8.49255281
  5.49255281  9.04255281  9.49255281]
Convergence Time = 536.1702327630192

Time = 120
Measured Freestream Wind Direction = 267.30191117524214
Measured Freestream Wind Magnitude = 7.187373683084884
Measured Turbine Wind Directions = [267.30191118 267.30191118 267.30191118 267.30191118 267.30191118
 267.30191118 267.30191118 267.30191118 267.30191118]
Measured Turbine Wind Magnitudes = [7.15458972 7.15458972 7.15458972 5.26173743 5.36141167 5.31446613
 5.63867148 5.67647188 5.61676394]
Measured Yaw Angles = [274.72804487 276.22804487 275.47804487 275.97804487 275.72804487
 274.72804487 270.42804487 270.22804487 270.67804487]
Measured Turbine Powers = [1253106.72782639 1244168.40565632 1248842.72111934  529182.97173177
  561743.13935485  549598.35865396  638213.38416303  650548.10492528
  630516.75164028]
Distance from Initial Yaw Angle Solution = 18.21685829806299
Distance from Initial Yaw Angle Change Solution = 10.895937462300413
Optimized Yaw Angles = [271.25 275.5  275.25 275.25 275.25 273.5  265.   264.75 264.25]
Optimized Yaw Angle Changes = [-3.47804487 -0.72804487 -0.22804487 -0.72804487 -0.47804487 -1.22804487
 -5.42804487 -5.47804487 -6.42804487]
Convergence Time = 457.7439309509937

Time = 180
Measured Freestream Wind Direction = 266.9608846578919
Measured Freestream Wind Magnitude = 7.201640097048181
Measured Turbine Wind Directions = [266.96088466 266.96088466 266.96088466 266.96088466 266.96088466
 266.96088466 266.96088466 266.96088466 266.96088466]
Measured Turbine Wind Magnitudes = [7.16879106 7.16879106 7.16879106 5.11597228 5.21588718 5.21706897
 5.45170138 5.51122969 5.47700082]
Measured Yaw Angles = [270.05897348 271.80897348 271.80897348 271.30897348 271.55897348
 270.55897348 263.80897348 264.75897348 264.00897348]
Measured Turbine Powers = [1277269.67428503 1272193.86567906 1272193.86567906  491588.89851796
  524903.88924577  526699.67076383  576702.94906595  597271.32604166
  584862.51299748]
Distance from Initial Yaw Angle Solution = 22.916518166015106
Distance from Initial Yaw Angle Change Solution = 13.11575835272034
Optimized Yaw Angles = [271.5  276.25 277.5  277.25 276.25 276.   265.   264.75 262.  ]
Optimized Yaw Angle Changes = [ 1.44102652  4.44102652  5.69102652  5.94102652  4.69102652  5.44102652
  1.19102652 -0.00897348 -2.00897348]
Convergence Time = 205.6533366079966

Time = 120
Measured Freestream Wind Direction = 267.30191117524214
Measured Freestream Wind Magnitude = 7.187373683084884
Measured Turbine Wind Directions = [267.30191118 267.30191118 267.30191118 267.30191118 267.30191118
 267.30191118 267.30191118 267.30191118 267.30191118]
Measured Turbine Wind Magnitudes = [7.15458972 7.15458972 7.15458972 5.40825874 5.412708   5.44683987
 5.74284906 5.71917014 5.75181424]
Measured Yaw Angles = [276.97804487 276.97804487 277.47804487 276.97804487 276.22804487
 276.72804487 273.42804487 274.97804487 273.92804487]
Measured Turbine Powers = [1239087.34322357 1239087.34322357 1235551.22152414  572482.16046402
  576338.06756951  585349.55709815  666759.06909929  655095.42582205
  668384.91709139]
Distance from Initial Yaw Angle Solution = 33.194021722106264
Distance from Initial Yaw Angle Change Solution = 23.43762020260788
Optimized Yaw Angles = [284.75 280.5  281.75 275.75 280.   275.25 261.5  270.75 258.75]
Optimized Yaw Angle Changes = [  7.77195513   3.52195513   4.27195513  -1.22804487   3.77195513
  -1.47804487 -11.92804487  -4.22804487 -15.17804487]
Convergence Time = 394.45285021001473

Time = 180
Measured Freestream Wind Direction = 262.92181862095816
Measured Freestream Wind Magnitude = 8.799170350641104
Measured Turbine Wind Directions = [262.92181862 262.92181862 262.92181862 262.92181862 262.92181862
 262.92181862 262.92181862 262.92181862 262.92181862]
Measured Turbine Wind Magnitudes = [8.75903445 8.75903445 8.75903445 8.42798011 8.33987146 8.42531518
 8.43387866 8.35818761 8.36953899]
Measured Yaw Angles = [281.29414344 278.04414344 281.04414344 280.44414344 277.54414344
 277.54414344 274.04414344 271.59414344 272.34414344]
Measured Turbine Powers = [2135410.5460558  2203646.24443766 2141131.73072765 1923145.09858643
 1919575.20745294 1977605.88379213 2036469.82414486 2012765.07126598
 2012590.34591536]
Distance from Initial Yaw Angle Solution = 30.610231969918924
Distance from Initial Yaw Angle Change Solution = 14.311524989710398
Optimized Yaw Angles = [275.   273.25 275.75 277.   273.   276.   265.5  268.   267.  ]
Optimized Yaw Angle Changes = [-6.29414344 -4.79414344 -5.29414344 -3.44414344 -4.54414344 -1.54414344
 -8.54414344 -3.59414344 -5.34414344]
Convergence Time = 301.57037658800255
-0.0038998620476978774
2.7564104405297236
False

Time = 120
Measured Freestream Wind Direction = 257.9776751773351
Measured Freestream Wind Magnitude = 7.914754271041662
Measured Turbine Wind Directions = [257.97767518 257.97767518 257.97767518 257.97767518 257.97767518
 257.97767518 257.97767518 257.97767518 257.97767518]
Measured Turbine Wind Magnitudes = [7.87865248 7.87865248 7.87865248 7.81473931 7.8257353  7.82296681
 7.79579194 7.8243249  7.77118801]
Measured Yaw Angles = [264.50744719 266.25744719 265.75744719 262.50744719 266.50744719
 259.50744719 258.20744719 258.95744719 259.95744719]
Measured Turbine Powers = [1678142.65187054 1665718.04670915 1669567.7814041  1648516.29087595
 1630817.90227381 1662301.99578161 1646422.23470532 1663800.13277801
 1629684.65293836]
Distance from Initial Yaw Angle Solution = 37.99613235877664
Distance from Initial Yaw Angle Change Solution = 27.07547105879865
Optimized Yaw Angles = [275.   271.75 270.25 276.25 270.   273.75 259.75 261.25 266.5 ]
Optimized Yaw Angle Changes = [10.49255281  5.49255281  4.49255281 13.74255281  3.49255281 14.24255281
  1.54255281  2.29255281  6.54255281]
Convergence Time = 378.16386191299534

Time = 240
Measured Freestream Wind Direction = 269.5339712623022
Measured Freestream Wind Magnitude = 7.402069446584705
Measured Turbine Wind Directions = [269.53397126 269.53397126 269.53397126 269.53397126 269.53397126
 269.53397126 269.53397126 269.53397126 269.53397126]
Measured Turbine Wind Magnitudes = [7.36830618 7.36830618 7.36830618 4.74087571 4.91973032 4.90990858
 5.13354522 5.26100538 5.19524164]
Measured Yaw Angles = [273.9730866 278.2230866 277.9730866 277.9730866 277.9730866 276.2230866
 267.5730866 267.3230866 266.6730866]
Measured Turbine Powers = [1383033.57355354 1361049.9551943  1362737.39260167  353893.57790724
  399360.69645551  399818.19508973  460856.46118389  505810.86950859
  482556.02618922]
Distance from Initial Yaw Angle Solution = 24.13285310987269
Distance from Initial Yaw Angle Change Solution = 7.861019365512136
Optimized Yaw Angles = [275.25 279.75 278.5  280.25 277.5  279.5  265.5  265.75 262.  ]
Optimized Yaw Angle Changes = [ 1.2769134  1.5269134  0.5269134  2.2769134 -0.4730866  3.2769134
 -2.0730866 -1.5730866 -4.6730866]
Convergence Time = 211.68885882000905

Time = 240
Measured Freestream Wind Direction = 263.08608020784925
Measured Freestream Wind Magnitude = 7.809859740332244
Measured Turbine Wind Directions = [263.08608021 263.08608021 263.08608021 263.08608021 263.08608021
 263.08608021 263.08608021 263.08608021 263.08608021]
Measured Turbine Wind Magnitudes = [7.77423641 7.77423641 7.77423641 7.27516022 7.14620958 7.27943312
 7.29398699 7.08928532 7.18630726]
Measured Yaw Angles = [275.26426159 271.81426159 275.31426159 275.81426159 269.31426159
 271.81426159 265.66426159 268.06426159 268.26426159]
Measured Turbine Powers = [1564393.6510702  1597242.02688214 1563844.29715836 1292118.51138747
 1276444.37861228 1327058.0412308  1356374.7934165  1245286.06276331
 1293115.67680531]
Distance from Initial Yaw Angle Solution = 33.24968528630282
Distance from Initial Yaw Angle Change Solution = 11.171907759954133
Optimized Yaw Angles = [275.   274.75 277.5  281.   275.25 273.75 265.25 268.75 263.75]
Optimized Yaw Angle Changes = [-0.26426159  2.93573841  2.18573841  5.18573841  5.93573841  1.93573841
 -0.41426159  0.68573841 -4.51426159]
Convergence Time = 199.2950470270007

Time = 180
Measured Freestream Wind Direction = 266.9608846578919
Measured Freestream Wind Magnitude = 7.201640097048181
Measured Turbine Wind Directions = [266.96088466 266.96088466 266.96088466 266.96088466 266.96088466
 266.96088466 266.96088466 266.96088466 266.96088466]
Measured Turbine Wind Magnitudes = [7.16879106 7.16879106 7.16879106 6.07149953 5.7275398  5.84220009
 5.98305921 5.95591757 5.82369655]
Measured Yaw Angles = [285.50897348 279.55897348 281.40897348 275.75897348 277.55897348
 273.30897348 263.00897348 271.00897348 258.75897348]
Measured Turbine Powers = [1161093.07626163 1223188.88813644 1205318.39001442  791170.0212408
  668305.68188281  716205.74018054  752116.40075989  740231.61650303
  687285.76592159]
Distance from Initial Yaw Angle Solution = 23.070952362923244
Distance from Initial Yaw Angle Change Solution = 9.487302760057846
Optimized Yaw Angles = [280.   275.5  276.   273.75 277.75 271.75 263.25 268.5  264.5 ]
Optimized Yaw Angle Changes = [-5.50897348 -4.05897348 -5.40897348 -2.00897348  0.19102652 -1.55897348
  0.24102652 -2.50897348  5.74102652]
Convergence Time = 276.6155941270117

Time = 180
Measured Freestream Wind Direction = 262.92181862095816
Measured Freestream Wind Magnitude = 8.799170350641104
Measured Turbine Wind Directions = [262.92181862 262.92181862 262.92181862 262.92181862 262.92181862
 262.92181862 262.92181862 262.92181862 262.92181862]
Measured Turbine Wind Magnitudes = [8.75903445 8.75903445 8.75903445 8.43432031 8.37750939 8.45044554
 8.44336125 8.45444897 8.43757438]
Measured Yaw Angles = [281.54414344 279.29414344 282.04414344 280.84414344 281.54414344
 280.29414344 269.04414344 271.04414344 269.34414344]
Measured Turbine Powers = [2129610.56334038 2178975.23199886 2117774.12497194 1918871.99460959
 1865169.4954305  1941551.89368342 2095188.54132136 2085755.89005517
 2088823.7484971 ]
Distance from Initial Yaw Angle Solution = 32.47573131899795
Distance from Initial Yaw Angle Change Solution = 17.618695187060528
Optimized Yaw Angles = [276.75 275.   276.25 279.5  272.75 275.5  261.25 262.   265.5 ]
Optimized Yaw Angle Changes = [-4.79414344 -4.29414344 -5.79414344 -1.34414344 -8.79414344 -4.79414344
 -7.79414344 -9.04414344 -3.84414344]
Convergence Time = 214.38683081499767
-0.00022629602923684988
1.9605111227262033
False

Time = 240
Measured Freestream Wind Direction = 263.08608020784925
Measured Freestream Wind Magnitude = 7.809859740332244
Measured Turbine Wind Directions = [263.08608021 263.08608021 263.08608021 263.08608021 263.08608021
 263.08608021 263.08608021 263.08608021 263.08608021]
Measured Turbine Wind Magnitudes = [7.77423641 7.77423641 7.77423641 7.27691931 7.15654942 7.09230522
 7.31291124 7.12160377 7.21931937]
Measured Yaw Angles = [275.31426159 272.06426159 270.56426159 276.56426159 270.31426159
 274.06426159 260.06426159 261.56426159 266.51426159]
Measured Turbine Powers = [1563844.29715836 1595204.04799082 1606567.94090422 1285636.37952182
 1276413.62639941 1221653.62748623 1365382.68579587 1269596.29664731
 1315611.62358297]
Distance from Initial Yaw Angle Solution = 39.94027599616458
Distance from Initial Yaw Angle Change Solution = 17.16373309878275
Optimized Yaw Angles = [282.   279.25 278.75 280.   277.   277.25 260.75 262.25 269.75]
Optimized Yaw Angle Changes = [6.68573841 7.18573841 8.18573841 3.43573841 6.68573841 3.18573841
 0.68573841 0.68573841 3.23573841]
Convergence Time = 127.32946808901033

Time = 240
Measured Freestream Wind Direction = 269.5339712623022
Measured Freestream Wind Magnitude = 7.402069446584705
Measured Turbine Wind Directions = [269.53397126 269.53397126 269.53397126 269.53397126 269.53397126
 269.53397126 269.53397126 269.53397126 269.53397126]
Measured Turbine Wind Magnitudes = [7.36830618 7.36830618 7.36830618 5.45681336 5.19977652 5.2775784
 5.53214393 5.58465786 5.441282  ]
Measured Yaw Angles = [287.1730866 282.9230866 284.1730866 278.1730866 282.4230866 277.6730866
 264.2230866 273.1730866 261.4730866]
Measured Turbine Powers = [1270356.89469003 1320694.01493016 1307156.02568847  580243.64537386
  479217.8291361   522390.04588583  594370.26855491  614103.58091341
  557249.56859294]
Distance from Initial Yaw Angle Solution = 17.536161695004427
Distance from Initial Yaw Angle Change Solution = 17.396782242006513
Optimized Yaw Angles = [278.5  275.75 274.   275.5  279.   271.5  264.5  268.25 266.  ]
Optimized Yaw Angle Changes = [ -8.6730866  -7.1730866 -10.1730866  -2.6730866  -3.4230866  -6.1730866
   0.2769134  -4.9230866   4.5269134]
Convergence Time = 177.6828553529922
Traceback (most recent call last):
  File "/home/ahenry/.conda-envs/whoc/lib/python3.11/site-packages/numexpr/necompiler.py", line 762, in getArguments
run_simulations line 626
run_simulations line 628
    a = local_dict[name]
        ~~~~~~~~~~^^^^^^
KeyError: 'ai'

During handling of the above exception, another exception occurred:

Traceback (most recent call last):
  File "<frozen runpy>", line 198, in _run_module_as_main
  File "<frozen runpy>", line 88, in _run_code
  File "/home/ahenry/.conda-envs/whoc/lib/python3.11/site-packages/mpi4py/futures/__main__.py", line 74, in <module>
    main()
  File "/home/ahenry/.conda-envs/whoc/lib/python3.11/site-packages/mpi4py/futures/__main__.py", line 62, in main
    run_command_line()
  File "/home/ahenry/.conda-envs/whoc/lib/python3.11/site-packages/mpi4py/run.py", line 47, in run_command_line
    run_path(sys.argv[0], run_name='__main__')
  File "<frozen runpy>", line 291, in run_path
  File "<frozen runpy>", line 98, in _run_module_code
  File "<frozen runpy>", line 88, in _run_code
  File "run_case_studies.py", line 845, in <module>
    run_simulations([case_families[i] for i in CASE_FAMILY_IDX], REGENERATE_WIND_FIELD)
  File "run_case_studies.py", line 711, in run_simulations
    results = [fut.result() for fut in futures]
              ^^^^^^^^^^^^^^^^^^^^^^^^^^^^^^^^^
  File "run_case_studies.py", line 711, in <listcomp>
    results = [fut.result() for fut in futures]
               ^^^^^^^^^^^^
  File "/home/ahenry/.conda-envs/whoc/lib/python3.11/concurrent/futures/_base.py", line 449, in result
    return self.__get_result()
           ^^^^^^^^^^^^^^^^^^^
  File "/home/ahenry/.conda-envs/whoc/lib/python3.11/concurrent/futures/_base.py", line 401, in __get_result
    raise self._exception
KeyError: 'ai'
--------------------------------------------------------------------------
MPI_ABORT was invoked on rank 0 in communicator MPI_COMM_WORLD
with errorcode 1.

NOTE: invoking MPI_ABORT causes Open MPI to kill all MPI processes.
You may or may not see output from other processes, depending on
exactly when Open MPI kills them.
--------------------------------------------------------------------------
