
 ==============================
 S N O P T  7.7.1    (Nov 2018)
 ==============================
 
 SNMEMB EXIT 100 -- finished successfully
 SNMEMB INFO 104 -- memory requirements estimated
 

 Nonlinear constraints     270     Linear constraints       0
 Nonlinear variables       180     Linear variables         0
 Jacobian  variables       180     Objective variables    180
 Total constraints         270     Total variables        180
 

 
 The user has defined   48600   out of   48600   constraint gradients.
 The user has defined     180   out of     180   objective  gradients.
 

 Major Minors     Step   nCon Feasible  Optimal  MeritFunction     nS Penalty
     0    170               1  4.1E-01  5.0E-02  1.0851434E+01     66           r
     1     18  5.5E-01      2  2.2E-02  6.6E-02  2.0986996E+02     79 5.8E+03   rl
     2    102  1.0E+00      3  1.0E-01  5.3E-01 -4.5803309E+01     58 2.1E+02 s
     3     52  3.6E-01     11  6.6E-02  3.3E-01 -1.3551448E+01     50 9.0E+02
 M
     4    199  1.8E-11     21  6.6E-02  3.6E-01 -1.1343491E+01     53 1.2E+03
     5    221  7.8E-02     24  5.4E-02  3.4E-01 -1.2861497E+01     44 1.0E+03
E+03 s   i
     4    119  1.0E+00     32  4.3E-02  4.5E+03  1.2016844E+06     88 1.2E+08 sM
     5      2  1.0E+00     33  3.3E-03  3.6E+02 -8.8390908E+00     89 1.9E+04
     6    354  5.4E-12     43  3.3E-03  4.6E+02 -8.8838475E+00     85 4.4E+02
