# This file contains information about inputs as read by the program

 Population size = 100
 Number of generations = 1000
 Number of objective functions = 1
 Number of constraints = 180
 Number of variables = 180
 Number of real variables = 180
 Lower limit of real variable 1 = -3.000000e+01
 Upper limit of real variable 1 = 3.000000e+01
 Lower limit of real variable 2 = -3.000000e+01
 Upper limit of real variable 2 = 3.000000e+01
 Lower limit of real variable 3 = -3.000000e+01
 Upper limit of real variable 3 = 3.000000e+01
 Lower limit of real variable 4 = -3.000000e+01
 Upper limit of real variable 4 = 3.000000e+01
 Lower limit of real variable 5 = -3.000000e+01
 Upper limit of real variable 5 = 3.000000e+01
 Lower limit of real variable 6 = -3.000000e+01
 Upper limit of real variable 6 = 3.000000e+01
 Lower limit of real variable 7 = -3.000000e+01
 Upper limit of real variable 7 = 3.000000e+01
 Lower limit of real variable 8 = -3.000000e+01
 Upper limit of real variable 8 = 3.000000e+01
 Lower limit of real variable 9 = -3.000000e+01
 Upper limit of real variable 9 = 3.000000e+01
 Lower limit of real variable 10 = -3.000000e+01
 Upper limit of real variable 10 = 3.000000e+01
 Lower limit of real variable 11 = -3.000000e+01
 Upper limit of real variable 11 = 3.000000e+01
 Lower limit of real variable 12 = -3.000000e+01
 Upper limit of real variable 12 = 3.000000e+01
 Lower limit of real variable 13 = -3.000000e+01
 Upper limit of real variable 13 = 3.000000e+01
 Lower limit of real variable 14 = -3.000000e+01
 Upper limit of real variable 14 = 3.000000e+01
 Lower limit of real variable 15 = -3.000000e+01
 Upper limit of real variable 15 = 3.000000e+01
 Lower limit of real variable 16 = -3.000000e+01
 Upper limit of real variable 16 = 3.000000e+01
 Lower limit of real variable 17 = -3.000000e+01
 Upper limit of real variable 17 = 3.000000e+01
 Lower limit of real variable 18 = -3.000000e+01
 Upper limit of real variable 18 = 3.000000e+01
 Lower limit of real variable 19 = -3.000000e+01
 Upper limit of real variable 19 = 3.000000e+01
 Lower limit of real variable 20 = -3.000000e+01
 Upper limit of real variable 20 = 3.000000e+01
 Lower limit of real variable 21 = -3.000000e+01
 Upper limit of real variable 21 = 3.000000e+01
 Lower limit of real variable 22 = -3.000000e+01
 Upper limit of real variable 22 = 3.000000e+01
 Lower limit of real variable 23 = -3.000000e+01
 Upper limit of real variable 23 = 3.000000e+01
 Lower limit of real variable 24 = -3.000000e+01
 Upper limit of real variable 24 = 3.000000e+01
 Lower limit of real variable 25 = -3.000000e+01
 Upper limit of real variable 25 = 3.000000e+01
 Lower limit of real variable 26 = -3.000000e+01
 Upper limit of real variable 26 = 3.000000e+01
 Lower limit of real variable 27 = -3.000000e+01
 Upper limit of real variable 27 = 3.000000e+01
 Lower limit of real variable 28 = -3.000000e+01
 Upper limit of real variable 28 = 3.000000e+01
 Lower limit of real variable 29 = -3.000000e+01
 Upper limit of real variable 29 = 3.000000e+01
 Lower limit of real variable 30 = -3.000000e+01
 Upper limit of real variable 30 = 3.000000e+01
 Lower limit of real variable 31 = -3.000000e+01
 Upper limit of real variable 31 = 3.000000e+01
 Lower limit of real variable 32 = -3.000000e+01
 Upper limit of real variable 32 = 3.000000e+01
 Lower limit of real variable 33 = -3.000000e+01
 Upper limit of real variable 33 = 3.000000e+01
 Lower limit of real variable 34 = -3.000000e+01
 Upper limit of real variable 34 = 3.000000e+01
 Lower limit of real variable 35 = -3.000000e+01
 Upper limit of real variable 35 = 3.000000e+01
 Lower limit of real variable 36 = -3.000000e+01
 Upper limit of real variable 36 = 3.000000e+01
 Lower limit of real variable 37 = -3.000000e+01
 Upper limit of real variable 37 = 3.000000e+01
 Lower limit of real variable 38 = -3.000000e+01
 Upper limit of real variable 38 = 3.000000e+01
 Lower limit of real variable 39 = -3.000000e+01
 Upper limit of real variable 39 = 3.000000e+01
 Lower limit of real variable 40 = -3.000000e+01
 Upper limit of real variable 40 = 3.000000e+01
 Lower limit of real variable 41 = -3.000000e+01
 Upper limit of real variable 41 = 3.000000e+01
 Lower limit of real variable 42 = -3.000000e+01
 Upper limit of real variable 42 = 3.000000e+01
 Lower limit of real variable 43 = -3.000000e+01
 Upper limit of real variable 43 = 3.000000e+01
 Lower limit of real variable 44 = -3.000000e+01
 Upper limit of real variable 44 = 3.000000e+01
 Lower limit of real variable 45 = -3.000000e+01
 Upper limit of real variable 45 = 3.000000e+01
 Lower limit of real variable 46 = -3.000000e+01
 Upper limit of real variable 46 = 3.000000e+01
 Lower limit of real variable 47 = -3.000000e+01
 Upper limit of real variable 47 = 3.000000e+01
 Lower limit of real variable 48 = -3.000000e+01
 Upper limit of real variable 48 = 3.000000e+01
 Lower limit of real variable 49 = -3.000000e+01
 Upper limit of real variable 49 = 3.000000e+01
 Lower limit of real variable 50 = -3.000000e+01
 Upper limit of real variable 50 = 3.000000e+01
 Lower limit of real variable 51 = -3.000000e+01
 Upper limit of real variable 51 = 3.000000e+01
 Lower limit of real variable 52 = -3.000000e+01
 Upper limit of real variable 52 = 3.000000e+01
 Lower limit of real variable 53 = -3.000000e+01
 Upper limit of real variable 53 = 3.000000e+01
 Lower limit of real variable 54 = -3.000000e+01
 Upper limit of real variable 54 = 3.000000e+01
 Lower limit of real variable 55 = -3.000000e+01
 Upper limit of real variable 55 = 3.000000e+01
 Lower limit of real variable 56 = -3.000000e+01
 Upper limit of real variable 56 = 3.000000e+01
 Lower limit of real variable 57 = -3.000000e+01
 Upper limit of real variable 57 = 3.000000e+01
 Lower limit of real variable 58 = -3.000000e+01
 Upper limit of real variable 58 = 3.000000e+01
 Lower limit of real variable 59 = -3.000000e+01
 Upper limit of real variable 59 = 3.000000e+01
 Lower limit of real variable 60 = -3.000000e+01
 Upper limit of real variable 60 = 3.000000e+01
 Lower limit of real variable 61 = -3.000000e+01
 Upper limit of real variable 61 = 3.000000e+01
 Lower limit of real variable 62 = -3.000000e+01
 Upper limit of real variable 62 = 3.000000e+01
 Lower limit of real variable 63 = -3.000000e+01
 Upper limit of real variable 63 = 3.000000e+01
 Lower limit of real variable 64 = -3.000000e+01
 Upper limit of real variable 64 = 3.000000e+01
 Lower limit of real variable 65 = -3.000000e+01
 Upper limit of real variable 65 = 3.000000e+01
 Lower limit of real variable 66 = -3.000000e+01
 Upper limit of real variable 66 = 3.000000e+01
 Lower limit of real variable 67 = -3.000000e+01
 Upper limit of real variable 67 = 3.000000e+01
 Lower limit of real variable 68 = -3.000000e+01
 Upper limit of real variable 68 = 3.000000e+01
 Lower limit of real variable 69 = -3.000000e+01
 Upper limit of real variable 69 = 3.000000e+01
 Lower limit of real variable 70 = -3.000000e+01
 Upper limit of real variable 70 = 3.000000e+01
 Lower limit of real variable 71 = -3.000000e+01
 Upper limit of real variable 71 = 3.000000e+01
 Lower limit of real variable 72 = -3.000000e+01
 Upper limit of real variable 72 = 3.000000e+01
 Lower limit of real variable 73 = -3.000000e+01
 Upper limit of real variable 73 = 3.000000e+01
 Lower limit of real variable 74 = -3.000000e+01
 Upper limit of real variable 74 = 3.000000e+01
 Lower limit of real variable 75 = -3.000000e+01
 Upper limit of real variable 75 = 3.000000e+01
 Lower limit of real variable 76 = -3.000000e+01
 Upper limit of real variable 76 = 3.000000e+01
 Lower limit of real variable 77 = -3.000000e+01
 Upper limit of real variable 77 = 3.000000e+01
 Lower limit of real variable 78 = -3.000000e+01
 Upper limit of real variable 78 = 3.000000e+01
 Lower limit of real variable 79 = -3.000000e+01
 Upper limit of real variable 79 = 3.000000e+01
 Lower limit of real variable 80 = -3.000000e+01
 Upper limit of real variable 80 = 3.000000e+01
 Lower limit of real variable 81 = -3.000000e+01
 Upper limit of real variable 81 = 3.000000e+01
 Lower limit of real variable 82 = -3.000000e+01
 Upper limit of real variable 82 = 3.000000e+01
 Lower limit of real variable 83 = -3.000000e+01
 Upper limit of real variable 83 = 3.000000e+01
 Lower limit of real variable 84 = -3.000000e+01
 Upper limit of real variable 84 = 3.000000e+01
 Lower limit of real variable 85 = -3.000000e+01
 Upper limit of real variable 85 = 3.000000e+01
 Lower limit of real variable 86 = -3.000000e+01
 Upper limit of real variable 86 = 3.000000e+01
 Lower limit of real variable 87 = -3.000000e+01
 Upper limit of real variable 87 = 3.000000e+01
 Lower limit of real variable 88 = -3.000000e+01
 Upper limit of real variable 88 = 3.000000e+01
 Lower limit of real variable 89 = -3.000000e+01
 Upper limit of real variable 89 = 3.000000e+01
 Lower limit of real variable 90 = -3.000000e+01
 Upper limit of real variable 90 = 3.000000e+01
 Lower limit of real variable 91 = -1.000000e+00
 Upper limit of real variable 91 = 1.000000e+00
 Lower limit of real variable 92 = -1.000000e+00
 Upper limit of real variable 92 = 1.000000e+00
 Lower limit of real variable 93 = -1.000000e+00
 Upper limit of real variable 93 = 1.000000e+00
 Lower limit of real variable 94 = -1.000000e+00
 Upper limit of real variable 94 = 1.000000e+00
 Lower limit of real variable 95 = -1.000000e+00
 Upper limit of real variable 95 = 1.000000e+00
 Lower limit of real variable 96 = -1.000000e+00
 Upper limit of real variable 96 = 1.000000e+00
 Lower limit of real variable 97 = -1.000000e+00
 Upper limit of real variable 97 = 1.000000e+00
 Lower limit of real variable 98 = -1.000000e+00
 Upper limit of real variable 98 = 1.000000e+00
 Lower limit of real variable 99 = -1.000000e+00
 Upper limit of real variable 99 = 1.000000e+00
 Lower limit of real variable 100 = -1.000000e+00
 Upper limit of real variable 100 = 1.000000e+00
 Lower limit of real variable 101 = -1.000000e+00
 Upper limit of real variable 101 = 1.000000e+00
 Lower limit of real variable 102 = -1.000000e+00
 Upper limit of real variable 102 = 1.000000e+00
 Lower limit of real variable 103 = -1.000000e+00
 Upper limit of real variable 103 = 1.000000e+00
 Lower limit of real variable 104 = -1.000000e+00
 Upper limit of real variable 104 = 1.000000e+00
 Lower limit of real variable 105 = -1.000000e+00
 Upper limit of real variable 105 = 1.000000e+00
 Lower limit of real variable 106 = -1.000000e+00
 Upper limit of real variable 106 = 1.000000e+00
 Lower limit of real variable 107 = -1.000000e+00
 Upper limit of real variable 107 = 1.000000e+00
 Lower limit of real variable 108 = -1.000000e+00
 Upper limit of real variable 108 = 1.000000e+00
 Lower limit of real variable 109 = -1.000000e+00
 Upper limit of real variable 109 = 1.000000e+00
 Lower limit of real variable 110 = -1.000000e+00
 Upper limit of real variable 110 = 1.000000e+00
 Lower limit of real variable 111 = -1.000000e+00
 Upper limit of real variable 111 = 1.000000e+00
 Lower limit of real variable 112 = -1.000000e+00
 Upper limit of real variable 112 = 1.000000e+00
 Lower limit of real variable 113 = -1.000000e+00
 Upper limit of real variable 113 = 1.000000e+00
 Lower limit of real variable 114 = -1.000000e+00
 Upper limit of real variable 114 = 1.000000e+00
 Lower limit of real variable 115 = -1.000000e+00
 Upper limit of real variable 115 = 1.000000e+00
 Lower limit of real variable 116 = -1.000000e+00
 Upper limit of real variable 116 = 1.000000e+00
 Lower limit of real variable 117 = -1.000000e+00
 Upper limit of real variable 117 = 1.000000e+00
 Lower limit of real variable 118 = -1.000000e+00
 Upper limit of real variable 118 = 1.000000e+00
 Lower limit of real variable 119 = -1.000000e+00
 Upper limit of real variable 119 = 1.000000e+00
 Lower limit of real variable 120 = -1.000000e+00
 Upper limit of real variable 120 = 1.000000e+00
 Lower limit of real variable 121 = -1.000000e+00
 Upper limit of real variable 121 = 1.000000e+00
 Lower limit of real variable 122 = -1.000000e+00
 Upper limit of real variable 122 = 1.000000e+00
 Lower limit of real variable 123 = -1.000000e+00
 Upper limit of real variable 123 = 1.000000e+00
 Lower limit of real variable 124 = -1.000000e+00
 Upper limit of real variable 124 = 1.000000e+00
 Lower limit of real variable 125 = -1.000000e+00
 Upper limit of real variable 125 = 1.000000e+00
 Lower limit of real variable 126 = -1.000000e+00
 Upper limit of real variable 126 = 1.000000e+00
 Lower limit of real variable 127 = -1.000000e+00
 Upper limit of real variable 127 = 1.000000e+00
 Lower limit of real variable 128 = -1.000000e+00
 Upper limit of real variable 128 = 1.000000e+00
 Lower limit of real variable 129 = -1.000000e+00
 Upper limit of real variable 129 = 1.000000e+00
 Lower limit of real variable 130 = -1.000000e+00
 Upper limit of real variable 130 = 1.000000e+00
 Lower limit of real variable 131 = -1.000000e+00
 Upper limit of real variable 131 = 1.000000e+00
 Lower limit of real variable 132 = -1.000000e+00
 Upper limit of real variable 132 = 1.000000e+00
 Lower limit of real variable 133 = -1.000000e+00
 Upper limit of real variable 133 = 1.000000e+00
 Lower limit of real variable 134 = -1.000000e+00
 Upper limit of real variable 134 = 1.000000e+00
 Lower limit of real variable 135 = -1.000000e+00
 Upper limit of real variable 135 = 1.000000e+00
 Lower limit of real variable 136 = -1.000000e+00
 Upper limit of real variable 136 = 1.000000e+00
 Lower limit of real variable 137 = -1.000000e+00
 Upper limit of real variable 137 = 1.000000e+00
 Lower limit of real variable 138 = -1.000000e+00
 Upper limit of real variable 138 = 1.000000e+00
 Lower limit of real variable 139 = -1.000000e+00
 Upper limit of real variable 139 = 1.000000e+00
 Lower limit of real variable 140 = -1.000000e+00
 Upper limit of real variable 140 = 1.000000e+00
 Lower limit of real variable 141 = -1.000000e+00
 Upper limit of real variable 141 = 1.000000e+00
 Lower limit of real variable 142 = -1.000000e+00
 Upper limit of real variable 142 = 1.000000e+00
 Lower limit of real variable 143 = -1.000000e+00
 Upper limit of real variable 143 = 1.000000e+00
 Lower limit of real variable 144 = -1.000000e+00
 Upper limit of real variable 144 = 1.000000e+00
 Lower limit of real variable 145 = -1.000000e+00
 Upper limit of real variable 145 = 1.000000e+00
 Lower limit of real variable 146 = -1.000000e+00
 Upper limit of real variable 146 = 1.000000e+00
 Lower limit of real variable 147 = -1.000000e+00
 Upper limit of real variable 147 = 1.000000e+00
 Lower limit of real variable 148 = -1.000000e+00
 Upper limit of real variable 148 = 1.000000e+00
 Lower limit of real variable 149 = -1.000000e+00
 Upper limit of real variable 149 = 1.000000e+00
 Lower limit of real variable 150 = -1.000000e+00
 Upper limit of real variable 150 = 1.000000e+00
 Lower limit of real variable 151 = -1.000000e+00
 Upper limit of real variable 151 = 1.000000e+00
 Lower limit of real variable 152 = -1.000000e+00
 Upper limit of real variable 152 = 1.000000e+00
 Lower limit of real variable 153 = -1.000000e+00
 Upper limit of real variable 153 = 1.000000e+00
 Lower limit of real variable 154 = -1.000000e+00
 Upper limit of real variable 154 = 1.000000e+00
 Lower limit of real variable 155 = -1.000000e+00
 Upper limit of real variable 155 = 1.000000e+00
 Lower limit of real variable 156 = -1.000000e+00
 Upper limit of real variable 156 = 1.000000e+00
 Lower limit of real variable 157 = -1.000000e+00
 Upper limit of real variable 157 = 1.000000e+00
 Lower limit of real variable 158 = -1.000000e+00
 Upper limit of real variable 158 = 1.000000e+00
 Lower limit of real variable 159 = -1.000000e+00
 Upper limit of real variable 159 = 1.000000e+00
 Lower limit of real variable 160 = -1.000000e+00
 Upper limit of real variable 160 = 1.000000e+00
 Lower limit of real variable 161 = -1.000000e+00
 Upper limit of real variable 161 = 1.000000e+00
 Lower limit of real variable 162 = -1.000000e+00
 Upper limit of real variable 162 = 1.000000e+00
 Lower limit of real variable 163 = -1.000000e+00
 Upper limit of real variable 163 = 1.000000e+00
 Lower limit of real variable 164 = -1.000000e+00
 Upper limit of real variable 164 = 1.000000e+00
 Lower limit of real variable 165 = -1.000000e+00
 Upper limit of real variable 165 = 1.000000e+00
 Lower limit of real variable 166 = -1.000000e+00
 Upper limit of real variable 166 = 1.000000e+00
 Lower limit of real variable 167 = -1.000000e+00
 Upper limit of real variable 167 = 1.000000e+00
 Lower limit of real variable 168 = -1.000000e+00
 Upper limit of real variable 168 = 1.000000e+00
 Lower limit of real variable 169 = -1.000000e+00
 Upper limit of real variable 169 = 1.000000e+00
 Lower limit of real variable 170 = -1.000000e+00
 Upper limit of real variable 170 = 1.000000e+00
 Lower limit of real variable 171 = -1.000000e+00
 Upper limit of real variable 171 = 1.000000e+00
 Lower limit of real variable 172 = -1.000000e+00
 Upper limit of real variable 172 = 1.000000e+00
 Lower limit of real variable 173 = -1.000000e+00
 Upper limit of real variable 173 = 1.000000e+00
 Lower limit of real variable 174 = -1.000000e+00
 Upper limit of real variable 174 = 1.000000e+00
 Lower limit of real variable 175 = -1.000000e+00
 Upper limit of real variable 175 = 1.000000e+00
 Lower limit of real variable 176 = -1.000000e+00
 Upper limit of real variable 176 = 1.000000e+00
 Lower limit of real variable 177 = -1.000000e+00
 Upper limit of real variable 177 = 1.000000e+00
 Lower limit of real variable 178 = -1.000000e+00
 Upper limit of real variable 178 = 1.000000e+00
 Lower limit of real variable 179 = -1.000000e+00
 Upper limit of real variable 179 = 1.000000e+00
 Lower limit of real variable 180 = -1.000000e+00
 Upper limit of real variable 180 = 1.000000e+00
 Probability of crossover of real variable = 6.000000e-01
 Probability of mutation of real variable = 2.000000e-01
 Distribution index for crossover = 1.000000e+01
 Distribution index for mutation = 2.000000e+01
 Number of binary variables = 0
 Seed for random number generator = 1.705697e+09