+ spack-start
+ spack env activate -p -d /home/ahenry/toolboxes/whoc_env
Starting AMR-Wind job at:  Wed Apr 10 16:54:17 MDT 2024
[2024-04-10 16:54:17.399] [console] [info] 998269-Rlkbf-sDncE-G7h2A-1ib1h (0)[connecting]::connecting
[2024-04-10 16:54:17.401] [console] [info] 998269-Rlkbf-sDncE-G7h2A-1ib1h::Broker 998269-Rlkbf-sDncE-G7h2A-1ib1h connected on tcp://127.0.0.1:32000
[2024-04-10 16:54:18.808] [console] [info] 998269-Rlkbf-sDncE-G7h2A-1ib1h (1)[connected]::registering broker 0_hercules(1879048192) on route 1
[2024-04-10 16:54:18.908] [console] [info] 998269-Rlkbf-sDncE-G7h2A-1ib1h (1)[connected]::registering federate 0_hercules(131072) on route 1
[2024-04-10 16:54:21.325] [console] [info] 998269-Rlkbf-sDncE-G7h2A-1ib1h (1)[connected]::registering broker Test receiver Federate_core_X5kPJM(1879048193) on route 2
[2024-04-10 16:54:21.426] [console] [info] 998269-Rlkbf-sDncE-G7h2A-1ib1h (1)[connected]::registering federate Test receiver Federate(131073) on route 2
[2024-04-10 16:54:21.426] [console] [debug] root (1)[connected]::entering initialization mode
[2024-04-10 16:54:21.427] [console] [info] root (1)[connected]::{
   "attributes" : 
   {
      "id" : 1,
      "name" : "998269-Rlkbf-sDncE-G7h2A-1ib1h",
      "parent" : 0
   },
   "summary" : 
   {
      "allowed_brokers" : [ 0, 2147483647 ],
      "allowed_federates" : [ 2, 2147483647 ],
      "brokers" : 0,
      "cores" : 2,
      "countable_federates" : 2,
      "endpoints" : 0,
      "federates" : 2,
      "filters" : 0,
      "inputs" : 0,
      "publications" : 2,
      "translators" : 0
   }
}
[2024-04-10 16:54:27.400] [console] [info] 998269-Rlkbf-sDncE-G7h2A-1ib1h (1)[operating]:: broker tick
[2024-04-10 16:54:42.400] [console] [info] 998269-Rlkbf-sDncE-G7h2A-1ib1h (1)[operating]:: broker tick
[2024-04-10 16:55:47.403] [console] [info] 998269-Rlkbf-sDncE-G7h2A-1ib1h (1)[operating]:: broker tick
[2024-04-10 16:56:12.404] [console] [info] 998269-Rlkbf-sDncE-G7h2A-1ib1h (1)[operating]:: broker tick
[2024-04-10 16:57:57.408] [console] [info] 998269-Rlkbf-sDncE-G7h2A-1ib1h (1)[operating]:: broker tick
[2024-04-10 16:58:22.409] [console] [info] 998269-Rlkbf-sDncE-G7h2A-1ib1h (1)[operating]:: broker tick
[2024-04-10 16:58:27.048] [console] [info] 998269-Rlkbf-sDncE-G7h2A-1ib1h::got disconnect from 0_hercules(1879048192)
[2024-04-10 16:58:27.048] [console] [warning] commWarning||998269-Rlkbf-sDncE-G7h2A-1ib1h (1)[operating]::unknown route and no broker, dropping message pub:From (131073) handle(1) size 244 at 18 to 131072
[2024-04-10 16:58:32.409] [console] [info] 998269-Rlkbf-sDncE-G7h2A-1ib1h (1)[operating]:: broker tick
[2024-04-10 16:58:37.648] [console] [warning] commWarning||998269-Rlkbf-sDncE-G7h2A-1ib1h (1)[operating]::unknown route and no broker, dropping message pub:From (131073) handle(1) size 242 at 19 to 131072
[2024-04-10 16:58:48.234] [console] [warning] commWarning||998269-Rlkbf-sDncE-G7h2A-1ib1h (1)[operating]::unknown route and no broker, dropping message pub:From (131073) handle(1) size 244 at 20 to 131072
[2024-04-10 16:58:58.832] [console] [warning] commWarning||998269-Rlkbf-sDncE-G7h2A-1ib1h (1)[operating]::unknown route and no broker, dropping message pub:From (131073) handle(1) size 243 at 21 to 131072
[2024-04-10 16:59:09.453] [console] [warning] commWarning||998269-Rlkbf-sDncE-G7h2A-1ib1h (1)[operating]::unknown route and no broker, dropping message pub:From (131073) handle(1) size 245 at 22 to 131072
[2024-04-10 16:59:20.043] [console] [warning] commWarning||998269-Rlkbf-sDncE-G7h2A-1ib1h (1)[operating]::unknown route and no broker, dropping message pub:From (131073) handle(1) size 243 at 23 to 131072
[2024-04-10 16:59:30.637] [console] [warning] commWarning||998269-Rlkbf-sDncE-G7h2A-1ib1h (1)[operating]::unknown route and no broker, dropping message pub:From (131073) handle(1) size 245 at 24 to 131072
[2024-04-10 16:59:41.235] [console] [warning] commWarning||998269-Rlkbf-sDncE-G7h2A-1ib1h (1)[operating]::unknown route and no broker, dropping message pub:From (131073) handle(1) size 243 at 25 to 131072
[2024-04-10 16:59:51.827] [console] [warning] commWarning||998269-Rlkbf-sDncE-G7h2A-1ib1h (1)[operating]::unknown route and no broker, dropping message pub:From (131073) handle(1) size 245 at 26 to 131072
[2024-04-10 16:59:57.412] [console] [info] 998269-Rlkbf-sDncE-G7h2A-1ib1h (1)[operating]:: broker tick
[2024-04-10 17:00:02.425] [console] [warning] commWarning||998269-Rlkbf-sDncE-G7h2A-1ib1h (1)[operating]::unknown route and no broker, dropping message pub:From (131073) handle(1) size 243 at 27 to 131072
[2024-04-10 17:00:13.020] [console] [warning] commWarning||998269-Rlkbf-sDncE-G7h2A-1ib1h (1)[operating]::unknown route and no broker, dropping message pub:From (131073) handle(1) size 245 at 28 to 131072
[2024-04-10 17:00:23.617] [console] [warning] commWarning||998269-Rlkbf-sDncE-G7h2A-1ib1h (1)[operating]::unknown route and no broker, dropping message pub:From (131073) handle(1) size 243 at 29 to 131072
[2024-04-10 17:00:34.211] [console] [warning] commWarning||998269-Rlkbf-sDncE-G7h2A-1ib1h (1)[operating]::unknown route and no broker, dropping message pub:From (131073) handle(1) size 245 at 30 to 131072
[2024-04-10 17:00:44.807] [console] [warning] commWarning||998269-Rlkbf-sDncE-G7h2A-1ib1h (1)[operating]::unknown route and no broker, dropping message pub:From (131073) handle(1) size 243 at 31 to 131072
[2024-04-10 17:00:55.403] [console] [warning] commWarning||998269-Rlkbf-sDncE-G7h2A-1ib1h (1)[operating]::unknown route and no broker, dropping message pub:From (131073) handle(1) size 245 at 32 to 131072
[2024-04-10 17:01:05.998] [console] [warning] commWarning||998269-Rlkbf-sDncE-G7h2A-1ib1h (1)[operating]::unknown route and no broker, dropping message pub:From (131073) handle(1) size 243 at 33 to 131072
[2024-04-10 17:01:16.587] [console] [warning] commWarning||998269-Rlkbf-sDncE-G7h2A-1ib1h (1)[operating]::unknown route and no broker, dropping message pub:From (131073) handle(1) size 245 at 34 to 131072
[2024-04-10 17:01:22.415] [console] [info] 998269-Rlkbf-sDncE-G7h2A-1ib1h (1)[operating]:: broker tick
[2024-04-10 17:01:27.188] [console] [warning] commWarning||998269-Rlkbf-sDncE-G7h2A-1ib1h (1)[operating]::unknown route and no broker, dropping message pub:From (131073) handle(1) size 243 at 35 to 131072
[2024-04-10 17:01:32.415] [console] [info] 998269-Rlkbf-sDncE-G7h2A-1ib1h (1)[operating]:: broker tick
[2024-04-10 17:01:37.788] [console] [warning] commWarning||998269-Rlkbf-sDncE-G7h2A-1ib1h (1)[operating]::unknown route and no broker, dropping message pub:From (131073) handle(1) size 245 at 36 to 131072
[2024-04-10 17:01:48.385] [console] [warning] commWarning||998269-Rlkbf-sDncE-G7h2A-1ib1h (1)[operating]::unknown route and no broker, dropping message pub:From (131073) handle(1) size 243 at 37 to 131072
[2024-04-10 17:01:59.013] [console] [warning] commWarning||998269-Rlkbf-sDncE-G7h2A-1ib1h (1)[operating]::unknown route and no broker, dropping message pub:From (131073) handle(1) size 245 at 38 to 131072
[2024-04-10 17:02:09.612] [console] [warning] commWarning||998269-Rlkbf-sDncE-G7h2A-1ib1h (1)[operating]::unknown route and no broker, dropping message pub:From (131073) handle(1) size 243 at 39 to 131072
[2024-04-10 17:02:20.210] [console] [warning] commWarning||998269-Rlkbf-sDncE-G7h2A-1ib1h (1)[operating]::unknown route and no broker, dropping message pub:From (131073) handle(1) size 245 at 40 to 131072
[2024-04-10 17:02:30.814] [console] [warning] commWarning||998269-Rlkbf-sDncE-G7h2A-1ib1h (1)[operating]::unknown route and no broker, dropping message pub:From (131073) handle(1) size 243 at 41 to 131072
[2024-04-10 17:02:41.410] [console] [warning] commWarning||998269-Rlkbf-sDncE-G7h2A-1ib1h (1)[operating]::unknown route and no broker, dropping message pub:From (131073) handle(1) size 245 at 42 to 131072
[2024-04-10 17:02:47.417] [console] [info] 998269-Rlkbf-sDncE-G7h2A-1ib1h (1)[operating]:: broker tick
[2024-04-10 17:02:51.992] [console] [warning] commWarning||998269-Rlkbf-sDncE-G7h2A-1ib1h (1)[operating]::unknown route and no broker, dropping message pub:From (131073) handle(1) size 243 at 43 to 131072
[2024-04-10 17:02:57.418] [console] [info] 998269-Rlkbf-sDncE-G7h2A-1ib1h (1)[operating]:: broker tick
[2024-04-10 17:03:02.574] [console] [warning] commWarning||998269-Rlkbf-sDncE-G7h2A-1ib1h (1)[operating]::unknown route and no broker, dropping message pub:From (131073) handle(1) size 245 at 44 to 131072
[2024-04-10 17:03:13.151] [console] [warning] commWarning||998269-Rlkbf-sDncE-G7h2A-1ib1h (1)[operating]::unknown route and no broker, dropping message pub:From (131073) handle(1) size 243 at 45 to 131072
[2024-04-10 17:03:23.733] [console] [warning] commWarning||998269-Rlkbf-sDncE-G7h2A-1ib1h (1)[operating]::unknown route and no broker, dropping message pub:From (131073) handle(1) size 245 at 46 to 131072
[2024-04-10 17:03:34.314] [console] [warning] commWarning||998269-Rlkbf-sDncE-G7h2A-1ib1h (1)[operating]::unknown route and no broker, dropping message pub:From (131073) handle(1) size 243 at 47 to 131072
[2024-04-10 17:03:44.896] [console] [warning] commWarning||998269-Rlkbf-sDncE-G7h2A-1ib1h (1)[operating]::unknown route and no broker, dropping message pub:From (131073) handle(1) size 245 at 48 to 131072
[2024-04-10 17:03:55.479] [console] [warning] commWarning||998269-Rlkbf-sDncE-G7h2A-1ib1h (1)[operating]::unknown route and no broker, dropping message pub:From (131073) handle(1) size 243 at 49 to 131072
[2024-04-10 17:04:06.067] [console] [warning] commWarning||998269-Rlkbf-sDncE-G7h2A-1ib1h (1)[operating]::unknown route and no broker, dropping message pub:From (131073) handle(1) size 245 at 50 to 131072
[2024-04-10 17:04:16.651] [console] [warning] commWarning||998269-Rlkbf-sDncE-G7h2A-1ib1h (1)[operating]::unknown route and no broker, dropping message pub:From (131073) handle(1) size 243 at 51 to 131072
[2024-04-10 17:04:22.421] [console] [info] 998269-Rlkbf-sDncE-G7h2A-1ib1h (1)[operating]:: broker tick
[2024-04-10 17:04:27.283] [console] [warning] commWarning||998269-Rlkbf-sDncE-G7h2A-1ib1h (1)[operating]::unknown route and no broker, dropping message pub:From (131073) handle(1) size 245 at 52 to 131072
[2024-04-10 17:04:32.421] [console] [info] 998269-Rlkbf-sDncE-G7h2A-1ib1h (1)[operating]:: broker tick
[2024-04-10 17:04:37.890] [console] [warning] commWarning||998269-Rlkbf-sDncE-G7h2A-1ib1h (1)[operating]::unknown route and no broker, dropping message pub:From (131073) handle(1) size 243 at 53 to 131072
[2024-04-10 17:04:48.493] [console] [warning] commWarning||998269-Rlkbf-sDncE-G7h2A-1ib1h (1)[operating]::unknown route and no broker, dropping message pub:From (131073) handle(1) size 245 at 54 to 131072
[2024-04-10 17:04:59.096] [console] [warning] commWarning||998269-Rlkbf-sDncE-G7h2A-1ib1h (1)[operating]::unknown route and no broker, dropping message pub:From (131073) handle(1) size 243 at 55 to 131072
[2024-04-10 17:05:09.700] [console] [warning] commWarning||998269-Rlkbf-sDncE-G7h2A-1ib1h (1)[operating]::unknown route and no broker, dropping message pub:From (131073) handle(1) size 245 at 56 to 131072
[2024-04-10 17:05:20.302] [console] [warning] commWarning||998269-Rlkbf-sDncE-G7h2A-1ib1h (1)[operating]::unknown route and no broker, dropping message pub:From (131073) handle(1) size 243 at 57 to 131072
[2024-04-10 17:05:30.906] [console] [warning] commWarning||998269-Rlkbf-sDncE-G7h2A-1ib1h (1)[operating]::unknown route and no broker, dropping message pub:From (131073) handle(1) size 245 at 58 to 131072
[2024-04-10 17:05:41.511] [console] [warning] commWarning||998269-Rlkbf-sDncE-G7h2A-1ib1h (1)[operating]::unknown route and no broker, dropping message pub:From (131073) handle(1) size 243 at 59 to 131072
[2024-04-10 17:05:47.424] [console] [info] 998269-Rlkbf-sDncE-G7h2A-1ib1h (1)[operating]:: broker tick
[2024-04-10 17:05:52.112] [console] [warning] commWarning||998269-Rlkbf-sDncE-G7h2A-1ib1h (1)[operating]::unknown route and no broker, dropping message pub:From (131073) handle(1) size 245 at 60 to 131072
[2024-04-10 17:05:57.424] [console] [info] 998269-Rlkbf-sDncE-G7h2A-1ib1h (1)[operating]:: broker tick
[2024-04-10 17:06:02.717] [console] [warning] commWarning||998269-Rlkbf-sDncE-G7h2A-1ib1h (1)[operating]::unknown route and no broker, dropping message pub:From (131073) handle(1) size 243 at 61 to 131072
[2024-04-10 17:06:13.324] [console] [warning] commWarning||998269-Rlkbf-sDncE-G7h2A-1ib1h (1)[operating]::unknown route and no broker, dropping message pub:From (131073) handle(1) size 245 at 62 to 131072
[2024-04-10 17:06:23.928] [console] [warning] commWarning||998269-Rlkbf-sDncE-G7h2A-1ib1h (1)[operating]::unknown route and no broker, dropping message pub:From (131073) handle(1) size 243 at 63 to 131072
[2024-04-10 17:06:34.530] [console] [warning] commWarning||998269-Rlkbf-sDncE-G7h2A-1ib1h (1)[operating]::unknown route and no broker, dropping message pub:From (131073) handle(1) size 245 at 64 to 131072
[2024-04-10 17:06:45.134] [console] [warning] commWarning||998269-Rlkbf-sDncE-G7h2A-1ib1h (1)[operating]::unknown route and no broker, dropping message pub:From (131073) handle(1) size 243 at 65 to 131072
[2024-04-10 17:06:55.734] [console] [warning] commWarning||998269-Rlkbf-sDncE-G7h2A-1ib1h (1)[operating]::unknown route and no broker, dropping message pub:From (131073) handle(1) size 245 at 66 to 131072
[2024-04-10 17:07:06.338] [console] [warning] commWarning||998269-Rlkbf-sDncE-G7h2A-1ib1h (1)[operating]::unknown route and no broker, dropping message pub:From (131073) handle(1) size 243 at 67 to 131072
[2024-04-10 17:07:16.942] [console] [warning] commWarning||998269-Rlkbf-sDncE-G7h2A-1ib1h (1)[operating]::unknown route and no broker, dropping message pub:From (131073) handle(1) size 245 at 68 to 131072
[2024-04-10 17:07:22.427] [console] [info] 998269-Rlkbf-sDncE-G7h2A-1ib1h (1)[operating]:: broker tick
[2024-04-10 17:07:27.545] [console] [warning] commWarning||998269-Rlkbf-sDncE-G7h2A-1ib1h (1)[operating]::unknown route and no broker, dropping message pub:From (131073) handle(1) size 243 at 69 to 131072
[2024-04-10 17:07:38.152] [console] [warning] commWarning||998269-Rlkbf-sDncE-G7h2A-1ib1h (1)[operating]::unknown route and no broker, dropping message pub:From (131073) handle(1) size 245 at 70 to 131072
[2024-04-10 17:07:48.759] [console] [warning] commWarning||998269-Rlkbf-sDncE-G7h2A-1ib1h (1)[operating]::unknown route and no broker, dropping message pub:From (131073) handle(1) size 243 at 71 to 131072
[2024-04-10 17:07:59.402] [console] [warning] commWarning||998269-Rlkbf-sDncE-G7h2A-1ib1h (1)[operating]::unknown route and no broker, dropping message pub:From (131073) handle(1) size 245 at 72 to 131072
[2024-04-10 17:08:10.031] [console] [warning] commWarning||998269-Rlkbf-sDncE-G7h2A-1ib1h (1)[operating]::unknown route and no broker, dropping message pub:From (131073) handle(1) size 243 at 73 to 131072
[2024-04-10 17:08:20.665] [console] [warning] commWarning||998269-Rlkbf-sDncE-G7h2A-1ib1h (1)[operating]::unknown route and no broker, dropping message pub:From (131073) handle(1) size 245 at 74 to 131072
[2024-04-10 17:08:31.300] [console] [warning] commWarning||998269-Rlkbf-sDncE-G7h2A-1ib1h (1)[operating]::unknown route and no broker, dropping message pub:From (131073) handle(1) size 243 at 75 to 131072
[2024-04-10 17:08:41.928] [console] [warning] commWarning||998269-Rlkbf-sDncE-G7h2A-1ib1h (1)[operating]::unknown route and no broker, dropping message pub:From (131073) handle(1) size 245 at 76 to 131072
[2024-04-10 17:08:47.429] [console] [info] 998269-Rlkbf-sDncE-G7h2A-1ib1h (1)[operating]:: broker tick
[2024-04-10 17:08:52.558] [console] [warning] commWarning||998269-Rlkbf-sDncE-G7h2A-1ib1h (1)[operating]::unknown route and no broker, dropping message pub:From (131073) handle(1) size 243 at 77 to 131072
[2024-04-10 17:09:03.191] [console] [warning] commWarning||998269-Rlkbf-sDncE-G7h2A-1ib1h (1)[operating]::unknown route and no broker, dropping message pub:From (131073) handle(1) size 245 at 78 to 131072
[2024-04-10 17:09:13.825] [console] [warning] commWarning||998269-Rlkbf-sDncE-G7h2A-1ib1h (1)[operating]::unknown route and no broker, dropping message pub:From (131073) handle(1) size 243 at 79 to 131072
[2024-04-10 17:09:24.459] [console] [warning] commWarning||998269-Rlkbf-sDncE-G7h2A-1ib1h (1)[operating]::unknown route and no broker, dropping message pub:From (131073) handle(1) size 245 at 80 to 131072
[2024-04-10 17:09:35.092] [console] [warning] commWarning||998269-Rlkbf-sDncE-G7h2A-1ib1h (1)[operating]::unknown route and no broker, dropping message pub:From (131073) handle(1) size 243 at 81 to 131072
[2024-04-10 17:09:45.722] [console] [warning] commWarning||998269-Rlkbf-sDncE-G7h2A-1ib1h (1)[operating]::unknown route and no broker, dropping message pub:From (131073) handle(1) size 245 at 82 to 131072
[2024-04-10 17:09:56.354] [console] [warning] commWarning||998269-Rlkbf-sDncE-G7h2A-1ib1h (1)[operating]::unknown route and no broker, dropping message pub:From (131073) handle(1) size 243 at 83 to 131072
[2024-04-10 17:10:02.432] [console] [info] 998269-Rlkbf-sDncE-G7h2A-1ib1h (1)[operating]:: broker tick
[2024-04-10 17:10:06.982] [console] [warning] commWarning||998269-Rlkbf-sDncE-G7h2A-1ib1h (1)[operating]::unknown route and no broker, dropping message pub:From (131073) handle(1) size 245 at 84 to 131072
[2024-04-10 17:10:12.432] [console] [info] 998269-Rlkbf-sDncE-G7h2A-1ib1h (1)[operating]:: broker tick
[2024-04-10 17:10:17.611] [console] [warning] commWarning||998269-Rlkbf-sDncE-G7h2A-1ib1h (1)[operating]::unknown route and no broker, dropping message pub:From (131073) handle(1) size 243 at 85 to 131072
[2024-04-10 17:10:28.245] [console] [warning] commWarning||998269-Rlkbf-sDncE-G7h2A-1ib1h (1)[operating]::unknown route and no broker, dropping message pub:From (131073) handle(1) size 245 at 86 to 131072
[2024-04-10 17:10:38.874] [console] [warning] commWarning||998269-Rlkbf-sDncE-G7h2A-1ib1h (1)[operating]::unknown route and no broker, dropping message pub:From (131073) handle(1) size 243 at 87 to 131072
[2024-04-10 17:10:49.500] [console] [warning] commWarning||998269-Rlkbf-sDncE-G7h2A-1ib1h (1)[operating]::unknown route and no broker, dropping message pub:From (131073) handle(1) size 245 at 88 to 131072
[2024-04-10 17:11:00.128] [console] [warning] commWarning||998269-Rlkbf-sDncE-G7h2A-1ib1h (1)[operating]::unknown route and no broker, dropping message pub:From (131073) handle(1) size 243 at 89 to 131072
[2024-04-10 17:11:10.757] [console] [warning] commWarning||998269-Rlkbf-sDncE-G7h2A-1ib1h (1)[operating]::unknown route and no broker, dropping message pub:From (131073) handle(1) size 245 at 90 to 131072
[2024-04-10 17:11:21.395] [console] [warning] commWarning||998269-Rlkbf-sDncE-G7h2A-1ib1h (1)[operating]::unknown route and no broker, dropping message pub:From (131073) handle(1) size 243 at 91 to 131072
[2024-04-10 17:11:27.435] [console] [info] 998269-Rlkbf-sDncE-G7h2A-1ib1h (1)[operating]:: broker tick
[2024-04-10 17:11:32.091] [console] [warning] commWarning||998269-Rlkbf-sDncE-G7h2A-1ib1h (1)[operating]::unknown route and no broker, dropping message pub:From (131073) handle(1) size 245 at 92 to 131072
[2024-04-10 17:11:37.435] [console] [info] 998269-Rlkbf-sDncE-G7h2A-1ib1h (1)[operating]:: broker tick
[2024-04-10 17:11:42.752] [console] [warning] commWarning||998269-Rlkbf-sDncE-G7h2A-1ib1h (1)[operating]::unknown route and no broker, dropping message pub:From (131073) handle(1) size 243 at 93 to 131072
[2024-04-10 17:11:53.411] [console] [warning] commWarning||998269-Rlkbf-sDncE-G7h2A-1ib1h (1)[operating]::unknown route and no broker, dropping message pub:From (131073) handle(1) size 245 at 94 to 131072
[2024-04-10 17:12:04.068] [console] [warning] commWarning||998269-Rlkbf-sDncE-G7h2A-1ib1h (1)[operating]::unknown route and no broker, dropping message pub:From (131073) handle(1) size 243 at 95 to 131072
[2024-04-10 17:12:14.732] [console] [warning] commWarning||998269-Rlkbf-sDncE-G7h2A-1ib1h (1)[operating]::unknown route and no broker, dropping message pub:From (131073) handle(1) size 245 at 96 to 131072
[2024-04-10 17:12:25.390] [console] [warning] commWarning||998269-Rlkbf-sDncE-G7h2A-1ib1h (1)[operating]::unknown route and no broker, dropping message pub:From (131073) handle(1) size 243 at 97 to 131072
[2024-04-10 17:12:36.058] [console] [warning] commWarning||998269-Rlkbf-sDncE-G7h2A-1ib1h (1)[operating]::unknown route and no broker, dropping message pub:From (131073) handle(1) size 245 at 98 to 131072
[2024-04-10 17:12:46.715] [console] [warning] commWarning||998269-Rlkbf-sDncE-G7h2A-1ib1h (1)[operating]::unknown route and no broker, dropping message pub:From (131073) handle(1) size 243 at 99 to 131072
[2024-04-10 17:12:52.437] [console] [info] 998269-Rlkbf-sDncE-G7h2A-1ib1h (1)[operating]:: broker tick
[2024-04-10 17:12:57.371] [console] [warning] commWarning||998269-Rlkbf-sDncE-G7h2A-1ib1h (1)[operating]::unknown route and no broker, dropping message pub:From (131073) handle(1) size 245 at 100 to 131072
[2024-04-10 17:13:02.438] [console] [info] 998269-Rlkbf-sDncE-G7h2A-1ib1h (1)[operating]:: broker tick
[2024-04-10 17:13:08.028] [console] [warning] commWarning||998269-Rlkbf-sDncE-G7h2A-1ib1h (1)[operating]::unknown route and no broker, dropping message pub:From (131073) handle(1) size 243 at 101 to 131072
[2024-04-10 17:13:18.664] [console] [warning] commWarning||998269-Rlkbf-sDncE-G7h2A-1ib1h (1)[operating]::unknown route and no broker, dropping message pub:From (131073) handle(1) size 245 at 102 to 131072
[2024-04-10 17:13:29.285] [console] [warning] commWarning||998269-Rlkbf-sDncE-G7h2A-1ib1h (1)[operating]::unknown route and no broker, dropping message pub:From (131073) handle(1) size 243 at 103 to 131072
[2024-04-10 17:13:39.915] [console] [warning] commWarning||998269-Rlkbf-sDncE-G7h2A-1ib1h (1)[operating]::unknown route and no broker, dropping message pub:From (131073) handle(1) size 245 at 104 to 131072
[2024-04-10 17:13:50.537] [console] [warning] commWarning||998269-Rlkbf-sDncE-G7h2A-1ib1h (1)[operating]::unknown route and no broker, dropping message pub:From (131073) handle(1) size 243 at 105 to 131072
[2024-04-10 17:14:01.161] [console] [warning] commWarning||998269-Rlkbf-sDncE-G7h2A-1ib1h (1)[operating]::unknown route and no broker, dropping message pub:From (131073) handle(1) size 245 at 106 to 131072
[2024-04-10 17:14:11.784] [console] [warning] commWarning||998269-Rlkbf-sDncE-G7h2A-1ib1h (1)[operating]::unknown route and no broker, dropping message pub:From (131073) handle(1) size 243 at 107 to 131072
[2024-04-10 17:14:17.440] [console] [info] 998269-Rlkbf-sDncE-G7h2A-1ib1h (1)[operating]:: broker tick
[2024-04-10 17:14:22.406] [console] [warning] commWarning||998269-Rlkbf-sDncE-G7h2A-1ib1h (1)[operating]::unknown route and no broker, dropping message pub:From (131073) handle(1) size 245 at 108 to 131072
[2024-04-10 17:14:27.441] [console] [info] 998269-Rlkbf-sDncE-G7h2A-1ib1h (1)[operating]:: broker tick
[2024-04-10 17:14:33.029] [console] [warning] commWarning||998269-Rlkbf-sDncE-G7h2A-1ib1h (1)[operating]::unknown route and no broker, dropping message pub:From (131073) handle(1) size 243 at 109 to 131072
[2024-04-10 17:14:43.656] [console] [warning] commWarning||998269-Rlkbf-sDncE-G7h2A-1ib1h (1)[operating]::unknown route and no broker, dropping message pub:From (131073) handle(1) size 245 at 110 to 131072
[2024-04-10 17:14:54.286] [console] [warning] commWarning||998269-Rlkbf-sDncE-G7h2A-1ib1h (1)[operating]::unknown route and no broker, dropping message pub:From (131073) handle(1) size 243 at 111 to 131072
[2024-04-10 17:15:04.928] [console] [warning] commWarning||998269-Rlkbf-sDncE-G7h2A-1ib1h (1)[operating]::unknown route and no broker, dropping message pub:From (131073) handle(1) size 245 at 112 to 131072
[2024-04-10 17:15:15.547] [console] [warning] commWarning||998269-Rlkbf-sDncE-G7h2A-1ib1h (1)[operating]::unknown route and no broker, dropping message pub:From (131073) handle(1) size 243 at 113 to 131072
[2024-04-10 17:15:26.171] [console] [warning] commWarning||998269-Rlkbf-sDncE-G7h2A-1ib1h (1)[operating]::unknown route and no broker, dropping message pub:From (131073) handle(1) size 245 at 114 to 131072
[2024-04-10 17:15:36.790] [console] [warning] commWarning||998269-Rlkbf-sDncE-G7h2A-1ib1h (1)[operating]::unknown route and no broker, dropping message pub:From (131073) handle(1) size 243 at 115 to 131072
[2024-04-10 17:15:42.443] [console] [info] 998269-Rlkbf-sDncE-G7h2A-1ib1h (1)[operating]:: broker tick
[2024-04-10 17:15:47.411] [console] [warning] commWarning||998269-Rlkbf-sDncE-G7h2A-1ib1h (1)[operating]::unknown route and no broker, dropping message pub:From (131073) handle(1) size 245 at 116 to 131072
[2024-04-10 17:15:52.444] [console] [info] 998269-Rlkbf-sDncE-G7h2A-1ib1h (1)[operating]:: broker tick
[2024-04-10 17:15:58.031] [console] [warning] commWarning||998269-Rlkbf-sDncE-G7h2A-1ib1h (1)[operating]::unknown route and no broker, dropping message pub:From (131073) handle(1) size 243 at 117 to 131072
[2024-04-10 17:16:08.651] [console] [warning] commWarning||998269-Rlkbf-sDncE-G7h2A-1ib1h (1)[operating]::unknown route and no broker, dropping message pub:From (131073) handle(1) size 245 at 118 to 131072
[2024-04-10 17:16:19.267] [console] [warning] commWarning||998269-Rlkbf-sDncE-G7h2A-1ib1h (1)[operating]::unknown route and no broker, dropping message pub:From (131073) handle(1) size 243 at 119 to 131072
[2024-04-10 17:16:29.884] [console] [warning] commWarning||998269-Rlkbf-sDncE-G7h2A-1ib1h (1)[operating]::unknown route and no broker, dropping message pub:From (131073) handle(1) size 245 at 120 to 131072
[2024-04-10 17:16:40.510] [console] [warning] commWarning||998269-Rlkbf-sDncE-G7h2A-1ib1h (1)[operating]::unknown route and no broker, dropping message pub:From (131073) handle(1) size 243 at 121 to 131072
[2024-04-10 17:16:51.150] [console] [warning] commWarning||998269-Rlkbf-sDncE-G7h2A-1ib1h (1)[operating]::unknown route and no broker, dropping message pub:From (131073) handle(1) size 245 at 122 to 131072
[2024-04-10 17:17:01.779] [console] [warning] commWarning||998269-Rlkbf-sDncE-G7h2A-1ib1h (1)[operating]::unknown route and no broker, dropping message pub:From (131073) handle(1) size 243 at 123 to 131072
[2024-04-10 17:17:07.446] [console] [info] 998269-Rlkbf-sDncE-G7h2A-1ib1h (1)[operating]:: broker tick
[2024-04-10 17:17:12.401] [console] [warning] commWarning||998269-Rlkbf-sDncE-G7h2A-1ib1h (1)[operating]::unknown route and no broker, dropping message pub:From (131073) handle(1) size 245 at 124 to 131072
[2024-04-10 17:17:17.446] [console] [info] 998269-Rlkbf-sDncE-G7h2A-1ib1h (1)[operating]:: broker tick
[2024-04-10 17:17:23.024] [console] [warning] commWarning||998269-Rlkbf-sDncE-G7h2A-1ib1h (1)[operating]::unknown route and no broker, dropping message pub:From (131073) handle(1) size 243 at 125 to 131072
[2024-04-10 17:17:33.649] [console] [warning] commWarning||998269-Rlkbf-sDncE-G7h2A-1ib1h (1)[operating]::unknown route and no broker, dropping message pub:From (131073) handle(1) size 245 at 126 to 131072
[2024-04-10 17:17:44.274] [console] [warning] commWarning||998269-Rlkbf-sDncE-G7h2A-1ib1h (1)[operating]::unknown route and no broker, dropping message pub:From (131073) handle(1) size 243 at 127 to 131072
[2024-04-10 17:17:54.899] [console] [warning] commWarning||998269-Rlkbf-sDncE-G7h2A-1ib1h (1)[operating]::unknown route and no broker, dropping message pub:From (131073) handle(1) size 245 at 128 to 131072
[2024-04-10 17:18:05.526] [console] [warning] commWarning||998269-Rlkbf-sDncE-G7h2A-1ib1h (1)[operating]::unknown route and no broker, dropping message pub:From (131073) handle(1) size 243 at 129 to 131072
[2024-04-10 17:18:16.153] [console] [warning] commWarning||998269-Rlkbf-sDncE-G7h2A-1ib1h (1)[operating]::unknown route and no broker, dropping message pub:From (131073) handle(1) size 245 at 130 to 131072
[2024-04-10 17:18:26.782] [console] [warning] commWarning||998269-Rlkbf-sDncE-G7h2A-1ib1h (1)[operating]::unknown route and no broker, dropping message pub:From (131073) handle(1) size 243 at 131 to 131072
[2024-04-10 17:18:32.449] [console] [info] 998269-Rlkbf-sDncE-G7h2A-1ib1h (1)[operating]:: broker tick
[2024-04-10 17:18:37.454] [console] [warning] commWarning||998269-Rlkbf-sDncE-G7h2A-1ib1h (1)[operating]::unknown route and no broker, dropping message pub:From (131073) handle(1) size 245 at 132 to 131072
[2024-04-10 17:18:48.090] [console] [warning] commWarning||998269-Rlkbf-sDncE-G7h2A-1ib1h (1)[operating]::unknown route and no broker, dropping message pub:From (131073) handle(1) size 243 at 133 to 131072
[2024-04-10 17:18:58.723] [console] [warning] commWarning||998269-Rlkbf-sDncE-G7h2A-1ib1h (1)[operating]::unknown route and no broker, dropping message pub:From (131073) handle(1) size 245 at 134 to 131072
[2024-04-10 17:19:09.358] [console] [warning] commWarning||998269-Rlkbf-sDncE-G7h2A-1ib1h (1)[operating]::unknown route and no broker, dropping message pub:From (131073) handle(1) size 243 at 135 to 131072
[2024-04-10 17:19:19.995] [console] [warning] commWarning||998269-Rlkbf-sDncE-G7h2A-1ib1h (1)[operating]::unknown route and no broker, dropping message pub:From (131073) handle(1) size 245 at 136 to 131072
[2024-04-10 17:19:30.629] [console] [warning] commWarning||998269-Rlkbf-sDncE-G7h2A-1ib1h (1)[operating]::unknown route and no broker, dropping message pub:From (131073) handle(1) size 243 at 137 to 131072
[2024-04-10 17:19:41.262] [console] [warning] commWarning||998269-Rlkbf-sDncE-G7h2A-1ib1h (1)[operating]::unknown route and no broker, dropping message pub:From (131073) handle(1) size 245 at 138 to 131072
[2024-04-10 17:19:51.893] [console] [warning] commWarning||998269-Rlkbf-sDncE-G7h2A-1ib1h (1)[operating]::unknown route and no broker, dropping message pub:From (131073) handle(1) size 243 at 139 to 131072
[2024-04-10 17:19:57.452] [console] [info] 998269-Rlkbf-sDncE-G7h2A-1ib1h (1)[operating]:: broker tick
[2024-04-10 17:20:02.537] [console] [warning] commWarning||998269-Rlkbf-sDncE-G7h2A-1ib1h (1)[operating]::unknown route and no broker, dropping message pub:From (131073) handle(1) size 245 at 140 to 131072
[2024-04-10 17:20:13.179] [console] [warning] commWarning||998269-Rlkbf-sDncE-G7h2A-1ib1h (1)[operating]::unknown route and no broker, dropping message pub:From (131073) handle(1) size 243 at 141 to 131072
[2024-04-10 17:20:23.833] [console] [warning] commWarning||998269-Rlkbf-sDncE-G7h2A-1ib1h (1)[operating]::unknown route and no broker, dropping message pub:From (131073) handle(1) size 245 at 142 to 131072
[2024-04-10 17:20:34.452] [console] [warning] commWarning||998269-Rlkbf-sDncE-G7h2A-1ib1h (1)[operating]::unknown route and no broker, dropping message pub:From (131073) handle(1) size 243 at 143 to 131072
[2024-04-10 17:20:45.073] [console] [warning] commWarning||998269-Rlkbf-sDncE-G7h2A-1ib1h (1)[operating]::unknown route and no broker, dropping message pub:From (131073) handle(1) size 245 at 144 to 131072
[2024-04-10 17:20:55.695] [console] [warning] commWarning||998269-Rlkbf-sDncE-G7h2A-1ib1h (1)[operating]::unknown route and no broker, dropping message pub:From (131073) handle(1) size 243 at 145 to 131072
[2024-04-10 17:21:06.315] [console] [warning] commWarning||998269-Rlkbf-sDncE-G7h2A-1ib1h (1)[operating]::unknown route and no broker, dropping message pub:From (131073) handle(1) size 245 at 146 to 131072
[2024-04-10 17:21:16.938] [console] [warning] commWarning||998269-Rlkbf-sDncE-G7h2A-1ib1h (1)[operating]::unknown route and no broker, dropping message pub:From (131073) handle(1) size 243 at 147 to 131072
[2024-04-10 17:21:22.454] [console] [info] 998269-Rlkbf-sDncE-G7h2A-1ib1h (1)[operating]:: broker tick
[2024-04-10 17:21:27.557] [console] [warning] commWarning||998269-Rlkbf-sDncE-G7h2A-1ib1h (1)[operating]::unknown route and no broker, dropping message pub:From (131073) handle(1) size 245 at 148 to 131072
[2024-04-10 17:21:38.178] [console] [warning] commWarning||998269-Rlkbf-sDncE-G7h2A-1ib1h (1)[operating]::unknown route and no broker, dropping message pub:From (131073) handle(1) size 243 at 149 to 131072
[2024-04-10 17:21:48.801] [console] [warning] commWarning||998269-Rlkbf-sDncE-G7h2A-1ib1h (1)[operating]::unknown route and no broker, dropping message pub:From (131073) handle(1) size 245 at 150 to 131072
[2024-04-10 17:21:59.429] [console] [warning] commWarning||998269-Rlkbf-sDncE-G7h2A-1ib1h (1)[operating]::unknown route and no broker, dropping message pub:From (131073) handle(1) size 243 at 151 to 131072
[2024-04-10 17:22:10.066] [console] [warning] commWarning||998269-Rlkbf-sDncE-G7h2A-1ib1h (1)[operating]::unknown route and no broker, dropping message pub:From (131073) handle(1) size 245 at 152 to 131072
[2024-04-10 17:22:20.705] [console] [warning] commWarning||998269-Rlkbf-sDncE-G7h2A-1ib1h (1)[operating]::unknown route and no broker, dropping message pub:From (131073) handle(1) size 243 at 153 to 131072
[2024-04-10 17:22:31.346] [console] [warning] commWarning||998269-Rlkbf-sDncE-G7h2A-1ib1h (1)[operating]::unknown route and no broker, dropping message pub:From (131073) handle(1) size 245 at 154 to 131072
[2024-04-10 17:22:41.981] [console] [warning] commWarning||998269-Rlkbf-sDncE-G7h2A-1ib1h (1)[operating]::unknown route and no broker, dropping message pub:From (131073) handle(1) size 243 at 155 to 131072
[2024-04-10 17:22:47.457] [console] [info] 998269-Rlkbf-sDncE-G7h2A-1ib1h (1)[operating]:: broker tick
[2024-04-10 17:22:52.615] [console] [warning] commWarning||998269-Rlkbf-sDncE-G7h2A-1ib1h (1)[operating]::unknown route and no broker, dropping message pub:From (131073) handle(1) size 245 at 156 to 131072
[2024-04-10 17:23:03.249] [console] [warning] commWarning||998269-Rlkbf-sDncE-G7h2A-1ib1h (1)[operating]::unknown route and no broker, dropping message pub:From (131073) handle(1) size 243 at 157 to 131072
[2024-04-10 17:23:13.884] [console] [warning] commWarning||998269-Rlkbf-sDncE-G7h2A-1ib1h (1)[operating]::unknown route and no broker, dropping message pub:From (131073) handle(1) size 245 at 158 to 131072
[2024-04-10 17:23:24.524] [console] [warning] commWarning||998269-Rlkbf-sDncE-G7h2A-1ib1h (1)[operating]::unknown route and no broker, dropping message pub:From (131073) handle(1) size 243 at 159 to 131072
[2024-04-10 17:23:35.158] [console] [warning] commWarning||998269-Rlkbf-sDncE-G7h2A-1ib1h (1)[operating]::unknown route and no broker, dropping message pub:From (131073) handle(1) size 245 at 160 to 131072
[2024-04-10 17:23:45.795] [console] [warning] commWarning||998269-Rlkbf-sDncE-G7h2A-1ib1h (1)[operating]::unknown route and no broker, dropping message pub:From (131073) handle(1) size 243 at 161 to 131072
[2024-04-10 17:23:56.431] [console] [warning] commWarning||998269-Rlkbf-sDncE-G7h2A-1ib1h (1)[operating]::unknown route and no broker, dropping message pub:From (131073) handle(1) size 245 at 162 to 131072
[2024-04-10 17:24:02.459] [console] [info] 998269-Rlkbf-sDncE-G7h2A-1ib1h (1)[operating]:: broker tick
[2024-04-10 17:24:07.064] [console] [warning] commWarning||998269-Rlkbf-sDncE-G7h2A-1ib1h (1)[operating]::unknown route and no broker, dropping message pub:From (131073) handle(1) size 243 at 163 to 131072
[2024-04-10 17:24:12.460] [console] [info] 998269-Rlkbf-sDncE-G7h2A-1ib1h (1)[operating]:: broker tick
[2024-04-10 17:24:17.695] [console] [warning] commWarning||998269-Rlkbf-sDncE-G7h2A-1ib1h (1)[operating]::unknown route and no broker, dropping message pub:From (131073) handle(1) size 245 at 164 to 131072
[2024-04-10 17:24:28.333] [console] [warning] commWarning||998269-Rlkbf-sDncE-G7h2A-1ib1h (1)[operating]::unknown route and no broker, dropping message pub:From (131073) handle(1) size 243 at 165 to 131072
[2024-04-10 17:24:38.964] [console] [warning] commWarning||998269-Rlkbf-sDncE-G7h2A-1ib1h (1)[operating]::unknown route and no broker, dropping message pub:From (131073) handle(1) size 245 at 166 to 131072
[2024-04-10 17:24:49.596] [console] [warning] commWarning||998269-Rlkbf-sDncE-G7h2A-1ib1h (1)[operating]::unknown route and no broker, dropping message pub:From (131073) handle(1) size 243 at 167 to 131072
[2024-04-10 17:25:00.234] [console] [warning] commWarning||998269-Rlkbf-sDncE-G7h2A-1ib1h (1)[operating]::unknown route and no broker, dropping message pub:From (131073) handle(1) size 245 at 168 to 131072
[2024-04-10 17:25:10.866] [console] [warning] commWarning||998269-Rlkbf-sDncE-G7h2A-1ib1h (1)[operating]::unknown route and no broker, dropping message pub:From (131073) handle(1) size 243 at 169 to 131072
[2024-04-10 17:25:21.499] [console] [warning] commWarning||998269-Rlkbf-sDncE-G7h2A-1ib1h (1)[operating]::unknown route and no broker, dropping message pub:From (131073) handle(1) size 245 at 170 to 131072
[2024-04-10 17:25:27.462] [console] [info] 998269-Rlkbf-sDncE-G7h2A-1ib1h (1)[operating]:: broker tick
[2024-04-10 17:25:32.139] [console] [warning] commWarning||998269-Rlkbf-sDncE-G7h2A-1ib1h (1)[operating]::unknown route and no broker, dropping message pub:From (131073) handle(1) size 243 at 171 to 131072
[2024-04-10 17:25:37.463] [console] [info] 998269-Rlkbf-sDncE-G7h2A-1ib1h (1)[operating]:: broker tick
[2024-04-10 17:25:42.824] [console] [warning] commWarning||998269-Rlkbf-sDncE-G7h2A-1ib1h (1)[operating]::unknown route and no broker, dropping message pub:From (131073) handle(1) size 245 at 172 to 131072
[2024-04-10 17:25:53.494] [console] [warning] commWarning||998269-Rlkbf-sDncE-G7h2A-1ib1h (1)[operating]::unknown route and no broker, dropping message pub:From (131073) handle(1) size 243 at 173 to 131072
[2024-04-10 17:26:04.166] [console] [warning] commWarning||998269-Rlkbf-sDncE-G7h2A-1ib1h (1)[operating]::unknown route and no broker, dropping message pub:From (131073) handle(1) size 245 at 174 to 131072
[2024-04-10 17:26:14.835] [console] [warning] commWarning||998269-Rlkbf-sDncE-G7h2A-1ib1h (1)[operating]::unknown route and no broker, dropping message pub:From (131073) handle(1) size 243 at 175 to 131072
[2024-04-10 17:26:25.518] [console] [warning] commWarning||998269-Rlkbf-sDncE-G7h2A-1ib1h (1)[operating]::unknown route and no broker, dropping message pub:From (131073) handle(1) size 245 at 176 to 131072
[2024-04-10 17:26:36.201] [console] [warning] commWarning||998269-Rlkbf-sDncE-G7h2A-1ib1h (1)[operating]::unknown route and no broker, dropping message pub:From (131073) handle(1) size 243 at 177 to 131072
[2024-04-10 17:26:46.888] [console] [warning] commWarning||998269-Rlkbf-sDncE-G7h2A-1ib1h (1)[operating]::unknown route and no broker, dropping message pub:From (131073) handle(1) size 245 at 178 to 131072
[2024-04-10 17:26:52.465] [console] [info] 998269-Rlkbf-sDncE-G7h2A-1ib1h (1)[operating]:: broker tick
[2024-04-10 17:26:57.576] [console] [warning] commWarning||998269-Rlkbf-sDncE-G7h2A-1ib1h (1)[operating]::unknown route and no broker, dropping message pub:From (131073) handle(1) size 243 at 179 to 131072
[2024-04-10 17:27:08.261] [console] [warning] commWarning||998269-Rlkbf-sDncE-G7h2A-1ib1h (1)[operating]::unknown route and no broker, dropping message pub:From (131073) handle(1) size 245 at 180 to 131072
[2024-04-10 17:27:18.949] [console] [warning] commWarning||998269-Rlkbf-sDncE-G7h2A-1ib1h (1)[operating]::unknown route and no broker, dropping message pub:From (131073) handle(1) size 243 at 181 to 131072
[2024-04-10 17:27:29.623] [console] [warning] commWarning||998269-Rlkbf-sDncE-G7h2A-1ib1h (1)[operating]::unknown route and no broker, dropping message pub:From (131073) handle(1) size 245 at 182 to 131072
[2024-04-10 17:27:40.293] [console] [warning] commWarning||998269-Rlkbf-sDncE-G7h2A-1ib1h (1)[operating]::unknown route and no broker, dropping message pub:From (131073) handle(1) size 243 at 183 to 131072
[2024-04-10 17:27:50.966] [console] [warning] commWarning||998269-Rlkbf-sDncE-G7h2A-1ib1h (1)[operating]::unknown route and no broker, dropping message pub:From (131073) handle(1) size 245 at 184 to 131072
[2024-04-10 17:28:01.636] [console] [warning] commWarning||998269-Rlkbf-sDncE-G7h2A-1ib1h (1)[operating]::unknown route and no broker, dropping message pub:From (131073) handle(1) size 243 at 185 to 131072
[2024-04-10 17:28:07.467] [console] [info] 998269-Rlkbf-sDncE-G7h2A-1ib1h (1)[operating]:: broker tick
[2024-04-10 17:28:12.309] [console] [warning] commWarning||998269-Rlkbf-sDncE-G7h2A-1ib1h (1)[operating]::unknown route and no broker, dropping message pub:From (131073) handle(1) size 245 at 186 to 131072
[2024-04-10 17:28:17.468] [console] [info] 998269-Rlkbf-sDncE-G7h2A-1ib1h (1)[operating]:: broker tick
[2024-04-10 17:28:22.979] [console] [warning] commWarning||998269-Rlkbf-sDncE-G7h2A-1ib1h (1)[operating]::unknown route and no broker, dropping message pub:From (131073) handle(1) size 243 at 187 to 131072
[2024-04-10 17:28:33.654] [console] [warning] commWarning||998269-Rlkbf-sDncE-G7h2A-1ib1h (1)[operating]::unknown route and no broker, dropping message pub:From (131073) handle(1) size 245 at 188 to 131072
[2024-04-10 17:28:44.324] [console] [warning] commWarning||998269-Rlkbf-sDncE-G7h2A-1ib1h (1)[operating]::unknown route and no broker, dropping message pub:From (131073) handle(1) size 243 at 189 to 131072
[2024-04-10 17:28:54.999] [console] [warning] commWarning||998269-Rlkbf-sDncE-G7h2A-1ib1h (1)[operating]::unknown route and no broker, dropping message pub:From (131073) handle(1) size 245 at 190 to 131072
[2024-04-10 17:29:05.681] [console] [warning] commWarning||998269-Rlkbf-sDncE-G7h2A-1ib1h (1)[operating]::unknown route and no broker, dropping message pub:From (131073) handle(1) size 243 at 191 to 131072
[2024-04-10 17:29:16.356] [console] [warning] commWarning||998269-Rlkbf-sDncE-G7h2A-1ib1h (1)[operating]::unknown route and no broker, dropping message pub:From (131073) handle(1) size 245 at 192 to 131072
[2024-04-10 17:29:27.018] [console] [warning] commWarning||998269-Rlkbf-sDncE-G7h2A-1ib1h (1)[operating]::unknown route and no broker, dropping message pub:From (131073) handle(1) size 243 at 193 to 131072
[2024-04-10 17:29:32.470] [console] [info] 998269-Rlkbf-sDncE-G7h2A-1ib1h (1)[operating]:: broker tick
[2024-04-10 17:29:37.677] [console] [warning] commWarning||998269-Rlkbf-sDncE-G7h2A-1ib1h (1)[operating]::unknown route and no broker, dropping message pub:From (131073) handle(1) size 245 at 194 to 131072
[2024-04-10 17:29:48.341] [console] [warning] commWarning||998269-Rlkbf-sDncE-G7h2A-1ib1h (1)[operating]::unknown route and no broker, dropping message pub:From (131073) handle(1) size 243 at 195 to 131072
[2024-04-10 17:29:58.998] [console] [warning] commWarning||998269-Rlkbf-sDncE-G7h2A-1ib1h (1)[operating]::unknown route and no broker, dropping message pub:From (131073) handle(1) size 245 at 196 to 131072
[2024-04-10 17:30:09.647] [console] [warning] commWarning||998269-Rlkbf-sDncE-G7h2A-1ib1h (1)[operating]::unknown route and no broker, dropping message pub:From (131073) handle(1) size 243 at 197 to 131072
[2024-04-10 17:30:20.295] [console] [warning] commWarning||998269-Rlkbf-sDncE-G7h2A-1ib1h (1)[operating]::unknown route and no broker, dropping message pub:From (131073) handle(1) size 245 at 198 to 131072
[2024-04-10 17:30:30.944] [console] [warning] commWarning||998269-Rlkbf-sDncE-G7h2A-1ib1h (1)[operating]::unknown route and no broker, dropping message pub:From (131073) handle(1) size 243 at 199 to 131072
[2024-04-10 17:30:41.599] [console] [warning] commWarning||998269-Rlkbf-sDncE-G7h2A-1ib1h (1)[operating]::unknown route and no broker, dropping message pub:From (131073) handle(1) size 245 at 200 to 131072
[2024-04-10 17:30:47.473] [console] [info] 998269-Rlkbf-sDncE-G7h2A-1ib1h (1)[operating]:: broker tick
[2024-04-10 17:30:52.257] [console] [warning] commWarning||998269-Rlkbf-sDncE-G7h2A-1ib1h (1)[operating]::unknown route and no broker, dropping message pub:From (131073) handle(1) size 244 at 201 to 131072
[2024-04-10 17:30:57.473] [console] [info] 998269-Rlkbf-sDncE-G7h2A-1ib1h (1)[operating]:: broker tick
[2024-04-10 17:31:02.920] [console] [warning] commWarning||998269-Rlkbf-sDncE-G7h2A-1ib1h (1)[operating]::unknown route and no broker, dropping message pub:From (131073) handle(1) size 246 at 202 to 131072
[2024-04-10 17:31:13.575] [console] [warning] commWarning||998269-Rlkbf-sDncE-G7h2A-1ib1h (1)[operating]::unknown route and no broker, dropping message pub:From (131073) handle(1) size 244 at 203 to 131072
[2024-04-10 17:31:24.229] [console] [warning] commWarning||998269-Rlkbf-sDncE-G7h2A-1ib1h (1)[operating]::unknown route and no broker, dropping message pub:From (131073) handle(1) size 246 at 204 to 131072
[2024-04-10 17:31:34.884] [console] [warning] commWarning||998269-Rlkbf-sDncE-G7h2A-1ib1h (1)[operating]::unknown route and no broker, dropping message pub:From (131073) handle(1) size 244 at 205 to 131072
[2024-04-10 17:31:45.536] [console] [warning] commWarning||998269-Rlkbf-sDncE-G7h2A-1ib1h (1)[operating]::unknown route and no broker, dropping message pub:From (131073) handle(1) size 246 at 206 to 131072
[2024-04-10 17:31:56.190] [console] [warning] commWarning||998269-Rlkbf-sDncE-G7h2A-1ib1h (1)[operating]::unknown route and no broker, dropping message pub:From (131073) handle(1) size 244 at 207 to 131072
[2024-04-10 17:32:06.851] [console] [warning] commWarning||998269-Rlkbf-sDncE-G7h2A-1ib1h (1)[operating]::unknown route and no broker, dropping message pub:From (131073) handle(1) size 246 at 208 to 131072
[2024-04-10 17:32:12.475] [console] [info] 998269-Rlkbf-sDncE-G7h2A-1ib1h (1)[operating]:: broker tick
[2024-04-10 17:32:17.505] [console] [warning] commWarning||998269-Rlkbf-sDncE-G7h2A-1ib1h (1)[operating]::unknown route and no broker, dropping message pub:From (131073) handle(1) size 244 at 209 to 131072
[2024-04-10 17:32:28.160] [console] [warning] commWarning||998269-Rlkbf-sDncE-G7h2A-1ib1h (1)[operating]::unknown route and no broker, dropping message pub:From (131073) handle(1) size 246 at 210 to 131072
[2024-04-10 17:32:38.818] [console] [warning] commWarning||998269-Rlkbf-sDncE-G7h2A-1ib1h (1)[operating]::unknown route and no broker, dropping message pub:From (131073) handle(1) size 244 at 211 to 131072
[2024-04-10 17:32:49.479] [console] [warning] commWarning||998269-Rlkbf-sDncE-G7h2A-1ib1h (1)[operating]::unknown route and no broker, dropping message pub:From (131073) handle(1) size 246 at 212 to 131072
[2024-04-10 17:33:00.144] [console] [warning] commWarning||998269-Rlkbf-sDncE-G7h2A-1ib1h (1)[operating]::unknown route and no broker, dropping message pub:From (131073) handle(1) size 244 at 213 to 131072
[2024-04-10 17:33:10.808] [console] [warning] commWarning||998269-Rlkbf-sDncE-G7h2A-1ib1h (1)[operating]::unknown route and no broker, dropping message pub:From (131073) handle(1) size 246 at 214 to 131072
[2024-04-10 17:33:21.469] [console] [warning] commWarning||998269-Rlkbf-sDncE-G7h2A-1ib1h (1)[operating]::unknown route and no broker, dropping message pub:From (131073) handle(1) size 244 at 215 to 131072
[2024-04-10 17:33:27.478] [console] [info] 998269-Rlkbf-sDncE-G7h2A-1ib1h (1)[operating]:: broker tick
[2024-04-10 17:33:32.133] [console] [warning] commWarning||998269-Rlkbf-sDncE-G7h2A-1ib1h (1)[operating]::unknown route and no broker, dropping message pub:From (131073) handle(1) size 246 at 216 to 131072
[2024-04-10 17:33:37.478] [console] [info] 998269-Rlkbf-sDncE-G7h2A-1ib1h (1)[operating]:: broker tick
[2024-04-10 17:33:42.794] [console] [warning] commWarning||998269-Rlkbf-sDncE-G7h2A-1ib1h (1)[operating]::unknown route and no broker, dropping message pub:From (131073) handle(1) size 244 at 217 to 131072
[2024-04-10 17:33:53.458] [console] [warning] commWarning||998269-Rlkbf-sDncE-G7h2A-1ib1h (1)[operating]::unknown route and no broker, dropping message pub:From (131073) handle(1) size 246 at 218 to 131072
[2024-04-10 17:34:04.118] [console] [warning] commWarning||998269-Rlkbf-sDncE-G7h2A-1ib1h (1)[operating]::unknown route and no broker, dropping message pub:From (131073) handle(1) size 244 at 219 to 131072
[2024-04-10 17:34:14.783] [console] [warning] commWarning||998269-Rlkbf-sDncE-G7h2A-1ib1h (1)[operating]::unknown route and no broker, dropping message pub:From (131073) handle(1) size 246 at 220 to 131072
[2024-04-10 17:34:25.447] [console] [warning] commWarning||998269-Rlkbf-sDncE-G7h2A-1ib1h (1)[operating]::unknown route and no broker, dropping message pub:From (131073) handle(1) size 244 at 221 to 131072
[2024-04-10 17:34:36.112] [console] [warning] commWarning||998269-Rlkbf-sDncE-G7h2A-1ib1h (1)[operating]::unknown route and no broker, dropping message pub:From (131073) handle(1) size 246 at 222 to 131072
[2024-04-10 17:34:46.773] [console] [warning] commWarning||998269-Rlkbf-sDncE-G7h2A-1ib1h (1)[operating]::unknown route and no broker, dropping message pub:From (131073) handle(1) size 244 at 223 to 131072
[2024-04-10 17:34:52.480] [console] [info] 998269-Rlkbf-sDncE-G7h2A-1ib1h (1)[operating]:: broker tick
[2024-04-10 17:34:57.432] [console] [warning] commWarning||998269-Rlkbf-sDncE-G7h2A-1ib1h (1)[operating]::unknown route and no broker, dropping message pub:From (131073) handle(1) size 246 at 224 to 131072
[2024-04-10 17:35:02.481] [console] [info] 998269-Rlkbf-sDncE-G7h2A-1ib1h (1)[operating]:: broker tick
[2024-04-10 17:35:08.092] [console] [warning] commWarning||998269-Rlkbf-sDncE-G7h2A-1ib1h (1)[operating]::unknown route and no broker, dropping message pub:From (131073) handle(1) size 244 at 225 to 131072
[2024-04-10 17:35:18.756] [console] [warning] commWarning||998269-Rlkbf-sDncE-G7h2A-1ib1h (1)[operating]::unknown route and no broker, dropping message pub:From (131073) handle(1) size 246 at 226 to 131072
[2024-04-10 17:35:29.418] [console] [warning] commWarning||998269-Rlkbf-sDncE-G7h2A-1ib1h (1)[operating]::unknown route and no broker, dropping message pub:From (131073) handle(1) size 244 at 227 to 131072
[2024-04-10 17:35:40.075] [console] [warning] commWarning||998269-Rlkbf-sDncE-G7h2A-1ib1h (1)[operating]::unknown route and no broker, dropping message pub:From (131073) handle(1) size 246 at 228 to 131072
[2024-04-10 17:35:50.736] [console] [warning] commWarning||998269-Rlkbf-sDncE-G7h2A-1ib1h (1)[operating]::unknown route and no broker, dropping message pub:From (131073) handle(1) size 244 at 229 to 131072
[2024-04-10 17:36:01.397] [console] [warning] commWarning||998269-Rlkbf-sDncE-G7h2A-1ib1h (1)[operating]::unknown route and no broker, dropping message pub:From (131073) handle(1) size 246 at 230 to 131072
[2024-04-10 17:36:12.074] [console] [warning] commWarning||998269-Rlkbf-sDncE-G7h2A-1ib1h (1)[operating]::unknown route and no broker, dropping message pub:From (131073) handle(1) size 244 at 231 to 131072
[2024-04-10 17:36:17.483] [console] [info] 998269-Rlkbf-sDncE-G7h2A-1ib1h (1)[operating]:: broker tick
[2024-04-10 17:36:22.756] [console] [warning] commWarning||998269-Rlkbf-sDncE-G7h2A-1ib1h (1)[operating]::unknown route and no broker, dropping message pub:From (131073) handle(1) size 246 at 232 to 131072
[2024-04-10 17:36:33.411] [console] [warning] commWarning||998269-Rlkbf-sDncE-G7h2A-1ib1h (1)[operating]::unknown route and no broker, dropping message pub:From (131073) handle(1) size 244 at 233 to 131072
[2024-04-10 17:36:44.065] [console] [warning] commWarning||998269-Rlkbf-sDncE-G7h2A-1ib1h (1)[operating]::unknown route and no broker, dropping message pub:From (131073) handle(1) size 246 at 234 to 131072
[2024-04-10 17:36:54.720] [console] [warning] commWarning||998269-Rlkbf-sDncE-G7h2A-1ib1h (1)[operating]::unknown route and no broker, dropping message pub:From (131073) handle(1) size 244 at 235 to 131072
[2024-04-10 17:37:05.380] [console] [warning] commWarning||998269-Rlkbf-sDncE-G7h2A-1ib1h (1)[operating]::unknown route and no broker, dropping message pub:From (131073) handle(1) size 246 at 236 to 131072
[2024-04-10 17:37:16.036] [console] [warning] commWarning||998269-Rlkbf-sDncE-G7h2A-1ib1h (1)[operating]::unknown route and no broker, dropping message pub:From (131073) handle(1) size 244 at 237 to 131072
[2024-04-10 17:37:26.692] [console] [warning] commWarning||998269-Rlkbf-sDncE-G7h2A-1ib1h (1)[operating]::unknown route and no broker, dropping message pub:From (131073) handle(1) size 246 at 238 to 131072
[2024-04-10 17:37:32.485] [console] [info] 998269-Rlkbf-sDncE-G7h2A-1ib1h (1)[operating]:: broker tick
[2024-04-10 17:37:37.348] [console] [warning] commWarning||998269-Rlkbf-sDncE-G7h2A-1ib1h (1)[operating]::unknown route and no broker, dropping message pub:From (131073) handle(1) size 244 at 239 to 131072
[2024-04-10 17:37:42.486] [console] [info] 998269-Rlkbf-sDncE-G7h2A-1ib1h (1)[operating]:: broker tick
[2024-04-10 17:37:48.003] [console] [warning] commWarning||998269-Rlkbf-sDncE-G7h2A-1ib1h (1)[operating]::unknown route and no broker, dropping message pub:From (131073) handle(1) size 246 at 240 to 131072
[2024-04-10 17:37:58.661] [console] [warning] commWarning||998269-Rlkbf-sDncE-G7h2A-1ib1h (1)[operating]::unknown route and no broker, dropping message pub:From (131073) handle(1) size 244 at 241 to 131072
[2024-04-10 17:38:09.329] [console] [warning] commWarning||998269-Rlkbf-sDncE-G7h2A-1ib1h (1)[operating]::unknown route and no broker, dropping message pub:From (131073) handle(1) size 246 at 242 to 131072
[2024-04-10 17:38:19.990] [console] [warning] commWarning||998269-Rlkbf-sDncE-G7h2A-1ib1h (1)[operating]::unknown route and no broker, dropping message pub:From (131073) handle(1) size 244 at 243 to 131072
[2024-04-10 17:38:30.660] [console] [warning] commWarning||998269-Rlkbf-sDncE-G7h2A-1ib1h (1)[operating]::unknown route and no broker, dropping message pub:From (131073) handle(1) size 246 at 244 to 131072
[2024-04-10 17:38:41.329] [console] [warning] commWarning||998269-Rlkbf-sDncE-G7h2A-1ib1h (1)[operating]::unknown route and no broker, dropping message pub:From (131073) handle(1) size 244 at 245 to 131072
[2024-04-10 17:38:51.994] [console] [warning] commWarning||998269-Rlkbf-sDncE-G7h2A-1ib1h (1)[operating]::unknown route and no broker, dropping message pub:From (131073) handle(1) size 246 at 246 to 131072
[2024-04-10 17:38:57.488] [console] [info] 998269-Rlkbf-sDncE-G7h2A-1ib1h (1)[operating]:: broker tick
[2024-04-10 17:39:02.659] [console] [warning] commWarning||998269-Rlkbf-sDncE-G7h2A-1ib1h (1)[operating]::unknown route and no broker, dropping message pub:From (131073) handle(1) size 244 at 247 to 131072
[2024-04-10 17:39:13.324] [console] [warning] commWarning||998269-Rlkbf-sDncE-G7h2A-1ib1h (1)[operating]::unknown route and no broker, dropping message pub:From (131073) handle(1) size 246 at 248 to 131072
[2024-04-10 17:39:23.987] [console] [warning] commWarning||998269-Rlkbf-sDncE-G7h2A-1ib1h (1)[operating]::unknown route and no broker, dropping message pub:From (131073) handle(1) size 244 at 249 to 131072
[2024-04-10 17:39:34.661] [console] [warning] commWarning||998269-Rlkbf-sDncE-G7h2A-1ib1h (1)[operating]::unknown route and no broker, dropping message pub:From (131073) handle(1) size 246 at 250 to 131072
[2024-04-10 17:39:45.333] [console] [warning] commWarning||998269-Rlkbf-sDncE-G7h2A-1ib1h (1)[operating]::unknown route and no broker, dropping message pub:From (131073) handle(1) size 244 at 251 to 131072
[2024-04-10 17:39:56.001] [console] [warning] commWarning||998269-Rlkbf-sDncE-G7h2A-1ib1h (1)[operating]::unknown route and no broker, dropping message pub:From (131073) handle(1) size 246 at 252 to 131072
[2024-04-10 17:40:06.646] [console] [warning] commWarning||998269-Rlkbf-sDncE-G7h2A-1ib1h (1)[operating]::unknown route and no broker, dropping message pub:From (131073) handle(1) size 244 at 253 to 131072
[2024-04-10 17:40:12.490] [console] [info] 998269-Rlkbf-sDncE-G7h2A-1ib1h (1)[operating]:: broker tick
[2024-04-10 17:40:17.287] [console] [warning] commWarning||998269-Rlkbf-sDncE-G7h2A-1ib1h (1)[operating]::unknown route and no broker, dropping message pub:From (131073) handle(1) size 246 at 254 to 131072
[2024-04-10 17:40:22.491] [console] [info] 998269-Rlkbf-sDncE-G7h2A-1ib1h (1)[operating]:: broker tick
[2024-04-10 17:40:27.928] [console] [warning] commWarning||998269-Rlkbf-sDncE-G7h2A-1ib1h (1)[operating]::unknown route and no broker, dropping message pub:From (131073) handle(1) size 244 at 255 to 131072
[2024-04-10 17:40:38.571] [console] [warning] commWarning||998269-Rlkbf-sDncE-G7h2A-1ib1h (1)[operating]::unknown route and no broker, dropping message pub:From (131073) handle(1) size 246 at 256 to 131072
[2024-04-10 17:40:49.213] [console] [warning] commWarning||998269-Rlkbf-sDncE-G7h2A-1ib1h (1)[operating]::unknown route and no broker, dropping message pub:From (131073) handle(1) size 244 at 257 to 131072
[2024-04-10 17:40:59.855] [console] [warning] commWarning||998269-Rlkbf-sDncE-G7h2A-1ib1h (1)[operating]::unknown route and no broker, dropping message pub:From (131073) handle(1) size 246 at 258 to 131072
[2024-04-10 17:41:10.499] [console] [warning] commWarning||998269-Rlkbf-sDncE-G7h2A-1ib1h (1)[operating]::unknown route and no broker, dropping message pub:From (131073) handle(1) size 244 at 259 to 131072
[2024-04-10 17:41:21.142] [console] [warning] commWarning||998269-Rlkbf-sDncE-G7h2A-1ib1h (1)[operating]::unknown route and no broker, dropping message pub:From (131073) handle(1) size 246 at 260 to 131072
[2024-04-10 17:41:31.785] [console] [warning] commWarning||998269-Rlkbf-sDncE-G7h2A-1ib1h (1)[operating]::unknown route and no broker, dropping message pub:From (131073) handle(1) size 244 at 261 to 131072
[2024-04-10 17:41:37.493] [console] [info] 998269-Rlkbf-sDncE-G7h2A-1ib1h (1)[operating]:: broker tick
[2024-04-10 17:41:42.433] [console] [warning] commWarning||998269-Rlkbf-sDncE-G7h2A-1ib1h (1)[operating]::unknown route and no broker, dropping message pub:From (131073) handle(1) size 246 at 262 to 131072
[2024-04-10 17:41:47.493] [console] [info] 998269-Rlkbf-sDncE-G7h2A-1ib1h (1)[operating]:: broker tick
[2024-04-10 17:41:53.078] [console] [warning] commWarning||998269-Rlkbf-sDncE-G7h2A-1ib1h (1)[operating]::unknown route and no broker, dropping message pub:From (131073) handle(1) size 244 at 263 to 131072
[2024-04-10 17:42:03.721] [console] [warning] commWarning||998269-Rlkbf-sDncE-G7h2A-1ib1h (1)[operating]::unknown route and no broker, dropping message pub:From (131073) handle(1) size 246 at 264 to 131072
[2024-04-10 17:42:14.365] [console] [warning] commWarning||998269-Rlkbf-sDncE-G7h2A-1ib1h (1)[operating]::unknown route and no broker, dropping message pub:From (131073) handle(1) size 244 at 265 to 131072
[2024-04-10 17:42:25.006] [console] [warning] commWarning||998269-Rlkbf-sDncE-G7h2A-1ib1h (1)[operating]::unknown route and no broker, dropping message pub:From (131073) handle(1) size 246 at 266 to 131072
[2024-04-10 17:42:35.651] [console] [warning] commWarning||998269-Rlkbf-sDncE-G7h2A-1ib1h (1)[operating]::unknown route and no broker, dropping message pub:From (131073) handle(1) size 244 at 267 to 131072
[2024-04-10 17:42:46.298] [console] [warning] commWarning||998269-Rlkbf-sDncE-G7h2A-1ib1h (1)[operating]::unknown route and no broker, dropping message pub:From (131073) handle(1) size 246 at 268 to 131072
[2024-04-10 17:42:56.944] [console] [warning] commWarning||998269-Rlkbf-sDncE-G7h2A-1ib1h (1)[operating]::unknown route and no broker, dropping message pub:From (131073) handle(1) size 244 at 269 to 131072
[2024-04-10 17:43:02.496] [console] [info] 998269-Rlkbf-sDncE-G7h2A-1ib1h (1)[operating]:: broker tick
[2024-04-10 17:43:07.594] [console] [warning] commWarning||998269-Rlkbf-sDncE-G7h2A-1ib1h (1)[operating]::unknown route and no broker, dropping message pub:From (131073) handle(1) size 246 at 270 to 131072
[2024-04-10 17:43:18.239] [console] [warning] commWarning||998269-Rlkbf-sDncE-G7h2A-1ib1h (1)[operating]::unknown route and no broker, dropping message pub:From (131073) handle(1) size 244 at 271 to 131072
[2024-04-10 17:43:28.888] [console] [warning] commWarning||998269-Rlkbf-sDncE-G7h2A-1ib1h (1)[operating]::unknown route and no broker, dropping message pub:From (131073) handle(1) size 246 at 272 to 131072
[2024-04-10 17:43:39.539] [console] [warning] commWarning||998269-Rlkbf-sDncE-G7h2A-1ib1h (1)[operating]::unknown route and no broker, dropping message pub:From (131073) handle(1) size 244 at 273 to 131072
[2024-04-10 17:43:50.195] [console] [warning] commWarning||998269-Rlkbf-sDncE-G7h2A-1ib1h (1)[operating]::unknown route and no broker, dropping message pub:From (131073) handle(1) size 246 at 274 to 131072
[2024-04-10 17:44:00.847] [console] [warning] commWarning||998269-Rlkbf-sDncE-G7h2A-1ib1h (1)[operating]::unknown route and no broker, dropping message pub:From (131073) handle(1) size 244 at 275 to 131072
[2024-04-10 17:44:11.497] [console] [warning] commWarning||998269-Rlkbf-sDncE-G7h2A-1ib1h (1)[operating]::unknown route and no broker, dropping message pub:From (131073) handle(1) size 246 at 276 to 131072
[2024-04-10 17:44:17.498] [console] [info] 998269-Rlkbf-sDncE-G7h2A-1ib1h (1)[operating]:: broker tick
[2024-04-10 17:44:22.149] [console] [warning] commWarning||998269-Rlkbf-sDncE-G7h2A-1ib1h (1)[operating]::unknown route and no broker, dropping message pub:From (131073) handle(1) size 244 at 277 to 131072
[2024-04-10 17:44:27.498] [console] [info] 998269-Rlkbf-sDncE-G7h2A-1ib1h (1)[operating]:: broker tick
[2024-04-10 17:44:32.801] [console] [warning] commWarning||998269-Rlkbf-sDncE-G7h2A-1ib1h (1)[operating]::unknown route and no broker, dropping message pub:From (131073) handle(1) size 246 at 278 to 131072
[2024-04-10 17:44:43.451] [console] [warning] commWarning||998269-Rlkbf-sDncE-G7h2A-1ib1h (1)[operating]::unknown route and no broker, dropping message pub:From (131073) handle(1) size 244 at 279 to 131072
[2024-04-10 17:44:54.104] [console] [warning] commWarning||998269-Rlkbf-sDncE-G7h2A-1ib1h (1)[operating]::unknown route and no broker, dropping message pub:From (131073) handle(1) size 246 at 280 to 131072
[2024-04-10 17:45:04.757] [console] [warning] commWarning||998269-Rlkbf-sDncE-G7h2A-1ib1h (1)[operating]::unknown route and no broker, dropping message pub:From (131073) handle(1) size 244 at 281 to 131072
[2024-04-10 17:45:15.424] [console] [warning] commWarning||998269-Rlkbf-sDncE-G7h2A-1ib1h (1)[operating]::unknown route and no broker, dropping message pub:From (131073) handle(1) size 246 at 282 to 131072
[2024-04-10 17:45:26.089] [console] [warning] commWarning||998269-Rlkbf-sDncE-G7h2A-1ib1h (1)[operating]::unknown route and no broker, dropping message pub:From (131073) handle(1) size 244 at 283 to 131072
[2024-04-10 17:45:36.753] [console] [warning] commWarning||998269-Rlkbf-sDncE-G7h2A-1ib1h (1)[operating]::unknown route and no broker, dropping message pub:From (131073) handle(1) size 246 at 284 to 131072
[2024-04-10 17:45:42.501] [console] [info] 998269-Rlkbf-sDncE-G7h2A-1ib1h (1)[operating]:: broker tick
[2024-04-10 17:45:47.418] [console] [warning] commWarning||998269-Rlkbf-sDncE-G7h2A-1ib1h (1)[operating]::unknown route and no broker, dropping message pub:From (131073) handle(1) size 244 at 285 to 131072
[2024-04-10 17:45:52.501] [console] [info] 998269-Rlkbf-sDncE-G7h2A-1ib1h (1)[operating]:: broker tick
[2024-04-10 17:45:58.087] [console] [warning] commWarning||998269-Rlkbf-sDncE-G7h2A-1ib1h (1)[operating]::unknown route and no broker, dropping message pub:From (131073) handle(1) size 246 at 286 to 131072
[2024-04-10 17:46:08.751] [console] [warning] commWarning||998269-Rlkbf-sDncE-G7h2A-1ib1h (1)[operating]::unknown route and no broker, dropping message pub:From (131073) handle(1) size 244 at 287 to 131072
[2024-04-10 17:46:19.423] [console] [warning] commWarning||998269-Rlkbf-sDncE-G7h2A-1ib1h (1)[operating]::unknown route and no broker, dropping message pub:From (131073) handle(1) size 246 at 288 to 131072
[2024-04-10 17:46:30.086] [console] [warning] commWarning||998269-Rlkbf-sDncE-G7h2A-1ib1h (1)[operating]::unknown route and no broker, dropping message pub:From (131073) handle(1) size 244 at 289 to 131072
[2024-04-10 17:46:40.753] [console] [warning] commWarning||998269-Rlkbf-sDncE-G7h2A-1ib1h (1)[operating]::unknown route and no broker, dropping message pub:From (131073) handle(1) size 246 at 290 to 131072
[2024-04-10 17:46:51.423] [console] [warning] commWarning||998269-Rlkbf-sDncE-G7h2A-1ib1h (1)[operating]::unknown route and no broker, dropping message pub:From (131073) handle(1) size 244 at 291 to 131072
[2024-04-10 17:46:57.503] [console] [info] 998269-Rlkbf-sDncE-G7h2A-1ib1h (1)[operating]:: broker tick
[2024-04-10 17:47:02.085] [console] [warning] commWarning||998269-Rlkbf-sDncE-G7h2A-1ib1h (1)[operating]::unknown route and no broker, dropping message pub:From (131073) handle(1) size 246 at 292 to 131072
[2024-04-10 17:47:07.503] [console] [info] 998269-Rlkbf-sDncE-G7h2A-1ib1h (1)[operating]:: broker tick
[2024-04-10 17:47:12.748] [console] [warning] commWarning||998269-Rlkbf-sDncE-G7h2A-1ib1h (1)[operating]::unknown route and no broker, dropping message pub:From (131073) handle(1) size 244 at 293 to 131072
[2024-04-10 17:47:23.411] [console] [warning] commWarning||998269-Rlkbf-sDncE-G7h2A-1ib1h (1)[operating]::unknown route and no broker, dropping message pub:From (131073) handle(1) size 246 at 294 to 131072
[2024-04-10 17:47:34.071] [console] [warning] commWarning||998269-Rlkbf-sDncE-G7h2A-1ib1h (1)[operating]::unknown route and no broker, dropping message pub:From (131073) handle(1) size 244 at 295 to 131072
[2024-04-10 17:47:44.735] [console] [warning] commWarning||998269-Rlkbf-sDncE-G7h2A-1ib1h (1)[operating]::unknown route and no broker, dropping message pub:From (131073) handle(1) size 246 at 296 to 131072
[2024-04-10 17:47:55.396] [console] [warning] commWarning||998269-Rlkbf-sDncE-G7h2A-1ib1h (1)[operating]::unknown route and no broker, dropping message pub:From (131073) handle(1) size 244 at 297 to 131072
[2024-04-10 17:48:06.066] [console] [warning] commWarning||998269-Rlkbf-sDncE-G7h2A-1ib1h (1)[operating]::unknown route and no broker, dropping message pub:From (131073) handle(1) size 246 at 298 to 131072
[2024-04-10 17:48:16.737] [console] [warning] commWarning||998269-Rlkbf-sDncE-G7h2A-1ib1h (1)[operating]::unknown route and no broker, dropping message pub:From (131073) handle(1) size 244 at 299 to 131072
[2024-04-10 17:48:22.506] [console] [info] 998269-Rlkbf-sDncE-G7h2A-1ib1h (1)[operating]:: broker tick
[2024-04-10 17:48:27.397] [console] [warning] commWarning||998269-Rlkbf-sDncE-G7h2A-1ib1h (1)[operating]::unknown route and no broker, dropping message pub:From (131073) handle(1) size 246 at 300 to 131072
[2024-04-10 17:48:32.506] [console] [info] 998269-Rlkbf-sDncE-G7h2A-1ib1h (1)[operating]:: broker tick
[2024-04-10 17:48:38.065] [console] [warning] commWarning||998269-Rlkbf-sDncE-G7h2A-1ib1h (1)[operating]::unknown route and no broker, dropping message pub:From (131073) handle(1) size 244 at 301 to 131072
[2024-04-10 17:48:48.710] [console] [warning] commWarning||998269-Rlkbf-sDncE-G7h2A-1ib1h (1)[operating]::unknown route and no broker, dropping message pub:From (131073) handle(1) size 246 at 302 to 131072
[2024-04-10 17:48:59.346] [console] [warning] commWarning||998269-Rlkbf-sDncE-G7h2A-1ib1h (1)[operating]::unknown route and no broker, dropping message pub:From (131073) handle(1) size 244 at 303 to 131072
[2024-04-10 17:49:09.983] [console] [warning] commWarning||998269-Rlkbf-sDncE-G7h2A-1ib1h (1)[operating]::unknown route and no broker, dropping message pub:From (131073) handle(1) size 246 at 304 to 131072
[2024-04-10 17:49:20.622] [console] [warning] commWarning||998269-Rlkbf-sDncE-G7h2A-1ib1h (1)[operating]::unknown route and no broker, dropping message pub:From (131073) handle(1) size 244 at 305 to 131072
[2024-04-10 17:49:31.260] [console] [warning] commWarning||998269-Rlkbf-sDncE-G7h2A-1ib1h (1)[operating]::unknown route and no broker, dropping message pub:From (131073) handle(1) size 246 at 306 to 131072
[2024-04-10 17:49:41.896] [console] [warning] commWarning||998269-Rlkbf-sDncE-G7h2A-1ib1h (1)[operating]::unknown route and no broker, dropping message pub:From (131073) handle(1) size 244 at 307 to 131072
[2024-04-10 17:49:47.508] [console] [info] 998269-Rlkbf-sDncE-G7h2A-1ib1h (1)[operating]:: broker tick
[2024-04-10 17:49:52.534] [console] [warning] commWarning||998269-Rlkbf-sDncE-G7h2A-1ib1h (1)[operating]::unknown route and no broker, dropping message pub:From (131073) handle(1) size 246 at 308 to 131072
[2024-04-10 17:50:03.174] [console] [warning] commWarning||998269-Rlkbf-sDncE-G7h2A-1ib1h (1)[operating]::unknown route and no broker, dropping message pub:From (131073) handle(1) size 244 at 309 to 131072
[2024-04-10 17:50:13.810] [console] [warning] commWarning||998269-Rlkbf-sDncE-G7h2A-1ib1h (1)[operating]::unknown route and no broker, dropping message pub:From (131073) handle(1) size 246 at 310 to 131072
[2024-04-10 17:50:24.457] [console] [warning] commWarning||998269-Rlkbf-sDncE-G7h2A-1ib1h (1)[operating]::unknown route and no broker, dropping message pub:From (131073) handle(1) size 244 at 311 to 131072
[2024-04-10 17:50:35.137] [console] [warning] commWarning||998269-Rlkbf-sDncE-G7h2A-1ib1h (1)[operating]::unknown route and no broker, dropping message pub:From (131073) handle(1) size 246 at 312 to 131072
[2024-04-10 17:50:45.803] [console] [warning] commWarning||998269-Rlkbf-sDncE-G7h2A-1ib1h (1)[operating]::unknown route and no broker, dropping message pub:From (131073) handle(1) size 244 at 313 to 131072
[2024-04-10 17:50:56.465] [console] [warning] commWarning||998269-Rlkbf-sDncE-G7h2A-1ib1h (1)[operating]::unknown route and no broker, dropping message pub:From (131073) handle(1) size 246 at 314 to 131072
[2024-04-10 17:51:02.511] [console] [info] 998269-Rlkbf-sDncE-G7h2A-1ib1h (1)[operating]:: broker tick
[2024-04-10 17:51:07.132] [console] [warning] commWarning||998269-Rlkbf-sDncE-G7h2A-1ib1h (1)[operating]::unknown route and no broker, dropping message pub:From (131073) handle(1) size 244 at 315 to 131072
[2024-04-10 17:51:12.511] [console] [info] 998269-Rlkbf-sDncE-G7h2A-1ib1h (1)[operating]:: broker tick
[2024-04-10 17:51:17.797] [console] [warning] commWarning||998269-Rlkbf-sDncE-G7h2A-1ib1h (1)[operating]::unknown route and no broker, dropping message pub:From (131073) handle(1) size 246 at 316 to 131072
[2024-04-10 17:51:28.462] [console] [warning] commWarning||998269-Rlkbf-sDncE-G7h2A-1ib1h (1)[operating]::unknown route and no broker, dropping message pub:From (131073) handle(1) size 244 at 317 to 131072
[2024-04-10 17:51:39.127] [console] [warning] commWarning||998269-Rlkbf-sDncE-G7h2A-1ib1h (1)[operating]::unknown route and no broker, dropping message pub:From (131073) handle(1) size 246 at 318 to 131072
[2024-04-10 17:51:49.787] [console] [warning] commWarning||998269-Rlkbf-sDncE-G7h2A-1ib1h (1)[operating]::unknown route and no broker, dropping message pub:From (131073) handle(1) size 244 at 319 to 131072
[2024-04-10 17:52:00.454] [console] [warning] commWarning||998269-Rlkbf-sDncE-G7h2A-1ib1h (1)[operating]::unknown route and no broker, dropping message pub:From (131073) handle(1) size 246 at 320 to 131072
[2024-04-10 17:52:11.122] [console] [warning] commWarning||998269-Rlkbf-sDncE-G7h2A-1ib1h (1)[operating]::unknown route and no broker, dropping message pub:From (131073) handle(1) size 244 at 321 to 131072
[2024-04-10 17:52:21.786] [console] [warning] commWarning||998269-Rlkbf-sDncE-G7h2A-1ib1h (1)[operating]::unknown route and no broker, dropping message pub:From (131073) handle(1) size 246 at 322 to 131072
[2024-04-10 17:52:27.513] [console] [info] 998269-Rlkbf-sDncE-G7h2A-1ib1h (1)[operating]:: broker tick
[2024-04-10 17:52:32.449] [console] [warning] commWarning||998269-Rlkbf-sDncE-G7h2A-1ib1h (1)[operating]::unknown route and no broker, dropping message pub:From (131073) handle(1) size 244 at 323 to 131072
[2024-04-10 17:52:37.514] [console] [info] 998269-Rlkbf-sDncE-G7h2A-1ib1h (1)[operating]:: broker tick
[2024-04-10 17:52:43.117] [console] [warning] commWarning||998269-Rlkbf-sDncE-G7h2A-1ib1h (1)[operating]::unknown route and no broker, dropping message pub:From (131073) handle(1) size 246 at 324 to 131072
[2024-04-10 17:52:53.781] [console] [warning] commWarning||998269-Rlkbf-sDncE-G7h2A-1ib1h (1)[operating]::unknown route and no broker, dropping message pub:From (131073) handle(1) size 244 at 325 to 131072
[2024-04-10 17:53:04.440] [console] [warning] commWarning||998269-Rlkbf-sDncE-G7h2A-1ib1h (1)[operating]::unknown route and no broker, dropping message pub:From (131073) handle(1) size 246 at 326 to 131072
[2024-04-10 17:53:15.106] [console] [warning] commWarning||998269-Rlkbf-sDncE-G7h2A-1ib1h (1)[operating]::unknown route and no broker, dropping message pub:From (131073) handle(1) size 244 at 327 to 131072
[2024-04-10 17:53:25.768] [console] [warning] commWarning||998269-Rlkbf-sDncE-G7h2A-1ib1h (1)[operating]::unknown route and no broker, dropping message pub:From (131073) handle(1) size 246 at 328 to 131072
[2024-04-10 17:53:36.433] [console] [warning] commWarning||998269-Rlkbf-sDncE-G7h2A-1ib1h (1)[operating]::unknown route and no broker, dropping message pub:From (131073) handle(1) size 244 at 329 to 131072
[2024-04-10 17:53:42.516] [console] [info] 998269-Rlkbf-sDncE-G7h2A-1ib1h (1)[operating]:: broker tick
[2024-04-10 17:53:47.091] [console] [warning] commWarning||998269-Rlkbf-sDncE-G7h2A-1ib1h (1)[operating]::unknown route and no broker, dropping message pub:From (131073) handle(1) size 246 at 330 to 131072
[2024-04-10 17:53:52.516] [console] [info] 998269-Rlkbf-sDncE-G7h2A-1ib1h (1)[operating]:: broker tick
[2024-04-10 17:53:57.758] [console] [warning] commWarning||998269-Rlkbf-sDncE-G7h2A-1ib1h (1)[operating]::unknown route and no broker, dropping message pub:From (131073) handle(1) size 244 at 331 to 131072
[2024-04-10 17:54:08.420] [console] [warning] commWarning||998269-Rlkbf-sDncE-G7h2A-1ib1h (1)[operating]::unknown route and no broker, dropping message pub:From (131073) handle(1) size 246 at 332 to 131072
[2024-04-10 17:54:19.090] [console] [warning] commWarning||998269-Rlkbf-sDncE-G7h2A-1ib1h (1)[operating]::unknown route and no broker, dropping message pub:From (131073) handle(1) size 244 at 333 to 131072
[2024-04-10 17:54:29.756] [console] [warning] commWarning||998269-Rlkbf-sDncE-G7h2A-1ib1h (1)[operating]::unknown route and no broker, dropping message pub:From (131073) handle(1) size 246 at 334 to 131072
slurmstepd: error: *** JOB 3403254 ON x1000c0s0b0n0 CANCELLED AT 2024-04-10T17:54:33 DUE TO TIME LIMIT ***
