+ spack-start
+ spack env activate -p -d /home/ahenry/toolboxes/whoc_env
Starting AMR-Wind job at:  Wed Apr 10 11:35:57 MDT 2024
[2024-04-10 11:35:58.103] [console] [info] 165788-kkLTq-zjLuK-4PSDa-ME5TB (0)[connecting]::connecting
[2024-04-10 11:35:58.106] [console] [info] 165788-kkLTq-zjLuK-4PSDa-ME5TB::Broker 165788-kkLTq-zjLuK-4PSDa-ME5TB connected on tcp://127.0.0.1:32000
[2024-04-10 11:36:00.604] [console] [info] 165788-kkLTq-zjLuK-4PSDa-ME5TB (1)[connected]::registering broker 0_hercules(1879048192) on route 1
[2024-04-10 11:36:00.705] [console] [info] 165788-kkLTq-zjLuK-4PSDa-ME5TB (1)[connected]::registering federate 0_hercules(131072) on route 1
[2024-04-10 11:36:00.755] [console] [info] 165788-kkLTq-zjLuK-4PSDa-ME5TB (1)[connected]::registering broker Test receiver Federate_core_jev1CP(1879048193) on route 2
[2024-04-10 11:36:00.856] [console] [info] 165788-kkLTq-zjLuK-4PSDa-ME5TB (1)[connected]::registering federate Test receiver Federate(131073) on route 2
[2024-04-10 11:36:00.856] [console] [debug] root (1)[connected]::entering initialization mode
[2024-04-10 11:36:00.857] [console] [info] root (1)[connected]::{
   "attributes" : 
   {
      "id" : 1,
      "name" : "165788-kkLTq-zjLuK-4PSDa-ME5TB",
      "parent" : 0
   },
   "summary" : 
   {
      "allowed_brokers" : [ 0, 2147483647 ],
      "allowed_federates" : [ 2, 2147483647 ],
      "brokers" : 0,
      "cores" : 2,
      "countable_federates" : 2,
      "endpoints" : 0,
      "federates" : 2,
      "filters" : 0,
      "inputs" : 0,
      "publications" : 2,
      "translators" : 0
   }
}
[2024-04-10 11:36:08.104] [console] [info] 165788-kkLTq-zjLuK-4PSDa-ME5TB (1)[operating]:: broker tick
[2024-04-10 11:36:12.639] [console] [info] 165788-kkLTq-zjLuK-4PSDa-ME5TB::got disconnect from Test receiver Federate_core_jev1CP(1879048193)
[2024-04-10 11:36:12.641] [console] [warning] commWarning||165788-kkLTq-zjLuK-4PSDa-ME5TB (1)[operating]::unknown route and no broker, dropping message pub:From (131072) handle(0) size 630 at 0.5 to 131073
[2024-04-10 11:36:12.644] [console] [warning] commWarning||165788-kkLTq-zjLuK-4PSDa-ME5TB (1)[operating]::unknown route and no broker, dropping message pub:From (131072) handle(0) size 605 at 1 to 131073
[2024-04-10 11:36:12.646] [console] [warning] commWarning||165788-kkLTq-zjLuK-4PSDa-ME5TB (1)[operating]::unknown route and no broker, dropping message pub:From (131072) handle(0) size 630 at 1.5 to 131073
[2024-04-10 11:36:12.648] [console] [warning] commWarning||165788-kkLTq-zjLuK-4PSDa-ME5TB (1)[operating]::unknown route and no broker, dropping message pub:From (131072) handle(0) size 605 at 2 to 131073
[2024-04-10 11:36:12.649] [console] [warning] commWarning||165788-kkLTq-zjLuK-4PSDa-ME5TB (1)[operating]::unknown route and no broker, dropping message pub:From (131072) handle(0) size 630 at 2.5 to 131073
[2024-04-10 11:36:12.651] [console] [warning] commWarning||165788-kkLTq-zjLuK-4PSDa-ME5TB (1)[operating]::unknown route and no broker, dropping message pub:From (131072) handle(0) size 605 at 3 to 131073
[2024-04-10 11:36:12.652] [console] [warning] commWarning||165788-kkLTq-zjLuK-4PSDa-ME5TB (1)[operating]::unknown route and no broker, dropping message pub:From (131072) handle(0) size 630 at 3.5 to 131073
[2024-04-10 11:36:12.654] [console] [warning] commWarning||165788-kkLTq-zjLuK-4PSDa-ME5TB (1)[operating]::unknown route and no broker, dropping message pub:From (131072) handle(0) size 605 at 4 to 131073
[2024-04-10 11:36:12.656] [console] [warning] commWarning||165788-kkLTq-zjLuK-4PSDa-ME5TB (1)[operating]::unknown route and no broker, dropping message pub:From (131072) handle(0) size 630 at 4.5 to 131073
[2024-04-10 11:36:12.657] [console] [warning] commWarning||165788-kkLTq-zjLuK-4PSDa-ME5TB (1)[operating]::unknown route and no broker, dropping message pub:From (131072) handle(0) size 605 at 5 to 131073
[2024-04-10 11:36:12.659] [console] [warning] commWarning||165788-kkLTq-zjLuK-4PSDa-ME5TB (1)[operating]::unknown route and no broker, dropping message pub:From (131072) handle(0) size 630 at 5.5 to 131073
[2024-04-10 11:36:12.660] [console] [warning] commWarning||165788-kkLTq-zjLuK-4PSDa-ME5TB (1)[operating]::unknown route and no broker, dropping message pub:From (131072) handle(0) size 605 at 6 to 131073
[2024-04-10 11:36:12.662] [console] [warning] commWarning||165788-kkLTq-zjLuK-4PSDa-ME5TB (1)[operating]::unknown route and no broker, dropping message pub:From (131072) handle(0) size 630 at 6.5 to 131073
[2024-04-10 11:36:12.664] [console] [warning] commWarning||165788-kkLTq-zjLuK-4PSDa-ME5TB (1)[operating]::unknown route and no broker, dropping message pub:From (131072) handle(0) size 605 at 7 to 131073
[2024-04-10 11:36:12.665] [console] [warning] commWarning||165788-kkLTq-zjLuK-4PSDa-ME5TB (1)[operating]::unknown route and no broker, dropping message pub:From (131072) handle(0) size 630 at 7.5 to 131073
[2024-04-10 11:36:12.673] [console] [warning] commWarning||165788-kkLTq-zjLuK-4PSDa-ME5TB (1)[operating]::unknown route and no broker, dropping message pub:From (131072) handle(0) size 605 at 8 to 131073
[2024-04-10 11:36:12.674] [console] [warning] commWarning||165788-kkLTq-zjLuK-4PSDa-ME5TB (1)[operating]::unknown route and no broker, dropping message pub:From (131072) handle(0) size 630 at 8.5 to 131073
[2024-04-10 11:36:12.676] [console] [warning] commWarning||165788-kkLTq-zjLuK-4PSDa-ME5TB (1)[operating]::unknown route and no broker, dropping message pub:From (131072) handle(0) size 605 at 9 to 131073
[2024-04-10 11:36:12.682] [console] [warning] commWarning||165788-kkLTq-zjLuK-4PSDa-ME5TB (1)[operating]::unknown route and no broker, dropping message pub:From (131072) handle(0) size 630 at 9.5 to 131073
[2024-04-10 11:36:12.683] [console] [warning] commWarning||165788-kkLTq-zjLuK-4PSDa-ME5TB (1)[operating]::unknown route and no broker, dropping message pub:From (131072) handle(0) size 607 at 10 to 131073
[2024-04-10 11:36:12.685] [console] [warning] commWarning||165788-kkLTq-zjLuK-4PSDa-ME5TB (1)[operating]::unknown route and no broker, dropping message pub:From (131072) handle(0) size 632 at 10.5 to 131073
[2024-04-10 11:36:12.686] [console] [warning] commWarning||165788-kkLTq-zjLuK-4PSDa-ME5TB (1)[operating]::unknown route and no broker, dropping message pub:From (131072) handle(0) size 607 at 11 to 131073
[2024-04-10 11:36:12.688] [console] [warning] commWarning||165788-kkLTq-zjLuK-4PSDa-ME5TB (1)[operating]::unknown route and no broker, dropping message pub:From (131072) handle(0) size 632 at 11.5 to 131073
[2024-04-10 11:36:12.689] [console] [warning] commWarning||165788-kkLTq-zjLuK-4PSDa-ME5TB (1)[operating]::unknown route and no broker, dropping message pub:From (131072) handle(0) size 607 at 12 to 131073
[2024-04-10 11:36:12.691] [console] [warning] commWarning||165788-kkLTq-zjLuK-4PSDa-ME5TB (1)[operating]::unknown route and no broker, dropping message pub:From (131072) handle(0) size 632 at 12.5 to 131073
[2024-04-10 11:36:12.693] [console] [warning] commWarning||165788-kkLTq-zjLuK-4PSDa-ME5TB (1)[operating]::unknown route and no broker, dropping message pub:From (131072) handle(0) size 607 at 13 to 131073
[2024-04-10 11:36:12.694] [console] [warning] commWarning||165788-kkLTq-zjLuK-4PSDa-ME5TB (1)[operating]::unknown route and no broker, dropping message pub:From (131072) handle(0) size 632 at 13.5 to 131073
[2024-04-10 11:36:12.696] [console] [warning] commWarning||165788-kkLTq-zjLuK-4PSDa-ME5TB (1)[operating]::unknown route and no broker, dropping message pub:From (131072) handle(0) size 607 at 14 to 131073
[2024-04-10 11:36:12.697] [console] [warning] commWarning||165788-kkLTq-zjLuK-4PSDa-ME5TB (1)[operating]::unknown route and no broker, dropping message pub:From (131072) handle(0) size 632 at 14.5 to 131073
[2024-04-10 11:36:12.699] [console] [warning] commWarning||165788-kkLTq-zjLuK-4PSDa-ME5TB (1)[operating]::unknown route and no broker, dropping message pub:From (131072) handle(0) size 607 at 15 to 131073
[2024-04-10 11:36:12.701] [console] [warning] commWarning||165788-kkLTq-zjLuK-4PSDa-ME5TB (1)[operating]::unknown route and no broker, dropping message pub:From (131072) handle(0) size 632 at 15.5 to 131073
[2024-04-10 11:36:12.702] [console] [warning] commWarning||165788-kkLTq-zjLuK-4PSDa-ME5TB (1)[operating]::unknown route and no broker, dropping message pub:From (131072) handle(0) size 607 at 16 to 131073
[2024-04-10 11:36:12.704] [console] [warning] commWarning||165788-kkLTq-zjLuK-4PSDa-ME5TB (1)[operating]::unknown route and no broker, dropping message pub:From (131072) handle(0) size 632 at 16.5 to 131073
[2024-04-10 11:36:12.705] [console] [warning] commWarning||165788-kkLTq-zjLuK-4PSDa-ME5TB (1)[operating]::unknown route and no broker, dropping message pub:From (131072) handle(0) size 607 at 17 to 131073
[2024-04-10 11:36:12.707] [console] [warning] commWarning||165788-kkLTq-zjLuK-4PSDa-ME5TB (1)[operating]::unknown route and no broker, dropping message pub:From (131072) handle(0) size 632 at 17.5 to 131073
[2024-04-10 11:36:12.708] [console] [warning] commWarning||165788-kkLTq-zjLuK-4PSDa-ME5TB (1)[operating]::unknown route and no broker, dropping message pub:From (131072) handle(0) size 607 at 18 to 131073
[2024-04-10 11:36:12.710] [console] [warning] commWarning||165788-kkLTq-zjLuK-4PSDa-ME5TB (1)[operating]::unknown route and no broker, dropping message pub:From (131072) handle(0) size 632 at 18.5 to 131073
[2024-04-10 11:36:12.711] [console] [warning] commWarning||165788-kkLTq-zjLuK-4PSDa-ME5TB (1)[operating]::unknown route and no broker, dropping message pub:From (131072) handle(0) size 607 at 19 to 131073
[2024-04-10 11:36:12.713] [console] [warning] commWarning||165788-kkLTq-zjLuK-4PSDa-ME5TB (1)[operating]::unknown route and no broker, dropping message pub:From (131072) handle(0) size 632 at 19.5 to 131073
[2024-04-10 11:36:12.714] [console] [warning] commWarning||165788-kkLTq-zjLuK-4PSDa-ME5TB (1)[operating]::unknown route and no broker, dropping message pub:From (131072) handle(0) size 607 at 20 to 131073
[2024-04-10 11:36:12.716] [console] [warning] commWarning||165788-kkLTq-zjLuK-4PSDa-ME5TB (1)[operating]::unknown route and no broker, dropping message pub:From (131072) handle(0) size 632 at 20.5 to 131073
[2024-04-10 11:36:12.717] [console] [warning] commWarning||165788-kkLTq-zjLuK-4PSDa-ME5TB (1)[operating]::unknown route and no broker, dropping message pub:From (131072) handle(0) size 607 at 21 to 131073
[2024-04-10 11:36:12.719] [console] [warning] commWarning||165788-kkLTq-zjLuK-4PSDa-ME5TB (1)[operating]::unknown route and no broker, dropping message pub:From (131072) handle(0) size 632 at 21.5 to 131073
[2024-04-10 11:36:12.720] [console] [warning] commWarning||165788-kkLTq-zjLuK-4PSDa-ME5TB (1)[operating]::unknown route and no broker, dropping message pub:From (131072) handle(0) size 607 at 22 to 131073
[2024-04-10 11:36:12.722] [console] [warning] commWarning||165788-kkLTq-zjLuK-4PSDa-ME5TB (1)[operating]::unknown route and no broker, dropping message pub:From (131072) handle(0) size 632 at 22.5 to 131073
[2024-04-10 11:36:12.723] [console] [warning] commWarning||165788-kkLTq-zjLuK-4PSDa-ME5TB (1)[operating]::unknown route and no broker, dropping message pub:From (131072) handle(0) size 607 at 23 to 131073
[2024-04-10 11:36:12.725] [console] [warning] commWarning||165788-kkLTq-zjLuK-4PSDa-ME5TB (1)[operating]::unknown route and no broker, dropping message pub:From (131072) handle(0) size 632 at 23.5 to 131073
[2024-04-10 11:36:12.726] [console] [warning] commWarning||165788-kkLTq-zjLuK-4PSDa-ME5TB (1)[operating]::unknown route and no broker, dropping message pub:From (131072) handle(0) size 607 at 24 to 131073
[2024-04-10 11:36:12.728] [console] [warning] commWarning||165788-kkLTq-zjLuK-4PSDa-ME5TB (1)[operating]::unknown route and no broker, dropping message pub:From (131072) handle(0) size 632 at 24.5 to 131073
[2024-04-10 11:36:12.729] [console] [warning] commWarning||165788-kkLTq-zjLuK-4PSDa-ME5TB (1)[operating]::unknown route and no broker, dropping message pub:From (131072) handle(0) size 607 at 25 to 131073
[2024-04-10 11:36:12.731] [console] [warning] commWarning||165788-kkLTq-zjLuK-4PSDa-ME5TB (1)[operating]::unknown route and no broker, dropping message pub:From (131072) handle(0) size 632 at 25.5 to 131073
[2024-04-10 11:36:12.733] [console] [warning] commWarning||165788-kkLTq-zjLuK-4PSDa-ME5TB (1)[operating]::unknown route and no broker, dropping message pub:From (131072) handle(0) size 607 at 26 to 131073
[2024-04-10 11:36:12.734] [console] [warning] commWarning||165788-kkLTq-zjLuK-4PSDa-ME5TB (1)[operating]::unknown route and no broker, dropping message pub:From (131072) handle(0) size 632 at 26.5 to 131073
[2024-04-10 11:36:12.735] [console] [warning] commWarning||165788-kkLTq-zjLuK-4PSDa-ME5TB (1)[operating]::unknown route and no broker, dropping message pub:From (131072) handle(0) size 607 at 27 to 131073
[2024-04-10 11:36:12.737] [console] [warning] commWarning||165788-kkLTq-zjLuK-4PSDa-ME5TB (1)[operating]::unknown route and no broker, dropping message pub:From (131072) handle(0) size 632 at 27.5 to 131073
[2024-04-10 11:36:12.738] [console] [warning] commWarning||165788-kkLTq-zjLuK-4PSDa-ME5TB (1)[operating]::unknown route and no broker, dropping message pub:From (131072) handle(0) size 607 at 28 to 131073
[2024-04-10 11:36:12.740] [console] [warning] commWarning||165788-kkLTq-zjLuK-4PSDa-ME5TB (1)[operating]::unknown route and no broker, dropping message pub:From (131072) handle(0) size 632 at 28.5 to 131073
[2024-04-10 11:36:12.741] [console] [warning] commWarning||165788-kkLTq-zjLuK-4PSDa-ME5TB (1)[operating]::unknown route and no broker, dropping message pub:From (131072) handle(0) size 607 at 29 to 131073
[2024-04-10 11:36:12.743] [console] [warning] commWarning||165788-kkLTq-zjLuK-4PSDa-ME5TB (1)[operating]::unknown route and no broker, dropping message pub:From (131072) handle(0) size 632 at 29.5 to 131073
[2024-04-10 11:36:12.744] [console] [warning] commWarning||165788-kkLTq-zjLuK-4PSDa-ME5TB (1)[operating]::unknown route and no broker, dropping message pub:From (131072) handle(0) size 607 at 30 to 131073
[2024-04-10 11:36:12.746] [console] [warning] commWarning||165788-kkLTq-zjLuK-4PSDa-ME5TB (1)[operating]::unknown route and no broker, dropping message pub:From (131072) handle(0) size 632 at 30.5 to 131073
[2024-04-10 11:36:12.747] [console] [warning] commWarning||165788-kkLTq-zjLuK-4PSDa-ME5TB (1)[operating]::unknown route and no broker, dropping message pub:From (131072) handle(0) size 607 at 31 to 131073
[2024-04-10 11:36:12.748] [console] [warning] commWarning||165788-kkLTq-zjLuK-4PSDa-ME5TB (1)[operating]::unknown route and no broker, dropping message pub:From (131072) handle(0) size 632 at 31.5 to 131073
[2024-04-10 11:36:12.750] [console] [warning] commWarning||165788-kkLTq-zjLuK-4PSDa-ME5TB (1)[operating]::unknown route and no broker, dropping message pub:From (131072) handle(0) size 607 at 32 to 131073
[2024-04-10 11:36:12.751] [console] [warning] commWarning||165788-kkLTq-zjLuK-4PSDa-ME5TB (1)[operating]::unknown route and no broker, dropping message pub:From (131072) handle(0) size 632 at 32.5 to 131073
[2024-04-10 11:36:12.753] [console] [warning] commWarning||165788-kkLTq-zjLuK-4PSDa-ME5TB (1)[operating]::unknown route and no broker, dropping message pub:From (131072) handle(0) size 607 at 33 to 131073
[2024-04-10 11:36:12.754] [console] [warning] commWarning||165788-kkLTq-zjLuK-4PSDa-ME5TB (1)[operating]::unknown route and no broker, dropping message pub:From (131072) handle(0) size 632 at 33.5 to 131073
[2024-04-10 11:36:12.756] [console] [warning] commWarning||165788-kkLTq-zjLuK-4PSDa-ME5TB (1)[operating]::unknown route and no broker, dropping message pub:From (131072) handle(0) size 607 at 34 to 131073
[2024-04-10 11:36:12.757] [console] [warning] commWarning||165788-kkLTq-zjLuK-4PSDa-ME5TB (1)[operating]::unknown route and no broker, dropping message pub:From (131072) handle(0) size 632 at 34.5 to 131073
[2024-04-10 11:36:12.759] [console] [warning] commWarning||165788-kkLTq-zjLuK-4PSDa-ME5TB (1)[operating]::unknown route and no broker, dropping message pub:From (131072) handle(0) size 607 at 35 to 131073
[2024-04-10 11:36:12.760] [console] [warning] commWarning||165788-kkLTq-zjLuK-4PSDa-ME5TB (1)[operating]::unknown route and no broker, dropping message pub:From (131072) handle(0) size 632 at 35.5 to 131073
[2024-04-10 11:36:12.762] [console] [warning] commWarning||165788-kkLTq-zjLuK-4PSDa-ME5TB (1)[operating]::unknown route and no broker, dropping message pub:From (131072) handle(0) size 607 at 36 to 131073
[2024-04-10 11:36:12.763] [console] [warning] commWarning||165788-kkLTq-zjLuK-4PSDa-ME5TB (1)[operating]::unknown route and no broker, dropping message pub:From (131072) handle(0) size 632 at 36.5 to 131073
[2024-04-10 11:36:12.765] [console] [warning] commWarning||165788-kkLTq-zjLuK-4PSDa-ME5TB (1)[operating]::unknown route and no broker, dropping message pub:From (131072) handle(0) size 607 at 37 to 131073
[2024-04-10 11:36:12.766] [console] [warning] commWarning||165788-kkLTq-zjLuK-4PSDa-ME5TB (1)[operating]::unknown route and no broker, dropping message pub:From (131072) handle(0) size 632 at 37.5 to 131073
[2024-04-10 11:36:12.768] [console] [warning] commWarning||165788-kkLTq-zjLuK-4PSDa-ME5TB (1)[operating]::unknown route and no broker, dropping message pub:From (131072) handle(0) size 607 at 38 to 131073
[2024-04-10 11:36:12.769] [console] [warning] commWarning||165788-kkLTq-zjLuK-4PSDa-ME5TB (1)[operating]::unknown route and no broker, dropping message pub:From (131072) handle(0) size 632 at 38.5 to 131073
[2024-04-10 11:36:12.771] [console] [warning] commWarning||165788-kkLTq-zjLuK-4PSDa-ME5TB (1)[operating]::unknown route and no broker, dropping message pub:From (131072) handle(0) size 607 at 39 to 131073
[2024-04-10 11:36:12.772] [console] [warning] commWarning||165788-kkLTq-zjLuK-4PSDa-ME5TB (1)[operating]::unknown route and no broker, dropping message pub:From (131072) handle(0) size 632 at 39.5 to 131073
[2024-04-10 11:36:12.774] [console] [warning] commWarning||165788-kkLTq-zjLuK-4PSDa-ME5TB (1)[operating]::unknown route and no broker, dropping message pub:From (131072) handle(0) size 607 at 40 to 131073
[2024-04-10 11:36:12.775] [console] [warning] commWarning||165788-kkLTq-zjLuK-4PSDa-ME5TB (1)[operating]::unknown route and no broker, dropping message pub:From (131072) handle(0) size 632 at 40.5 to 131073
[2024-04-10 11:36:12.777] [console] [warning] commWarning||165788-kkLTq-zjLuK-4PSDa-ME5TB (1)[operating]::unknown route and no broker, dropping message pub:From (131072) handle(0) size 607 at 41 to 131073
[2024-04-10 11:36:12.779] [console] [warning] commWarning||165788-kkLTq-zjLuK-4PSDa-ME5TB (1)[operating]::unknown route and no broker, dropping message pub:From (131072) handle(0) size 632 at 41.5 to 131073
[2024-04-10 11:36:12.780] [console] [warning] commWarning||165788-kkLTq-zjLuK-4PSDa-ME5TB (1)[operating]::unknown route and no broker, dropping message pub:From (131072) handle(0) size 607 at 42 to 131073
[2024-04-10 11:36:12.782] [console] [warning] commWarning||165788-kkLTq-zjLuK-4PSDa-ME5TB (1)[operating]::unknown route and no broker, dropping message pub:From (131072) handle(0) size 632 at 42.5 to 131073
[2024-04-10 11:36:12.783] [console] [warning] commWarning||165788-kkLTq-zjLuK-4PSDa-ME5TB (1)[operating]::unknown route and no broker, dropping message pub:From (131072) handle(0) size 607 at 43 to 131073
[2024-04-10 11:36:12.785] [console] [warning] commWarning||165788-kkLTq-zjLuK-4PSDa-ME5TB (1)[operating]::unknown route and no broker, dropping message pub:From (131072) handle(0) size 632 at 43.5 to 131073
[2024-04-10 11:36:12.786] [console] [warning] commWarning||165788-kkLTq-zjLuK-4PSDa-ME5TB (1)[operating]::unknown route and no broker, dropping message pub:From (131072) handle(0) size 607 at 44 to 131073
[2024-04-10 11:36:12.788] [console] [warning] commWarning||165788-kkLTq-zjLuK-4PSDa-ME5TB (1)[operating]::unknown route and no broker, dropping message pub:From (131072) handle(0) size 632 at 44.5 to 131073
[2024-04-10 11:36:12.789] [console] [warning] commWarning||165788-kkLTq-zjLuK-4PSDa-ME5TB (1)[operating]::unknown route and no broker, dropping message pub:From (131072) handle(0) size 607 at 45 to 131073
[2024-04-10 11:36:12.790] [console] [warning] commWarning||165788-kkLTq-zjLuK-4PSDa-ME5TB (1)[operating]::unknown route and no broker, dropping message pub:From (131072) handle(0) size 632 at 45.5 to 131073
[2024-04-10 11:36:12.792] [console] [warning] commWarning||165788-kkLTq-zjLuK-4PSDa-ME5TB (1)[operating]::unknown route and no broker, dropping message pub:From (131072) handle(0) size 607 at 46 to 131073
[2024-04-10 11:36:12.793] [console] [warning] commWarning||165788-kkLTq-zjLuK-4PSDa-ME5TB (1)[operating]::unknown route and no broker, dropping message pub:From (131072) handle(0) size 632 at 46.5 to 131073
[2024-04-10 11:36:12.795] [console] [warning] commWarning||165788-kkLTq-zjLuK-4PSDa-ME5TB (1)[operating]::unknown route and no broker, dropping message pub:From (131072) handle(0) size 607 at 47 to 131073
[2024-04-10 11:36:12.796] [console] [warning] commWarning||165788-kkLTq-zjLuK-4PSDa-ME5TB (1)[operating]::unknown route and no broker, dropping message pub:From (131072) handle(0) size 632 at 47.5 to 131073
[2024-04-10 11:36:12.798] [console] [warning] commWarning||165788-kkLTq-zjLuK-4PSDa-ME5TB (1)[operating]::unknown route and no broker, dropping message pub:From (131072) handle(0) size 607 at 48 to 131073
[2024-04-10 11:36:12.799] [console] [warning] commWarning||165788-kkLTq-zjLuK-4PSDa-ME5TB (1)[operating]::unknown route and no broker, dropping message pub:From (131072) handle(0) size 632 at 48.5 to 131073
[2024-04-10 11:36:12.800] [console] [warning] commWarning||165788-kkLTq-zjLuK-4PSDa-ME5TB (1)[operating]::unknown route and no broker, dropping message pub:From (131072) handle(0) size 607 at 49 to 131073
[2024-04-10 11:36:12.802] [console] [warning] commWarning||165788-kkLTq-zjLuK-4PSDa-ME5TB (1)[operating]::unknown route and no broker, dropping message pub:From (131072) handle(0) size 632 at 49.5 to 131073
[2024-04-10 11:36:12.803] [console] [warning] commWarning||165788-kkLTq-zjLuK-4PSDa-ME5TB (1)[operating]::unknown route and no broker, dropping message pub:From (131072) handle(0) size 607 at 50 to 131073
[2024-04-10 11:36:12.805] [console] [warning] commWarning||165788-kkLTq-zjLuK-4PSDa-ME5TB (1)[operating]::unknown route and no broker, dropping message pub:From (131072) handle(0) size 632 at 50.5 to 131073
[2024-04-10 11:36:12.806] [console] [warning] commWarning||165788-kkLTq-zjLuK-4PSDa-ME5TB (1)[operating]::unknown route and no broker, dropping message pub:From (131072) handle(0) size 607 at 51 to 131073
[2024-04-10 11:36:12.807] [console] [warning] commWarning||165788-kkLTq-zjLuK-4PSDa-ME5TB (1)[operating]::unknown route and no broker, dropping message pub:From (131072) handle(0) size 632 at 51.5 to 131073
[2024-04-10 11:36:12.809] [console] [warning] commWarning||165788-kkLTq-zjLuK-4PSDa-ME5TB (1)[operating]::unknown route and no broker, dropping message pub:From (131072) handle(0) size 607 at 52 to 131073
[2024-04-10 11:36:12.811] [console] [warning] commWarning||165788-kkLTq-zjLuK-4PSDa-ME5TB (1)[operating]::unknown route and no broker, dropping message pub:From (131072) handle(0) size 632 at 52.5 to 131073
[2024-04-10 11:36:12.812] [console] [warning] commWarning||165788-kkLTq-zjLuK-4PSDa-ME5TB (1)[operating]::unknown route and no broker, dropping message pub:From (131072) handle(0) size 607 at 53 to 131073
[2024-04-10 11:36:12.814] [console] [warning] commWarning||165788-kkLTq-zjLuK-4PSDa-ME5TB (1)[operating]::unknown route and no broker, dropping message pub:From (131072) handle(0) size 632 at 53.5 to 131073
[2024-04-10 11:36:12.815] [console] [warning] commWarning||165788-kkLTq-zjLuK-4PSDa-ME5TB (1)[operating]::unknown route and no broker, dropping message pub:From (131072) handle(0) size 607 at 54 to 131073
[2024-04-10 11:36:12.816] [console] [warning] commWarning||165788-kkLTq-zjLuK-4PSDa-ME5TB (1)[operating]::unknown route and no broker, dropping message pub:From (131072) handle(0) size 632 at 54.5 to 131073
[2024-04-10 11:36:12.818] [console] [warning] commWarning||165788-kkLTq-zjLuK-4PSDa-ME5TB (1)[operating]::unknown route and no broker, dropping message pub:From (131072) handle(0) size 607 at 55 to 131073
[2024-04-10 11:36:12.820] [console] [warning] commWarning||165788-kkLTq-zjLuK-4PSDa-ME5TB (1)[operating]::unknown route and no broker, dropping message pub:From (131072) handle(0) size 632 at 55.5 to 131073
[2024-04-10 11:36:12.821] [console] [warning] commWarning||165788-kkLTq-zjLuK-4PSDa-ME5TB (1)[operating]::unknown route and no broker, dropping message pub:From (131072) handle(0) size 607 at 56 to 131073
[2024-04-10 11:36:12.823] [console] [warning] commWarning||165788-kkLTq-zjLuK-4PSDa-ME5TB (1)[operating]::unknown route and no broker, dropping message pub:From (131072) handle(0) size 632 at 56.5 to 131073
Finished AMR-Wind job at:  Wed Apr 10 11:36:12 MDT 2024
[2024-04-10 11:36:12.824] [console] [warning] commWarning||165788-kkLTq-zjLuK-4PSDa-ME5TB (1)[operating]::unknown route and no broker, dropping message pub:From (131072) handle(0) size 607 at 57 to 131073
